2023-04-18 17:00:37,528 [1] INFO ArtistDBRepository - Creating ArtistDBRepository
2023-04-18 17:00:37,535 [1] INFO EmployeeDBRepository - Creating EmployeeDBRepository
2023-04-18 17:00:37,536 [1] INFO ShowDBRepository - Creating ShowDBRepository
2023-04-18 17:00:37,536 [1] INFO TicketDBRepository - Creating TicketDBRepository
2023-04-18 17:00:37,537 [1] INFO RpcConcurrentServer - RpcConcurrentServer created
2023-04-18 17:00:37,541 [1] INFO AbstractServer - Waiting for clients ...
2023-04-18 17:03:22,824 [1] INFO ArtistDBRepository - Creating ArtistDBRepository
2023-04-18 17:03:22,835 [1] INFO EmployeeDBRepository - Creating EmployeeDBRepository
2023-04-18 17:03:22,835 [1] INFO ShowDBRepository - Creating ShowDBRepository
2023-04-18 17:03:22,835 [1] INFO TicketDBRepository - Creating TicketDBRepository
2023-04-18 17:03:22,835 [1] INFO RpcConcurrentServer - RpcConcurrentServer created
2023-04-18 17:03:22,835 [1] INFO AbstractServer - Waiting for clients ...
2023-04-18 17:03:32,259 [1] INFO AbstractServer - Client connected ...
2023-04-18 17:03:32,260 [1] INFO AbstractServer - Waiting for clients ...
2023-04-18 17:03:32,263 [5] INFO ClientRpcReflectionWorker - method entered: handleLOGIN with parameters Request{type='LOGIN', data=' '}
2023-04-18 17:03:32,272 [5] INFO EmployeeDBRepository - find a employee by username and password
2023-04-18 17:03:32,327 [5] INFO EmployeeDBRepository - Marcu Ioan
2023-04-18 17:03:32,328 [5] INFO ClientRpcReflectionWorker - Employee logged in
2023-04-18 17:03:33,334 [5] INFO ClientRpcReflectionWorker - method entered: handleGET_ALL_SHOWS with parameters Request{type='GET_ALL_SHOWS', data=''}
2023-04-18 17:03:33,335 [5] INFO ShowDBRepository - finding all shows dto
2023-04-18 17:03:33,337 [5] INFO ClientRpcReflectionWorker - Shows found System.Collections.Generic.List`1[SeventhWeekCSharpServerClient.domain.ShowDTO`1[System.Int32]]
2023-04-18 17:03:47,087 [5] INFO ClientRpcReflectionWorker - method entered: handleGET_ALL_SHOWS with parameters Request{type='GET_ALL_SHOWS', data=''}
2023-04-18 17:03:47,087 [5] INFO ShowDBRepository - finding all shows dto
2023-04-18 17:03:47,088 [5] INFO ClientRpcReflectionWorker - Shows found System.Collections.Generic.List`1[SeventhWeekCSharpServerClient.domain.ShowDTO`1[System.Int32]]
2023-04-18 17:03:48,102 [5] INFO ClientRpcReflectionWorker - method entered: handleGET_ALL_SHOWS with parameters Request{type='GET_ALL_SHOWS', data=''}
2023-04-18 17:03:48,104 [5] INFO ShowDBRepository - finding all shows dto
2023-04-18 17:03:48,104 [5] INFO ClientRpcReflectionWorker - Shows found System.Collections.Generic.List`1[SeventhWeekCSharpServerClient.domain.ShowDTO`1[System.Int32]]
2023-04-18 17:03:50,945 [5] INFO ClientRpcReflectionWorker - method entered: handleGET_ALL_SHOWS with parameters Request{type='GET_ALL_SHOWS', data=''}
2023-04-18 17:03:50,946 [5] INFO ShowDBRepository - finding all shows dto
2023-04-18 17:03:50,947 [5] INFO ClientRpcReflectionWorker - Shows found System.Collections.Generic.List`1[SeventhWeekCSharpServerClient.domain.ShowDTO`1[System.Int32]]
2023-04-18 17:03:58,013 [5] INFO ClientRpcReflectionWorker - method entered: handleGET_ALL_SHOWS with parameters Request{type='GET_ALL_SHOWS', data=''}
2023-04-18 17:03:58,014 [5] INFO ShowDBRepository - finding all shows dto
2023-04-18 17:03:58,015 [5] INFO ClientRpcReflectionWorker - Shows found System.Collections.Generic.List`1[SeventhWeekCSharpServerClient.domain.ShowDTO`1[System.Int32]]
2023-04-18 17:04:00,297 [5] INFO ClientRpcReflectionWorker - method entered: handleLOGOUT with parameters Request{type='LOGOUT', data='Marcu Ioan'}
2023-04-18 17:04:00,300 [5] INFO ClientRpcReflectionWorker - User logged out
2023-04-18 17:09:25,297 [1] INFO ArtistDBRepository - Creating ArtistDBRepository
2023-04-18 17:09:25,304 [1] INFO EmployeeDBRepository - Creating EmployeeDBRepository
2023-04-18 17:09:25,304 [1] INFO ShowDBRepository - Creating ShowDBRepository
2023-04-18 17:09:25,305 [1] INFO TicketDBRepository - Creating TicketDBRepository
2023-04-18 17:09:25,306 [1] INFO RpcConcurrentServer - RpcConcurrentServer created
2023-04-18 17:09:25,309 [1] INFO AbstractServer - Waiting for clients ...
2023-04-18 17:10:05,118 [1] INFO ArtistDBRepository - Creating ArtistDBRepository
2023-04-18 17:10:05,125 [1] INFO EmployeeDBRepository - Creating EmployeeDBRepository
2023-04-18 17:10:05,125 [1] INFO ShowDBRepository - Creating ShowDBRepository
2023-04-18 17:10:05,126 [1] INFO TicketDBRepository - Creating TicketDBRepository
2023-04-18 17:10:05,127 [1] INFO RpcConcurrentServer - RpcConcurrentServer created
2023-04-18 17:10:05,130 [1] INFO AbstractServer - Waiting for clients ...
2023-04-18 17:11:17,314 [1] INFO ArtistDBRepository - Creating ArtistDBRepository
2023-04-18 17:11:17,321 [1] INFO EmployeeDBRepository - Creating EmployeeDBRepository
2023-04-18 17:11:17,321 [1] INFO ShowDBRepository - Creating ShowDBRepository
2023-04-18 17:11:17,322 [1] INFO TicketDBRepository - Creating TicketDBRepository
2023-04-18 17:11:17,323 [1] INFO RpcConcurrentServer - RpcConcurrentServer created
2023-04-18 17:11:17,327 [1] INFO AbstractServer - Waiting for clients ...
2023-04-18 17:13:54,766 [1] INFO ArtistDBRepository - Creating ArtistDBRepository
2023-04-18 17:13:54,773 [1] INFO EmployeeDBRepository - Creating EmployeeDBRepository
2023-04-18 17:13:54,775 [1] INFO ShowDBRepository - Creating ShowDBRepository
2023-04-18 17:13:54,775 [1] INFO TicketDBRepository - Creating TicketDBRepository
2023-04-18 17:13:54,776 [1] INFO RpcConcurrentServer - RpcConcurrentServer created
2023-04-18 17:13:54,780 [1] INFO AbstractServer - Waiting for clients ...
2023-04-18 17:15:13,019 [1] INFO ArtistDBRepository - Creating ArtistDBRepository
2023-04-18 17:15:13,027 [1] INFO EmployeeDBRepository - Creating EmployeeDBRepository
2023-04-18 17:15:13,027 [1] INFO ShowDBRepository - Creating ShowDBRepository
2023-04-18 17:15:13,028 [1] INFO TicketDBRepository - Creating TicketDBRepository
2023-04-18 17:15:13,029 [1] INFO RpcConcurrentServer - RpcConcurrentServer created
2023-04-18 17:15:13,033 [1] INFO AbstractServer - Waiting for clients ...
2023-04-18 17:17:18,492 [1] INFO ArtistDBRepository - Creating ArtistDBRepository
2023-04-18 17:17:18,500 [1] INFO EmployeeDBRepository - Creating EmployeeDBRepository
2023-04-18 17:17:18,501 [1] INFO ShowDBRepository - Creating ShowDBRepository
2023-04-18 17:17:18,501 [1] INFO TicketDBRepository - Creating TicketDBRepository
2023-04-18 17:17:18,502 [1] INFO RpcConcurrentServer - RpcConcurrentServer created
2023-04-18 17:17:18,505 [1] INFO AbstractServer - Waiting for clients ...
2023-04-18 17:20:05,385 [1] INFO ArtistDBRepository - Creating ArtistDBRepository
2023-04-18 17:20:05,393 [1] INFO EmployeeDBRepository - Creating EmployeeDBRepository
2023-04-18 17:20:05,393 [1] INFO ShowDBRepository - Creating ShowDBRepository
2023-04-18 17:20:05,394 [1] INFO TicketDBRepository - Creating TicketDBRepository
2023-04-18 17:20:05,394 [1] INFO RpcConcurrentServer - RpcConcurrentServer created
2023-04-18 17:20:05,397 [1] INFO AbstractServer - Waiting for clients ...
2023-04-18 17:20:12,542 [1] INFO AbstractServer - Client connected ...
2023-04-18 17:20:12,543 [1] INFO AbstractServer - Waiting for clients ...
2023-04-18 17:20:12,546 [5] INFO ClientRpcReflectionWorker - method entered: handleLOGIN with parameters Request{type='LOGIN', data=' '}
2023-04-18 17:20:12,555 [5] INFO EmployeeDBRepository - find a employee by username and password
2023-04-18 17:20:12,608 [5] INFO EmployeeDBRepository - Marcu Ioan
2023-04-18 17:20:12,610 [5] INFO ClientRpcReflectionWorker - Employee logged in
2023-04-18 17:20:13,628 [5] INFO ClientRpcReflectionWorker - method entered: handleGET_ALL_SHOWS with parameters Request{type='GET_ALL_SHOWS', data=''}
2023-04-18 17:20:13,629 [5] INFO ShowDBRepository - finding all shows dto
2023-04-18 17:20:13,630 [5] INFO ClientRpcReflectionWorker - Shows found System.Collections.Generic.List`1[SeventhWeekCSharpServerClient.domain.ShowDTO`1[System.Int32]]
2023-04-18 17:20:17,795 [5] INFO ClientRpcReflectionWorker - method entered: handleGET_ALL_SHOWS with parameters Request{type='GET_ALL_SHOWS', data=''}
2023-04-18 17:20:17,796 [5] INFO ShowDBRepository - finding all shows dto
2023-04-18 17:20:17,797 [5] INFO ClientRpcReflectionWorker - Shows found System.Collections.Generic.List`1[SeventhWeekCSharpServerClient.domain.ShowDTO`1[System.Int32]]
2023-04-18 17:20:18,815 [5] INFO ClientRpcReflectionWorker - method entered: handleGET_ALL_SHOWS with parameters Request{type='GET_ALL_SHOWS', data=''}
2023-04-18 17:20:18,815 [5] INFO ShowDBRepository - finding all shows dto
2023-04-18 17:20:18,816 [5] INFO ClientRpcReflectionWorker - Shows found System.Collections.Generic.List`1[SeventhWeekCSharpServerClient.domain.ShowDTO`1[System.Int32]]
2023-04-18 17:20:20,097 [5] INFO ClientRpcReflectionWorker - method entered: handleGET_ALL_SHOWS with parameters Request{type='GET_ALL_SHOWS', data=''}
2023-04-18 17:20:20,097 [5] INFO ShowDBRepository - finding all shows dto
2023-04-18 17:20:20,098 [5] INFO ClientRpcReflectionWorker - Shows found System.Collections.Generic.List`1[SeventhWeekCSharpServerClient.domain.ShowDTO`1[System.Int32]]
2023-04-18 17:20:21,415 [5] INFO ClientRpcReflectionWorker - method entered: handleLOGOUT with parameters Request{type='LOGOUT', data='Marcu Ioan'}
2023-04-18 17:20:21,416 [5] INFO ClientRpcReflectionWorker - User logged out
2023-04-18 17:24:37,695 [1] INFO ArtistDBRepository - Creating ArtistDBRepository
2023-04-18 17:24:37,702 [1] INFO EmployeeDBRepository - Creating EmployeeDBRepository
2023-04-18 17:24:37,703 [1] INFO ShowDBRepository - Creating ShowDBRepository
2023-04-18 17:24:37,703 [1] INFO TicketDBRepository - Creating TicketDBRepository
2023-04-18 17:24:37,704 [1] INFO RpcConcurrentServer - RpcConcurrentServer created
2023-04-18 17:24:37,708 [1] INFO AbstractServer - Waiting for clients ...
2023-04-18 17:24:45,209 [1] INFO AbstractServer - Client connected ...
2023-04-18 17:24:45,210 [1] INFO AbstractServer - Waiting for clients ...
2023-04-18 17:24:45,212 [5] INFO ClientRpcReflectionWorker - method entered: handleLOGIN with parameters Request{type='LOGIN', data=' '}
2023-04-18 17:24:45,222 [5] INFO EmployeeDBRepository - find a employee by username and password
2023-04-18 17:24:45,275 [5] INFO EmployeeDBRepository - Marcu Ioan
2023-04-18 17:24:45,277 [5] INFO ClientRpcReflectionWorker - Employee logged in
2023-04-18 17:24:46,286 [5] INFO ClientRpcReflectionWorker - method entered: handleGET_ALL_SHOWS with parameters Request{type='GET_ALL_SHOWS', data=''}
2023-04-18 17:24:46,287 [5] INFO ShowDBRepository - finding all shows dto
2023-04-18 17:24:46,289 [5] INFO ClientRpcReflectionWorker - Shows found System.Collections.Generic.List`1[SeventhWeekCSharpServerClient.domain.ShowDTO`1[System.Int32]]
2023-04-18 17:24:50,553 [5] INFO ClientRpcReflectionWorker - method entered: handleGET_ALL_SHOWS with parameters Request{type='GET_ALL_SHOWS', data=''}
2023-04-18 17:24:50,554 [5] INFO ShowDBRepository - finding all shows dto
2023-04-18 17:24:50,554 [5] INFO ClientRpcReflectionWorker - Shows found System.Collections.Generic.List`1[SeventhWeekCSharpServerClient.domain.ShowDTO`1[System.Int32]]
2023-04-18 17:24:51,563 [5] INFO ClientRpcReflectionWorker - method entered: handleGET_ALL_SHOWS with parameters Request{type='GET_ALL_SHOWS', data=''}
2023-04-18 17:24:51,564 [5] INFO ShowDBRepository - finding all shows dto
2023-04-18 17:24:51,565 [5] INFO ClientRpcReflectionWorker - Shows found System.Collections.Generic.List`1[SeventhWeekCSharpServerClient.domain.ShowDTO`1[System.Int32]]
2023-04-18 17:24:52,570 [5] INFO ClientRpcReflectionWorker - method entered: handleGET_ALL_SHOWS with parameters Request{type='GET_ALL_SHOWS', data=''}
2023-04-18 17:24:52,571 [5] INFO ShowDBRepository - finding all shows dto
2023-04-18 17:24:52,571 [5] INFO ClientRpcReflectionWorker - Shows found System.Collections.Generic.List`1[SeventhWeekCSharpServerClient.domain.ShowDTO`1[System.Int32]]
2023-04-18 17:24:53,582 [5] INFO ClientRpcReflectionWorker - method entered: handleGET_ALL_SHOWS with parameters Request{type='GET_ALL_SHOWS', data=''}
2023-04-18 17:24:53,583 [5] INFO ShowDBRepository - finding all shows dto
2023-04-18 17:24:53,585 [5] INFO ClientRpcReflectionWorker - Shows found System.Collections.Generic.List`1[SeventhWeekCSharpServerClient.domain.ShowDTO`1[System.Int32]]
2023-04-18 17:24:54,598 [5] INFO ClientRpcReflectionWorker - method entered: handleGET_ALL_SHOWS with parameters Request{type='GET_ALL_SHOWS', data=''}
2023-04-18 17:24:54,598 [5] INFO ShowDBRepository - finding all shows dto
2023-04-18 17:24:54,599 [5] INFO ClientRpcReflectionWorker - Shows found System.Collections.Generic.List`1[SeventhWeekCSharpServerClient.domain.ShowDTO`1[System.Int32]]
2023-04-18 17:24:55,608 [5] INFO ClientRpcReflectionWorker - method entered: handleGET_ALL_SHOWS with parameters Request{type='GET_ALL_SHOWS', data=''}
2023-04-18 17:24:55,609 [5] INFO ShowDBRepository - finding all shows dto
2023-04-18 17:24:55,610 [5] INFO ClientRpcReflectionWorker - Shows found System.Collections.Generic.List`1[SeventhWeekCSharpServerClient.domain.ShowDTO`1[System.Int32]]
2023-04-18 17:24:56,618 [5] INFO ClientRpcReflectionWorker - method entered: handleGET_ALL_SHOWS with parameters Request{type='GET_ALL_SHOWS', data=''}
2023-04-18 17:24:56,619 [5] INFO ShowDBRepository - finding all shows dto
2023-04-18 17:24:56,620 [5] INFO ClientRpcReflectionWorker - Shows found System.Collections.Generic.List`1[SeventhWeekCSharpServerClient.domain.ShowDTO`1[System.Int32]]
2023-04-18 17:24:57,628 [5] INFO ClientRpcReflectionWorker - method entered: handleGET_ALL_SHOWS with parameters Request{type='GET_ALL_SHOWS', data=''}
2023-04-18 17:24:57,629 [5] INFO ShowDBRepository - finding all shows dto
2023-04-18 17:24:57,629 [5] INFO ClientRpcReflectionWorker - Shows found System.Collections.Generic.List`1[SeventhWeekCSharpServerClient.domain.ShowDTO`1[System.Int32]]
2023-04-18 17:24:58,641 [5] INFO ClientRpcReflectionWorker - method entered: handleGET_ALL_SHOWS with parameters Request{type='GET_ALL_SHOWS', data=''}
2023-04-18 17:24:58,642 [5] INFO ShowDBRepository - finding all shows dto
2023-04-18 17:24:58,643 [5] INFO ClientRpcReflectionWorker - Shows found System.Collections.Generic.List`1[SeventhWeekCSharpServerClient.domain.ShowDTO`1[System.Int32]]
2023-04-18 17:24:59,654 [5] INFO ClientRpcReflectionWorker - method entered: handleGET_ALL_SHOWS with parameters Request{type='GET_ALL_SHOWS', data=''}
2023-04-18 17:24:59,655 [5] INFO ShowDBRepository - finding all shows dto
2023-04-18 17:24:59,656 [5] INFO ClientRpcReflectionWorker - Shows found System.Collections.Generic.List`1[SeventhWeekCSharpServerClient.domain.ShowDTO`1[System.Int32]]
2023-04-18 17:25:00,667 [5] INFO ClientRpcReflectionWorker - method entered: handleGET_ALL_SHOWS with parameters Request{type='GET_ALL_SHOWS', data=''}
2023-04-18 17:25:00,668 [5] INFO ShowDBRepository - finding all shows dto
2023-04-18 17:25:00,669 [5] INFO ClientRpcReflectionWorker - Shows found System.Collections.Generic.List`1[SeventhWeekCSharpServerClient.domain.ShowDTO`1[System.Int32]]
2023-04-18 17:25:01,679 [5] INFO ClientRpcReflectionWorker - method entered: handleGET_ALL_SHOWS with parameters Request{type='GET_ALL_SHOWS', data=''}
2023-04-18 17:25:01,681 [5] INFO ShowDBRepository - finding all shows dto
2023-04-18 17:25:01,681 [5] INFO ClientRpcReflectionWorker - Shows found System.Collections.Generic.List`1[SeventhWeekCSharpServerClient.domain.ShowDTO`1[System.Int32]]
2023-04-18 17:25:02,692 [5] INFO ClientRpcReflectionWorker - method entered: handleGET_ALL_SHOWS with parameters Request{type='GET_ALL_SHOWS', data=''}
2023-04-18 17:25:02,692 [5] INFO ShowDBRepository - finding all shows dto
2023-04-18 17:25:02,694 [5] INFO ClientRpcReflectionWorker - Shows found System.Collections.Generic.List`1[SeventhWeekCSharpServerClient.domain.ShowDTO`1[System.Int32]]
2023-04-18 17:25:03,704 [5] INFO ClientRpcReflectionWorker - method entered: handleGET_ALL_SHOWS with parameters Request{type='GET_ALL_SHOWS', data=''}
2023-04-18 17:25:03,705 [5] INFO ShowDBRepository - finding all shows dto
2023-04-18 17:25:03,705 [5] INFO ClientRpcReflectionWorker - Shows found System.Collections.Generic.List`1[SeventhWeekCSharpServerClient.domain.ShowDTO`1[System.Int32]]
2023-04-18 17:25:04,717 [5] INFO ClientRpcReflectionWorker - method entered: handleGET_ALL_SHOWS with parameters Request{type='GET_ALL_SHOWS', data=''}
2023-04-18 17:25:04,718 [5] INFO ShowDBRepository - finding all shows dto
2023-04-18 17:25:04,719 [5] INFO ClientRpcReflectionWorker - Shows found System.Collections.Generic.List`1[SeventhWeekCSharpServerClient.domain.ShowDTO`1[System.Int32]]
2023-04-18 17:25:05,731 [5] INFO ClientRpcReflectionWorker - method entered: handleGET_ALL_SHOWS with parameters Request{type='GET_ALL_SHOWS', data=''}
2023-04-18 17:25:05,732 [5] INFO ShowDBRepository - finding all shows dto
2023-04-18 17:25:05,732 [5] INFO ClientRpcReflectionWorker - Shows found System.Collections.Generic.List`1[SeventhWeekCSharpServerClient.domain.ShowDTO`1[System.Int32]]
2023-04-18 17:25:06,741 [5] INFO ClientRpcReflectionWorker - method entered: handleGET_ALL_SHOWS with parameters Request{type='GET_ALL_SHOWS', data=''}
2023-04-18 17:25:06,742 [5] INFO ShowDBRepository - finding all shows dto
2023-04-18 17:25:06,743 [5] INFO ClientRpcReflectionWorker - Shows found System.Collections.Generic.List`1[SeventhWeekCSharpServerClient.domain.ShowDTO`1[System.Int32]]
2023-04-18 17:25:07,759 [5] INFO ClientRpcReflectionWorker - method entered: handleGET_ALL_SHOWS with parameters Request{type='GET_ALL_SHOWS', data=''}
2023-04-18 17:25:07,759 [5] INFO ShowDBRepository - finding all shows dto
2023-04-18 17:25:07,761 [5] INFO ClientRpcReflectionWorker - Shows found System.Collections.Generic.List`1[SeventhWeekCSharpServerClient.domain.ShowDTO`1[System.Int32]]
2023-04-18 17:25:17,614 [1] INFO AbstractServer - Client connected ...
2023-04-18 17:25:17,616 [1] INFO AbstractServer - Waiting for clients ...
2023-04-18 17:25:17,617 [7] INFO ClientRpcReflectionWorker - method entered: handleLOGIN with parameters Request{type='LOGIN', data=' '}
2023-04-18 17:25:17,617 [7] INFO EmployeeDBRepository - find a employee by username and password
2023-04-18 17:25:17,617 [7] INFO EmployeeDBRepository - Marcu Ioan
2023-04-18 17:25:17,618 [7] ERROR ClientRpcReflectionWorker - Error in worker (solving method handleLOGIN): {0}
SeventhWeekCSharpServerClient.services.MyException: User already logged in.
   at SeventhWeekCSharpServerClient.server.ServicesImpl.AuthenticateEmployee(Employee`1 employee, IObserver employeeObserver) in C:\GIT\mpp-proiect-csharp-MartinFabianIonut\SeventhWeekCSharpServerClient\SeventhWeekCSharpServerClient\ServicesImpl.cs:line 42
   at SeventhWeekCSharpServerClient.networking.ClientRpcReflectionWorker.HandleLOGIN(Request request) in C:\GIT\mpp-proiect-csharp-MartinFabianIonut\SeventhWeekCSharpServerClient\networking\ClientRpcReflectionWorker.cs:line 119
2023-04-18 17:25:22,452 [1] INFO AbstractServer - Client connected ...
2023-04-18 17:25:22,453 [1] INFO AbstractServer - Waiting for clients ...
2023-04-18 17:25:22,453 [9] INFO ClientRpcReflectionWorker - method entered: handleLOGIN with parameters Request{type='LOGIN', data=' '}
2023-04-18 17:25:22,454 [9] INFO EmployeeDBRepository - find a employee by username and password
2023-04-18 17:25:22,454 [9] INFO EmployeeDBRepository - Andrei Deusu
2023-04-18 17:25:22,455 [9] INFO ClientRpcReflectionWorker - Employee logged in
2023-04-18 17:25:23,467 [9] INFO ClientRpcReflectionWorker - method entered: handleGET_ALL_SHOWS with parameters Request{type='GET_ALL_SHOWS', data=''}
2023-04-18 17:25:23,468 [9] INFO ShowDBRepository - finding all shows dto
2023-04-18 17:25:23,469 [9] INFO ClientRpcReflectionWorker - Shows found System.Collections.Generic.List`1[SeventhWeekCSharpServerClient.domain.ShowDTO`1[System.Int32]]
2023-04-18 17:25:26,208 [9] INFO ClientRpcReflectionWorker - method entered: handleGET_ALL_SHOWS with parameters Request{type='GET_ALL_SHOWS', data=''}
2023-04-18 17:25:26,208 [9] INFO ShowDBRepository - finding all shows dto
2023-04-18 17:25:26,209 [9] INFO ClientRpcReflectionWorker - Shows found System.Collections.Generic.List`1[SeventhWeekCSharpServerClient.domain.ShowDTO`1[System.Int32]]
2023-04-18 17:25:27,483 [9] INFO ClientRpcReflectionWorker - method entered: handleGET_ALL_SHOWS with parameters Request{type='GET_ALL_SHOWS', data=''}
2023-04-18 17:25:27,483 [9] INFO ShowDBRepository - finding all shows dto
2023-04-18 17:25:27,484 [9] INFO ClientRpcReflectionWorker - Shows found System.Collections.Generic.List`1[SeventhWeekCSharpServerClient.domain.ShowDTO`1[System.Int32]]
2023-04-18 17:25:29,133 [9] INFO ClientRpcReflectionWorker - method entered: handleGET_ALL_SHOWS with parameters Request{type='GET_ALL_SHOWS', data=''}
2023-04-18 17:25:29,133 [9] INFO ShowDBRepository - finding all shows dto
2023-04-18 17:25:29,134 [9] INFO ClientRpcReflectionWorker - Shows found System.Collections.Generic.List`1[SeventhWeekCSharpServerClient.domain.ShowDTO`1[System.Int32]]
2023-04-18 17:25:31,565 [9] INFO ClientRpcReflectionWorker - method entered: handleLOGOUT with parameters Request{type='LOGOUT', data='Andrei Deusu'}
2023-04-18 17:25:31,566 [9] INFO ClientRpcReflectionWorker - User logged out
2023-04-18 17:29:07,575 [1] INFO ArtistDBRepository - Creating ArtistDBRepository
2023-04-18 17:29:07,584 [1] INFO EmployeeDBRepository - Creating EmployeeDBRepository
2023-04-18 17:29:07,585 [1] INFO ShowDBRepository - Creating ShowDBRepository
2023-04-18 17:29:07,585 [1] INFO TicketDBRepository - Creating TicketDBRepository
2023-04-18 17:29:07,586 [1] INFO RpcConcurrentServer - RpcConcurrentServer created
2023-04-18 17:29:07,589 [1] INFO AbstractServer - Waiting for clients ...
2023-04-18 17:32:14,095 [1] INFO ArtistDBRepository - Creating ArtistDBRepository
2023-04-18 17:32:14,101 [1] INFO EmployeeDBRepository - Creating EmployeeDBRepository
2023-04-18 17:32:14,103 [1] INFO ShowDBRepository - Creating ShowDBRepository
2023-04-18 17:32:14,104 [1] INFO TicketDBRepository - Creating TicketDBRepository
2023-04-18 17:32:14,105 [1] INFO RpcConcurrentServer - RpcConcurrentServer created
2023-04-18 17:32:14,108 [1] INFO AbstractServer - Waiting for clients ...
2023-04-18 17:32:21,512 [1] INFO AbstractServer - Client connected ...
2023-04-18 17:32:21,513 [1] INFO AbstractServer - Waiting for clients ...
2023-04-18 17:32:21,516 [5] INFO ClientRpcReflectionWorker - method entered: handleLOGIN with parameters Request{type='LOGIN', data=' '}
2023-04-18 17:32:21,525 [5] INFO EmployeeDBRepository - find a employee by username and password
2023-04-18 17:32:21,578 [5] INFO EmployeeDBRepository - Marcu Ioan
2023-04-18 17:32:21,580 [5] INFO ClientRpcReflectionWorker - Employee logged in
2023-04-18 17:32:22,587 [5] INFO ClientRpcReflectionWorker - method entered: handleGET_ALL_SHOWS with parameters Request{type='GET_ALL_SHOWS', data=''}
2023-04-18 17:32:22,588 [5] INFO ShowDBRepository - finding all shows dto
2023-04-18 17:32:22,590 [5] INFO ClientRpcReflectionWorker - Shows found System.Collections.Generic.List`1[SeventhWeekCSharpServerClient.domain.ShowDTO`1[System.Int32]]
2023-04-18 17:32:47,335 [5] INFO ClientRpcReflectionWorker - method entered: handleLOGOUT with parameters Request{type='LOGOUT', data='Marcu Ioan'}
2023-04-18 17:32:47,335 [5] INFO ClientRpcReflectionWorker - User logged out
2023-04-18 17:35:27,332 [1] INFO ArtistDBRepository - Creating ArtistDBRepository
2023-04-18 17:35:27,339 [1] INFO EmployeeDBRepository - Creating EmployeeDBRepository
2023-04-18 17:35:27,340 [1] INFO ShowDBRepository - Creating ShowDBRepository
2023-04-18 17:35:27,340 [1] INFO TicketDBRepository - Creating TicketDBRepository
2023-04-18 17:35:27,341 [1] INFO RpcConcurrentServer - RpcConcurrentServer created
2023-04-18 17:35:27,345 [1] INFO AbstractServer - Waiting for clients ...
2023-04-18 17:35:34,822 [1] INFO AbstractServer - Client connected ...
2023-04-18 17:35:34,823 [1] INFO AbstractServer - Waiting for clients ...
2023-04-18 17:35:34,825 [5] INFO ClientRpcReflectionWorker - method entered: handleLOGIN with parameters Request{type='LOGIN', data=' '}
2023-04-18 17:35:34,836 [5] INFO EmployeeDBRepository - find a employee by username and password
2023-04-18 17:35:34,889 [5] INFO EmployeeDBRepository - Marcu Ioan
2023-04-18 17:35:34,890 [5] INFO ClientRpcReflectionWorker - Employee logged in
2023-04-18 17:35:35,909 [5] INFO ClientRpcReflectionWorker - method entered: handleGET_ALL_SHOWS with parameters Request{type='GET_ALL_SHOWS', data=''}
2023-04-18 17:35:35,909 [5] INFO ShowDBRepository - finding all shows dto
2023-04-18 17:35:35,911 [5] INFO ClientRpcReflectionWorker - Shows found System.Collections.Generic.List`1[SeventhWeekCSharpServerClient.domain.ShowDTO`1[System.Int32]]
2023-04-18 17:35:41,321 [5] INFO ClientRpcReflectionWorker - method entered: handleBUY_TICKET with parameters Request{type='BUY_TICKET', data='1  2 Simina noOfSeats: 1'}
2023-04-18 17:35:41,323 [5] INFO TicketDBRepository - adding ticket to available seat
2023-04-18 17:35:41,327 [5] INFO TicketDBRepository - ticket bought successfully 1  2 Simina noOfSeats: 1
2023-04-18 17:35:41,329 [5] INFO ClientRpcReflectionWorker - Ticket bought
2023-04-18 17:35:41,329 [6] INFO ClientRpcReflectionWorker - Ticket sold 1  2 Simina noOfSeats: 1
2023-04-18 17:35:41,331 [6] INFO ClientRpcReflectionWorker - Response sent
2023-04-18 17:35:50,572 [5] INFO ClientRpcReflectionWorker - method entered: handleLOGOUT with parameters Request{type='LOGOUT', data='Marcu Ioan'}
2023-04-18 17:35:50,577 [5] INFO ClientRpcReflectionWorker - User logged out
2023-04-18 17:35:54,250 [1] INFO AbstractServer - Client connected ...
2023-04-18 17:35:54,251 [1] INFO AbstractServer - Waiting for clients ...
2023-04-18 17:35:54,251 [10] INFO ClientRpcReflectionWorker - method entered: handleLOGIN with parameters Request{type='LOGIN', data=' '}
2023-04-18 17:35:54,251 [10] INFO EmployeeDBRepository - find a employee by username and password
2023-04-18 17:35:54,252 [10] INFO EmployeeDBRepository - Andrei Deusu
2023-04-18 17:35:54,252 [10] INFO ClientRpcReflectionWorker - Employee logged in
2023-04-18 17:35:55,269 [10] INFO ClientRpcReflectionWorker - method entered: handleGET_ALL_SHOWS with parameters Request{type='GET_ALL_SHOWS', data=''}
2023-04-18 17:35:55,270 [10] INFO ShowDBRepository - finding all shows dto
2023-04-18 17:35:55,270 [10] INFO ClientRpcReflectionWorker - Shows found System.Collections.Generic.List`1[SeventhWeekCSharpServerClient.domain.ShowDTO`1[System.Int32]]
2023-04-18 17:36:01,334 [10] INFO ClientRpcReflectionWorker - method entered: handleLOGOUT with parameters Request{type='LOGOUT', data='Andrei Deusu'}
2023-04-18 17:36:01,335 [10] INFO ClientRpcReflectionWorker - User logged out
2023-04-18 17:36:33,483 [1] INFO ArtistDBRepository - Creating ArtistDBRepository
2023-04-18 17:36:33,493 [1] INFO EmployeeDBRepository - Creating EmployeeDBRepository
2023-04-18 17:36:33,493 [1] INFO ShowDBRepository - Creating ShowDBRepository
2023-04-18 17:36:33,493 [1] INFO TicketDBRepository - Creating TicketDBRepository
2023-04-18 17:36:33,493 [1] INFO RpcConcurrentServer - RpcConcurrentServer created
2023-04-18 17:36:33,493 [1] INFO AbstractServer - Waiting for clients ...
2023-04-18 17:36:39,953 [1] INFO AbstractServer - Client connected ...
2023-04-18 17:36:39,956 [1] INFO AbstractServer - Waiting for clients ...
2023-04-18 17:36:39,956 [5] INFO ClientRpcReflectionWorker - method entered: handleLOGIN with parameters Request{type='LOGIN', data=' '}
2023-04-18 17:36:39,967 [5] INFO EmployeeDBRepository - find a employee by username and password
2023-04-18 17:36:40,021 [5] INFO EmployeeDBRepository - Marcu Ioan
2023-04-18 17:36:40,021 [5] INFO ClientRpcReflectionWorker - Employee logged in
2023-04-18 17:36:41,031 [5] INFO ClientRpcReflectionWorker - method entered: handleGET_ALL_SHOWS with parameters Request{type='GET_ALL_SHOWS', data=''}
2023-04-18 17:36:41,032 [5] INFO ShowDBRepository - finding all shows dto
2023-04-18 17:36:41,034 [5] INFO ClientRpcReflectionWorker - Shows found System.Collections.Generic.List`1[SeventhWeekCSharpServerClient.domain.ShowDTO`1[System.Int32]]
2023-04-18 17:36:46,687 [5] INFO ClientRpcReflectionWorker - method entered: handleBUY_TICKET with parameters Request{type='BUY_TICKET', data='1  5 Dorel noOfSeats: 2'}
2023-04-18 17:36:46,687 [5] INFO TicketDBRepository - adding ticket to available seat
2023-04-18 17:36:46,693 [5] INFO TicketDBRepository - ticket bought successfully 1  5 Dorel noOfSeats: 2
2023-04-18 17:36:46,693 [5] INFO TicketDBRepository - ticket bought successfully 1  5 Dorel noOfSeats: 2
2023-04-18 17:36:46,698 [5] INFO ClientRpcReflectionWorker - Ticket bought
2023-04-18 17:36:46,698 [6] INFO ClientRpcReflectionWorker - Ticket sold 1  5 Dorel noOfSeats: 2
2023-04-18 17:36:46,698 [6] INFO ClientRpcReflectionWorker - Response sent
2023-04-18 17:36:51,273 [5] INFO ClientRpcReflectionWorker - method entered: handleLOGOUT with parameters Request{type='LOGOUT', data='Marcu Ioan'}
2023-04-18 17:36:51,273 [5] INFO ClientRpcReflectionWorker - User logged out
2023-04-18 17:37:28,852 [1] INFO ArtistDBRepository - Creating ArtistDBRepository
2023-04-18 17:37:28,860 [1] INFO EmployeeDBRepository - Creating EmployeeDBRepository
2023-04-18 17:37:28,860 [1] INFO ShowDBRepository - Creating ShowDBRepository
2023-04-18 17:37:28,860 [1] INFO TicketDBRepository - Creating TicketDBRepository
2023-04-18 17:37:28,860 [1] INFO RpcConcurrentServer - RpcConcurrentServer created
2023-04-18 17:37:28,863 [1] INFO AbstractServer - Waiting for clients ...
2023-04-18 17:37:35,806 [1] INFO AbstractServer - Client connected ...
2023-04-18 17:37:35,816 [1] INFO AbstractServer - Waiting for clients ...
2023-04-18 17:37:35,817 [5] INFO ClientRpcReflectionWorker - method entered: handleLOGIN with parameters Request{type='LOGIN', data=' '}
2023-04-18 17:37:35,828 [5] INFO EmployeeDBRepository - find a employee by username and password
2023-04-18 17:37:35,876 [5] INFO EmployeeDBRepository - Andrei Deusu
2023-04-18 17:37:35,881 [5] INFO ClientRpcReflectionWorker - Employee logged in
2023-04-18 17:37:36,897 [5] INFO ClientRpcReflectionWorker - method entered: handleGET_ALL_SHOWS with parameters Request{type='GET_ALL_SHOWS', data=''}
2023-04-18 17:37:36,899 [5] INFO ShowDBRepository - finding all shows dto
2023-04-18 17:37:36,900 [5] INFO ClientRpcReflectionWorker - Shows found System.Collections.Generic.List`1[SeventhWeekCSharpServerClient.domain.ShowDTO`1[System.Int32]]
2023-04-18 17:37:39,615 [5] INFO ClientRpcReflectionWorker - method entered: handleGET_ALL_SHOWS with parameters Request{type='GET_ALL_SHOWS', data=''}
2023-04-18 17:37:39,616 [5] INFO ShowDBRepository - finding all shows dto
2023-04-18 17:37:39,617 [5] INFO ClientRpcReflectionWorker - Shows found System.Collections.Generic.List`1[SeventhWeekCSharpServerClient.domain.ShowDTO`1[System.Int32]]
2023-04-18 17:37:40,703 [5] INFO ClientRpcReflectionWorker - method entered: handleGET_ALL_SHOWS with parameters Request{type='GET_ALL_SHOWS', data=''}
2023-04-18 17:37:40,703 [5] INFO ShowDBRepository - finding all shows dto
2023-04-18 17:37:40,704 [5] INFO ClientRpcReflectionWorker - Shows found System.Collections.Generic.List`1[SeventhWeekCSharpServerClient.domain.ShowDTO`1[System.Int32]]
2023-04-18 17:37:42,199 [5] INFO ClientRpcReflectionWorker - method entered: handleGET_ALL_SHOWS with parameters Request{type='GET_ALL_SHOWS', data=''}
2023-04-18 17:37:42,200 [5] INFO ShowDBRepository - finding all shows dto
2023-04-18 17:37:42,200 [5] INFO ClientRpcReflectionWorker - Shows found System.Collections.Generic.List`1[SeventhWeekCSharpServerClient.domain.ShowDTO`1[System.Int32]]
2023-04-18 17:37:44,297 [5] INFO ClientRpcReflectionWorker - method entered: handleLOGOUT with parameters Request{type='LOGOUT', data='Andrei Deusu'}
2023-04-18 17:37:44,298 [5] INFO ClientRpcReflectionWorker - User logged out
2023-04-18 17:37:50,290 [1] INFO AbstractServer - Client connected ...
2023-04-18 17:37:50,292 [1] INFO AbstractServer - Waiting for clients ...
2023-04-18 17:37:50,292 [8] INFO ClientRpcReflectionWorker - method entered: handleLOGIN with parameters Request{type='LOGIN', data=' '}
2023-04-18 17:37:50,293 [8] INFO EmployeeDBRepository - find a employee by username and password
2023-04-18 17:37:50,293 [8] INFO EmployeeDBRepository - Andrei Deusu
2023-04-18 17:37:50,294 [8] INFO ClientRpcReflectionWorker - Employee logged in
2023-04-18 17:37:51,299 [8] INFO ClientRpcReflectionWorker - method entered: handleGET_ALL_SHOWS with parameters Request{type='GET_ALL_SHOWS', data=''}
2023-04-18 17:37:51,300 [8] INFO ShowDBRepository - finding all shows dto
2023-04-18 17:37:51,300 [8] INFO ClientRpcReflectionWorker - Shows found System.Collections.Generic.List`1[SeventhWeekCSharpServerClient.domain.ShowDTO`1[System.Int32]]
2023-04-18 17:37:52,619 [8] INFO ClientRpcReflectionWorker - method entered: handleLOGOUT with parameters Request{type='LOGOUT', data='Andrei Deusu'}
2023-04-18 17:37:52,620 [8] INFO ClientRpcReflectionWorker - User logged out
2023-04-18 17:40:50,403 [1] INFO ArtistDBRepository - Creating ArtistDBRepository
2023-04-18 17:40:50,410 [1] INFO EmployeeDBRepository - Creating EmployeeDBRepository
2023-04-18 17:40:50,411 [1] INFO ShowDBRepository - Creating ShowDBRepository
2023-04-18 17:40:50,412 [1] INFO TicketDBRepository - Creating TicketDBRepository
2023-04-18 17:40:50,413 [1] INFO RpcConcurrentServer - RpcConcurrentServer created
2023-04-18 17:40:50,416 [1] INFO AbstractServer - Waiting for clients ...
2023-04-18 17:41:00,151 [1] INFO AbstractServer - Client connected ...
2023-04-18 17:41:00,153 [1] INFO AbstractServer - Waiting for clients ...
2023-04-18 17:41:00,155 [5] INFO ClientRpcReflectionWorker - method entered: handleLOGIN with parameters Request{type='LOGIN', data=' '}
2023-04-18 17:41:00,165 [5] INFO EmployeeDBRepository - find a employee by username and password
2023-04-18 17:41:00,217 [5] INFO EmployeeDBRepository - Marcu Ioan
2023-04-18 17:41:00,219 [5] INFO ClientRpcReflectionWorker - Employee logged in
2023-04-18 17:41:01,232 [5] INFO ClientRpcReflectionWorker - method entered: handleGET_ALL_SHOWS with parameters Request{type='GET_ALL_SHOWS', data=''}
2023-04-18 17:41:01,234 [5] INFO ShowDBRepository - finding all shows dto
2023-04-18 17:41:01,236 [5] INFO ClientRpcReflectionWorker - Shows found System.Collections.Generic.List`1[SeventhWeekCSharpServerClient.domain.ShowDTO`1[System.Int32]]
2023-04-18 17:41:08,517 [1] INFO AbstractServer - Client connected ...
2023-04-18 17:41:08,517 [1] INFO AbstractServer - Waiting for clients ...
2023-04-18 17:41:08,519 [6] INFO ClientRpcReflectionWorker - method entered: handleLOGIN with parameters Request{type='LOGIN', data=' '}
2023-04-18 17:41:08,520 [6] INFO EmployeeDBRepository - find a employee by username and password
2023-04-18 17:41:08,520 [6] INFO EmployeeDBRepository - Andrei Deusu
2023-04-18 17:41:08,520 [6] INFO ClientRpcReflectionWorker - Employee logged in
2023-04-18 17:41:09,525 [6] INFO ClientRpcReflectionWorker - method entered: handleGET_ALL_SHOWS with parameters Request{type='GET_ALL_SHOWS', data=''}
2023-04-18 17:41:09,526 [6] INFO ShowDBRepository - finding all shows dto
2023-04-18 17:41:09,526 [6] INFO ClientRpcReflectionWorker - Shows found System.Collections.Generic.List`1[SeventhWeekCSharpServerClient.domain.ShowDTO`1[System.Int32]]
2023-04-18 17:41:20,274 [5] INFO ClientRpcReflectionWorker - method entered: handleBUY_TICKET with parameters Request{type='BUY_TICKET', data='1  3 Emilian noOfSeats: 1'}
2023-04-18 17:41:20,276 [5] INFO TicketDBRepository - adding ticket to available seat
2023-04-18 17:41:20,280 [5] INFO TicketDBRepository - ticket bought successfully 1  3 Emilian noOfSeats: 1
2023-04-18 17:41:20,282 [5] INFO ClientRpcReflectionWorker - Ticket bought
2023-04-18 17:41:20,282 [8] INFO ClientRpcReflectionWorker - Ticket sold 1  3 Emilian noOfSeats: 1
2023-04-18 17:41:20,283 [9] INFO ClientRpcReflectionWorker - Ticket sold 1  3 Emilian noOfSeats: 1
2023-04-18 17:41:20,284 [9] INFO ClientRpcReflectionWorker - Response sent
2023-04-18 17:41:20,284 [8] INFO ClientRpcReflectionWorker - Response sent
2023-04-18 17:41:24,890 [5] INFO ClientRpcReflectionWorker - method entered: handleLOGOUT with parameters Request{type='LOGOUT', data='Marcu Ioan'}
2023-04-18 17:41:24,890 [5] INFO ClientRpcReflectionWorker - User logged out
2023-04-18 17:41:25,807 [6] INFO ClientRpcReflectionWorker - method entered: handleLOGOUT with parameters Request{type='LOGOUT', data='Andrei Deusu'}
2023-04-18 17:41:25,807 [6] INFO ClientRpcReflectionWorker - User logged out
