18 Jun 2023 14:41:14,237 INFO  martin.network.rpcprotocol.ServicesRpcProxy 36 <init> - Creating proxy
18 Jun 2023 14:41:22,962 INFO  martin.network.rpcprotocol.ServicesRpcProxy 100 initializeConnection - Connection initialized
18 Jun 2023 14:41:22,971 INFO  martin.network.rpcprotocol.ServicesRpcProxy 73 sendRequest - Request sent: Request{type='LOGIN', data='ana'}
18 Jun 2023 14:41:23,166 INFO  martin.network.rpcprotocol.ServicesRpcProxy$ReaderThread 221 run - response received Response{type='OK', data='ana'}
18 Jun 2023 14:41:23,166 INFO  martin.network.rpcprotocol.ServicesRpcProxy 84 readResponse - Response received: Response{type='OK', data='ana'}
18 Jun 2023 14:41:23,167 INFO  martin.network.rpcprotocol.ServicesRpcProxy 142 login - Logged in
18 Jun 2023 14:41:23,293 INFO  martin.network.rpcprotocol.ServicesRpcProxy 73 sendRequest - Request sent: Request{type='GET_RANKING', data='null'}
18 Jun 2023 14:41:24,190 INFO  martin.network.rpcprotocol.ServicesRpcProxy$ReaderThread 221 run - response received Response{type='OK', data='[]'}
18 Jun 2023 14:41:24,190 INFO  martin.network.rpcprotocol.ServicesRpcProxy 84 readResponse - Response received: Response{type='OK', data='[]'}
18 Jun 2023 14:41:24,190 INFO  martin.network.rpcprotocol.ServicesRpcProxy 165 getRanking - Got ranking
18 Jun 2023 14:41:24,191 INFO  martin.network.rpcprotocol.ServicesRpcProxy 73 sendRequest - Request sent: Request{type='GET_GAME', data='ana'}
18 Jun 2023 14:41:25,211 INFO  martin.network.rpcprotocol.ServicesRpcProxy$ReaderThread 221 run - response received Response{type='OK', data='Game{value1=13, value2=4, value3=15, value4=55, value5=7}'}
18 Jun 2023 14:41:25,211 INFO  martin.network.rpcprotocol.ServicesRpcProxy 84 readResponse - Response received: Response{type='OK', data='Game{value1=13, value2=4, value3=15, value4=55, value5=7}'}
18 Jun 2023 14:41:25,211 INFO  martin.network.rpcprotocol.ServicesRpcProxy 195 getGame - Got game
18 Jun 2023 14:42:04,105 INFO  martin.network.rpcprotocol.ServicesRpcProxy 73 sendRequest - Request sent: Request{type='LOGOUT', data='ana'}
18 Jun 2023 14:42:04,106 INFO  martin.network.rpcprotocol.ServicesRpcProxy$ReaderThread 221 run - response received Response{type='OK', data='null'}
18 Jun 2023 14:42:04,107 INFO  martin.network.rpcprotocol.ServicesRpcProxy 84 readResponse - Response received: Response{type='OK', data='null'}
18 Jun 2023 14:42:04,107 INFO  martin.network.rpcprotocol.ServicesRpcProxy 63 closeConnection - Closed connection
18 Jun 2023 14:42:04,108 INFO  martin.network.rpcprotocol.ServicesRpcProxy 52 logout - Logged out
18 Jun 2023 14:42:13,067 INFO  martin.network.rpcprotocol.ServicesRpcProxy 36 <init> - Creating proxy
18 Jun 2023 14:42:16,410 INFO  martin.network.rpcprotocol.ServicesRpcProxy 100 initializeConnection - Connection initialized
18 Jun 2023 14:42:16,418 INFO  martin.network.rpcprotocol.ServicesRpcProxy 73 sendRequest - Request sent: Request{type='LOGIN', data='ana'}
18 Jun 2023 14:42:16,434 INFO  martin.network.rpcprotocol.ServicesRpcProxy$ReaderThread 221 run - response received Response{type='OK', data='ana'}
18 Jun 2023 14:42:16,434 INFO  martin.network.rpcprotocol.ServicesRpcProxy 84 readResponse - Response received: Response{type='OK', data='ana'}
18 Jun 2023 14:42:16,434 INFO  martin.network.rpcprotocol.ServicesRpcProxy 142 login - Logged in
18 Jun 2023 14:42:16,539 INFO  martin.network.rpcprotocol.ServicesRpcProxy 73 sendRequest - Request sent: Request{type='GET_RANKING', data='null'}
18 Jun 2023 14:42:17,449 INFO  martin.network.rpcprotocol.ServicesRpcProxy$ReaderThread 221 run - response received Response{type='OK', data='[]'}
18 Jun 2023 14:42:17,449 INFO  martin.network.rpcprotocol.ServicesRpcProxy 84 readResponse - Response received: Response{type='OK', data='[]'}
18 Jun 2023 14:42:17,449 INFO  martin.network.rpcprotocol.ServicesRpcProxy 165 getRanking - Got ranking
18 Jun 2023 14:42:17,450 INFO  martin.network.rpcprotocol.ServicesRpcProxy 73 sendRequest - Request sent: Request{type='GET_GAME', data='ana'}
18 Jun 2023 14:42:18,456 INFO  martin.network.rpcprotocol.ServicesRpcProxy$ReaderThread 221 run - response received Response{type='OK', data='Game{value1=13, value2=4, value3=15, value4=55, value5=7}'}
18 Jun 2023 14:42:18,457 INFO  martin.network.rpcprotocol.ServicesRpcProxy 84 readResponse - Response received: Response{type='OK', data='Game{value1=13, value2=4, value3=15, value4=55, value5=7}'}
18 Jun 2023 14:42:18,457 INFO  martin.network.rpcprotocol.ServicesRpcProxy 195 getGame - Got game
18 Jun 2023 14:43:04,617 INFO  martin.network.rpcprotocol.ServicesRpcProxy 36 <init> - Creating proxy
18 Jun 2023 14:43:32,801 INFO  martin.network.rpcprotocol.ServicesRpcProxy 100 initializeConnection - Connection initialized
18 Jun 2023 14:43:32,831 INFO  martin.network.rpcprotocol.ServicesRpcProxy 73 sendRequest - Request sent: Request{type='LOGIN', data='ana'}
18 Jun 2023 14:43:33,043 INFO  martin.network.rpcprotocol.ServicesRpcProxy$ReaderThread 221 run - response received Response{type='OK', data='ana'}
18 Jun 2023 14:43:33,044 INFO  martin.network.rpcprotocol.ServicesRpcProxy 84 readResponse - Response received: Response{type='OK', data='ana'}
18 Jun 2023 14:43:33,045 INFO  martin.network.rpcprotocol.ServicesRpcProxy 142 login - Logged in
18 Jun 2023 14:44:13,083 INFO  martin.network.rpcprotocol.ServicesRpcProxy 73 sendRequest - Request sent: Request{type='GET_RANKING', data='null'}
18 Jun 2023 14:44:13,118 INFO  martin.network.rpcprotocol.ServicesRpcProxy$ReaderThread 221 run - response received Response{type='OK', data='[]'}
18 Jun 2023 14:44:13,118 INFO  martin.network.rpcprotocol.ServicesRpcProxy 84 readResponse - Response received: Response{type='OK', data='[]'}
18 Jun 2023 14:44:13,119 INFO  martin.network.rpcprotocol.ServicesRpcProxy 165 getRanking - Got ranking
18 Jun 2023 14:44:15,315 INFO  martin.network.rpcprotocol.ServicesRpcProxy 73 sendRequest - Request sent: Request{type='GET_GAME', data='ana'}
18 Jun 2023 14:44:15,322 INFO  martin.network.rpcprotocol.ServicesRpcProxy$ReaderThread 221 run - response received Response{type='OK', data='Game{value1=13, value2=4, value3=15, value4=55, value5=7}'}
18 Jun 2023 14:44:15,323 INFO  martin.network.rpcprotocol.ServicesRpcProxy 84 readResponse - Response received: Response{type='OK', data='Game{value1=13, value2=4, value3=15, value4=55, value5=7}'}
18 Jun 2023 14:44:15,323 INFO  martin.network.rpcprotocol.ServicesRpcProxy 195 getGame - Got game
18 Jun 2023 14:44:53,868 INFO  martin.network.rpcprotocol.ServicesRpcProxy 36 <init> - Creating proxy
18 Jun 2023 14:44:59,571 INFO  martin.network.rpcprotocol.ServicesRpcProxy 100 initializeConnection - Connection initialized
18 Jun 2023 14:44:59,580 INFO  martin.network.rpcprotocol.ServicesRpcProxy 73 sendRequest - Request sent: Request{type='LOGIN', data='ana'}
18 Jun 2023 14:44:59,774 INFO  martin.network.rpcprotocol.ServicesRpcProxy$ReaderThread 221 run - response received Response{type='OK', data='ana'}
18 Jun 2023 14:44:59,774 INFO  martin.network.rpcprotocol.ServicesRpcProxy 84 readResponse - Response received: Response{type='OK', data='ana'}
18 Jun 2023 14:44:59,775 INFO  martin.network.rpcprotocol.ServicesRpcProxy 142 login - Logged in
18 Jun 2023 14:44:59,876 INFO  martin.network.rpcprotocol.ServicesRpcProxy 73 sendRequest - Request sent: Request{type='GET_RANKING', data='null'}
18 Jun 2023 14:45:00,815 INFO  martin.network.rpcprotocol.ServicesRpcProxy$ReaderThread 221 run - response received Response{type='OK', data='[]'}
18 Jun 2023 14:45:00,815 INFO  martin.network.rpcprotocol.ServicesRpcProxy 84 readResponse - Response received: Response{type='OK', data='[]'}
18 Jun 2023 14:45:00,815 INFO  martin.network.rpcprotocol.ServicesRpcProxy 165 getRanking - Got ranking
18 Jun 2023 14:45:00,816 INFO  martin.network.rpcprotocol.ServicesRpcProxy 73 sendRequest - Request sent: Request{type='GET_GAME', data='ana'}
18 Jun 2023 14:45:01,825 INFO  martin.network.rpcprotocol.ServicesRpcProxy$ReaderThread 221 run - response received Response{type='OK', data='Game{value1=33, value2=19, value3=41, value4=5, value5=40}'}
18 Jun 2023 14:45:01,825 INFO  martin.network.rpcprotocol.ServicesRpcProxy 84 readResponse - Response received: Response{type='OK', data='Game{value1=33, value2=19, value3=41, value4=5, value5=40}'}
18 Jun 2023 14:45:01,826 INFO  martin.network.rpcprotocol.ServicesRpcProxy 195 getGame - Got game
18 Jun 2023 14:45:30,255 INFO  martin.network.rpcprotocol.ServicesRpcProxy 36 <init> - Creating proxy
18 Jun 2023 14:45:39,535 INFO  martin.network.rpcprotocol.ServicesRpcProxy 100 initializeConnection - Connection initialized
18 Jun 2023 14:45:39,545 INFO  martin.network.rpcprotocol.ServicesRpcProxy 73 sendRequest - Request sent: Request{type='LOGIN', data='ana'}
18 Jun 2023 14:45:39,734 INFO  martin.network.rpcprotocol.ServicesRpcProxy$ReaderThread 221 run - response received Response{type='OK', data='ana'}
18 Jun 2023 14:45:39,735 INFO  martin.network.rpcprotocol.ServicesRpcProxy 84 readResponse - Response received: Response{type='OK', data='ana'}
18 Jun 2023 14:45:39,735 INFO  martin.network.rpcprotocol.ServicesRpcProxy 142 login - Logged in
18 Jun 2023 14:45:43,446 INFO  martin.network.rpcprotocol.ServicesRpcProxy 73 sendRequest - Request sent: Request{type='GET_RANKING', data='null'}
18 Jun 2023 14:45:43,496 INFO  martin.network.rpcprotocol.ServicesRpcProxy$ReaderThread 221 run - response received Response{type='OK', data='[]'}
18 Jun 2023 14:45:43,496 INFO  martin.network.rpcprotocol.ServicesRpcProxy 84 readResponse - Response received: Response{type='OK', data='[]'}
18 Jun 2023 14:45:43,497 INFO  martin.network.rpcprotocol.ServicesRpcProxy 165 getRanking - Got ranking
18 Jun 2023 14:45:43,643 INFO  martin.network.rpcprotocol.ServicesRpcProxy 73 sendRequest - Request sent: Request{type='GET_GAME', data='ana'}
18 Jun 2023 14:45:44,507 INFO  martin.network.rpcprotocol.ServicesRpcProxy$ReaderThread 221 run - response received Response{type='OK', data='Game{value1=13, value2=4, value3=15, value4=55, value5=7}'}
18 Jun 2023 14:45:44,508 INFO  martin.network.rpcprotocol.ServicesRpcProxy 84 readResponse - Response received: Response{type='OK', data='Game{value1=13, value2=4, value3=15, value4=55, value5=7}'}
18 Jun 2023 14:45:44,508 INFO  martin.network.rpcprotocol.ServicesRpcProxy 195 getGame - Got game
18 Jun 2023 14:46:26,769 INFO  martin.network.rpcprotocol.ServicesRpcProxy 36 <init> - Creating proxy
18 Jun 2023 14:46:29,208 INFO  martin.network.rpcprotocol.ServicesRpcProxy 100 initializeConnection - Connection initialized
18 Jun 2023 14:46:29,217 INFO  martin.network.rpcprotocol.ServicesRpcProxy 73 sendRequest - Request sent: Request{type='LOGIN', data='ana'}
18 Jun 2023 14:46:29,398 INFO  martin.network.rpcprotocol.ServicesRpcProxy$ReaderThread 221 run - response received Response{type='OK', data='ana'}
18 Jun 2023 14:46:29,399 INFO  martin.network.rpcprotocol.ServicesRpcProxy 84 readResponse - Response received: Response{type='OK', data='ana'}
18 Jun 2023 14:46:29,399 INFO  martin.network.rpcprotocol.ServicesRpcProxy 142 login - Logged in
18 Jun 2023 14:46:29,508 INFO  martin.network.rpcprotocol.ServicesRpcProxy 73 sendRequest - Request sent: Request{type='GET_RANKING', data='null'}
18 Jun 2023 14:46:30,450 INFO  martin.network.rpcprotocol.ServicesRpcProxy$ReaderThread 221 run - response received Response{type='OK', data='[]'}
18 Jun 2023 14:46:30,451 INFO  martin.network.rpcprotocol.ServicesRpcProxy 84 readResponse - Response received: Response{type='OK', data='[]'}
18 Jun 2023 14:46:30,451 INFO  martin.network.rpcprotocol.ServicesRpcProxy 165 getRanking - Got ranking
18 Jun 2023 14:46:30,451 INFO  martin.network.rpcprotocol.ServicesRpcProxy 73 sendRequest - Request sent: Request{type='GET_GAME', data='ana'}
18 Jun 2023 14:46:31,471 INFO  martin.network.rpcprotocol.ServicesRpcProxy$ReaderThread 221 run - response received Response{type='OK', data='Game{value1=43, value2=24, value3=5, value4=51, value5=9}'}
18 Jun 2023 14:46:31,471 INFO  martin.network.rpcprotocol.ServicesRpcProxy 84 readResponse - Response received: Response{type='OK', data='Game{value1=43, value2=24, value3=5, value4=51, value5=9}'}
18 Jun 2023 14:46:31,471 INFO  martin.network.rpcprotocol.ServicesRpcProxy 195 getGame - Got game
18 Jun 2023 14:47:05,898 INFO  martin.network.rpcprotocol.ServicesRpcProxy 73 sendRequest - Request sent: Request{type='LOGOUT', data='ana'}
18 Jun 2023 14:47:05,899 INFO  martin.network.rpcprotocol.ServicesRpcProxy$ReaderThread 221 run - response received Response{type='OK', data='null'}
18 Jun 2023 14:47:05,899 INFO  martin.network.rpcprotocol.ServicesRpcProxy 84 readResponse - Response received: Response{type='OK', data='null'}
18 Jun 2023 14:47:05,900 INFO  martin.network.rpcprotocol.ServicesRpcProxy 63 closeConnection - Closed connection
18 Jun 2023 14:47:05,900 INFO  martin.network.rpcprotocol.ServicesRpcProxy 52 logout - Logged out
18 Jun 2023 14:47:40,256 INFO  martin.network.rpcprotocol.ServicesRpcProxy 36 <init> - Creating proxy
18 Jun 2023 14:47:42,694 INFO  martin.network.rpcprotocol.ServicesRpcProxy 100 initializeConnection - Connection initialized
18 Jun 2023 14:47:42,703 INFO  martin.network.rpcprotocol.ServicesRpcProxy 73 sendRequest - Request sent: Request{type='LOGIN', data='ana'}
18 Jun 2023 14:47:42,719 INFO  martin.network.rpcprotocol.ServicesRpcProxy$ReaderThread 221 run - response received Response{type='OK', data='ana'}
18 Jun 2023 14:47:42,720 INFO  martin.network.rpcprotocol.ServicesRpcProxy 84 readResponse - Response received: Response{type='OK', data='ana'}
18 Jun 2023 14:47:42,720 INFO  martin.network.rpcprotocol.ServicesRpcProxy 142 login - Logged in
18 Jun 2023 14:47:42,827 INFO  martin.network.rpcprotocol.ServicesRpcProxy 73 sendRequest - Request sent: Request{type='GET_RANKING', data='null'}
18 Jun 2023 14:47:43,765 INFO  martin.network.rpcprotocol.ServicesRpcProxy$ReaderThread 221 run - response received Response{type='OK', data='[]'}
18 Jun 2023 14:47:43,766 INFO  martin.network.rpcprotocol.ServicesRpcProxy 84 readResponse - Response received: Response{type='OK', data='[]'}
18 Jun 2023 14:47:43,766 INFO  martin.network.rpcprotocol.ServicesRpcProxy 165 getRanking - Got ranking
18 Jun 2023 14:47:43,766 INFO  martin.network.rpcprotocol.ServicesRpcProxy 73 sendRequest - Request sent: Request{type='GET_GAME', data='ana'}
18 Jun 2023 14:47:44,782 INFO  martin.network.rpcprotocol.ServicesRpcProxy$ReaderThread 221 run - response received Response{type='OK', data='Game{value1=33, value2=19, value3=41, value4=5, value5=40}'}
18 Jun 2023 14:47:44,782 INFO  martin.network.rpcprotocol.ServicesRpcProxy 84 readResponse - Response received: Response{type='OK', data='Game{value1=33, value2=19, value3=41, value4=5, value5=40}'}
18 Jun 2023 14:47:44,782 INFO  martin.network.rpcprotocol.ServicesRpcProxy 195 getGame - Got game
18 Jun 2023 14:47:47,986 INFO  martin.network.rpcprotocol.ServicesRpcProxy 73 sendRequest - Request sent: Request{type='GENERATE', data='ana'}
18 Jun 2023 14:47:48,080 INFO  martin.network.rpcprotocol.ServicesRpcProxy$ReaderThread 221 run - response received Response{type='RANKING', data='[domain.DTO@1f]'}
18 Jun 2023 14:47:48,081 INFO  martin.network.rpcprotocol.ServicesRpcProxy$ReaderThread 221 run - response received Response{type='CONTROL', data='ana'}
18 Jun 2023 14:47:48,082 INFO  martin.network.rpcprotocol.ServicesRpcProxy$ReaderThread 221 run - response received Response{type='OK', data='3'}
18 Jun 2023 14:47:48,083 INFO  martin.network.rpcprotocol.ServicesRpcProxy 84 readResponse - Response received: Response{type='OK', data='3'}
18 Jun 2023 14:47:48,083 INFO  martin.network.rpcprotocol.ServicesRpcProxy 210 generate - Generated
18 Jun 2023 14:47:48,086 INFO  martin.network.rpcprotocol.ServicesRpcProxy 73 sendRequest - Request sent: Request{type='GET_RANKING', data='null'}
18 Jun 2023 14:47:49,145 INFO  martin.network.rpcprotocol.ServicesRpcProxy$ReaderThread 221 run - response received Response{type='OK', data='[domain.DTO@1f]'}
18 Jun 2023 14:47:49,145 INFO  martin.network.rpcprotocol.ServicesRpcProxy 84 readResponse - Response received: Response{type='OK', data='[domain.DTO@1f]'}
18 Jun 2023 14:47:49,145 INFO  martin.network.rpcprotocol.ServicesRpcProxy 165 getRanking - Got ranking
18 Jun 2023 14:47:49,147 INFO  martin.network.rpcprotocol.ServicesRpcProxy 73 sendRequest - Request sent: Request{type='SET_CONTROL_GAME_OVER', data='ana'}
18 Jun 2023 14:47:50,201 INFO  martin.network.rpcprotocol.ServicesRpcProxy$ReaderThread 221 run - response received Response{type='OK', data='Total sum = 9, Ranking: 1 out of 1 games finished.'}
18 Jun 2023 14:47:50,201 INFO  martin.network.rpcprotocol.ServicesRpcProxy 84 readResponse - Response received: Response{type='OK', data='Total sum = 9, Ranking: 1 out of 1 games finished.'}
18 Jun 2023 14:47:50,201 INFO  martin.network.rpcprotocol.ServicesRpcProxy 180 setControlGameOver - Set control game over
18 Jun 2023 14:56:02,614 INFO  martin.network.rpcprotocol.ServicesRpcProxy 36 <init> - Creating proxy
18 Jun 2023 14:56:06,397 INFO  martin.network.rpcprotocol.ServicesRpcProxy 100 initializeConnection - Connection initialized
18 Jun 2023 14:56:06,405 INFO  martin.network.rpcprotocol.ServicesRpcProxy 73 sendRequest - Request sent: Request{type='LOGIN', data='ana'}
18 Jun 2023 14:56:06,595 INFO  martin.network.rpcprotocol.ServicesRpcProxy$ReaderThread 221 run - response received Response{type='OK', data='ana'}
18 Jun 2023 14:56:06,596 INFO  martin.network.rpcprotocol.ServicesRpcProxy 84 readResponse - Response received: Response{type='OK', data='ana'}
18 Jun 2023 14:56:06,596 INFO  martin.network.rpcprotocol.ServicesRpcProxy 142 login - Logged in
18 Jun 2023 14:56:06,704 INFO  martin.network.rpcprotocol.ServicesRpcProxy 73 sendRequest - Request sent: Request{type='GET_RANKING', data='null'}
18 Jun 2023 14:56:07,676 INFO  martin.network.rpcprotocol.ServicesRpcProxy$ReaderThread 221 run - response received Response{type='OK', data='[domain.DTO@1f]'}
18 Jun 2023 14:56:07,677 INFO  martin.network.rpcprotocol.ServicesRpcProxy 84 readResponse - Response received: Response{type='OK', data='[domain.DTO@1f]'}
18 Jun 2023 14:56:07,677 INFO  martin.network.rpcprotocol.ServicesRpcProxy 165 getRanking - Got ranking
18 Jun 2023 14:56:07,678 INFO  martin.network.rpcprotocol.ServicesRpcProxy 73 sendRequest - Request sent: Request{type='GET_GAME', data='ana'}
18 Jun 2023 14:56:08,683 INFO  martin.network.rpcprotocol.ServicesRpcProxy$ReaderThread 221 run - response received Response{type='OK', data='Game{value1=3, value2=9, value3=5, value4=14, value5=9}'}
18 Jun 2023 14:56:08,684 INFO  martin.network.rpcprotocol.ServicesRpcProxy 84 readResponse - Response received: Response{type='OK', data='Game{value1=3, value2=9, value3=5, value4=14, value5=9}'}
18 Jun 2023 14:56:08,684 INFO  martin.network.rpcprotocol.ServicesRpcProxy 195 getGame - Got game
18 Jun 2023 14:56:12,967 INFO  martin.network.rpcprotocol.ServicesRpcProxy 73 sendRequest - Request sent: Request{type='GENERATE', data='ana'}
18 Jun 2023 14:56:13,023 INFO  martin.network.rpcprotocol.ServicesRpcProxy$ReaderThread 221 run - response received Response{type='OK', data='1'}
18 Jun 2023 14:56:13,023 INFO  martin.network.rpcprotocol.ServicesRpcProxy 84 readResponse - Response received: Response{type='OK', data='1'}
18 Jun 2023 14:56:13,024 INFO  martin.network.rpcprotocol.ServicesRpcProxy 210 generate - Generated
18 Jun 2023 14:57:15,025 INFO  martin.network.rpcprotocol.ServicesRpcProxy 36 <init> - Creating proxy
18 Jun 2023 14:57:23,423 INFO  martin.network.rpcprotocol.ServicesRpcProxy 100 initializeConnection - Connection initialized
18 Jun 2023 14:57:23,431 INFO  martin.network.rpcprotocol.ServicesRpcProxy 73 sendRequest - Request sent: Request{type='LOGIN', data='ana'}
18 Jun 2023 14:57:23,627 INFO  martin.network.rpcprotocol.ServicesRpcProxy$ReaderThread 221 run - response received Response{type='OK', data='ana'}
18 Jun 2023 14:57:23,628 INFO  martin.network.rpcprotocol.ServicesRpcProxy 84 readResponse - Response received: Response{type='OK', data='ana'}
18 Jun 2023 14:57:23,628 INFO  martin.network.rpcprotocol.ServicesRpcProxy 142 login - Logged in
18 Jun 2023 14:57:23,737 INFO  martin.network.rpcprotocol.ServicesRpcProxy 73 sendRequest - Request sent: Request{type='GET_RANKING', data='null'}
18 Jun 2023 14:57:24,710 INFO  martin.network.rpcprotocol.ServicesRpcProxy$ReaderThread 221 run - response received Response{type='OK', data='[domain.DTO@1f]'}
18 Jun 2023 14:57:24,711 INFO  martin.network.rpcprotocol.ServicesRpcProxy 84 readResponse - Response received: Response{type='OK', data='[domain.DTO@1f]'}
18 Jun 2023 14:57:24,711 INFO  martin.network.rpcprotocol.ServicesRpcProxy 165 getRanking - Got ranking
18 Jun 2023 14:57:24,712 INFO  martin.network.rpcprotocol.ServicesRpcProxy 73 sendRequest - Request sent: Request{type='GET_GAME', data='ana'}
18 Jun 2023 14:57:25,724 INFO  martin.network.rpcprotocol.ServicesRpcProxy$ReaderThread 221 run - response received Response{type='OK', data='Game{value1=13, value2=4, value3=15, value4=55, value5=7}'}
18 Jun 2023 14:57:25,724 INFO  martin.network.rpcprotocol.ServicesRpcProxy 84 readResponse - Response received: Response{type='OK', data='Game{value1=13, value2=4, value3=15, value4=55, value5=7}'}
18 Jun 2023 14:57:25,725 INFO  martin.network.rpcprotocol.ServicesRpcProxy 195 getGame - Got game
18 Jun 2023 14:57:27,830 INFO  martin.network.rpcprotocol.ServicesRpcProxy 73 sendRequest - Request sent: Request{type='GENERATE', data='ana'}
18 Jun 2023 14:57:27,919 INFO  martin.network.rpcprotocol.ServicesRpcProxy$ReaderThread 221 run - response received Response{type='OK', data='1'}
18 Jun 2023 14:57:27,920 INFO  martin.network.rpcprotocol.ServicesRpcProxy 84 readResponse - Response received: Response{type='OK', data='1'}
18 Jun 2023 14:57:27,920 INFO  martin.network.rpcprotocol.ServicesRpcProxy 210 generate - Generated
18 Jun 2023 14:57:33,225 INFO  martin.network.rpcprotocol.ServicesRpcProxy 73 sendRequest - Request sent: Request{type='GENERATE', data='ana'}
18 Jun 2023 14:57:33,396 INFO  martin.network.rpcprotocol.ServicesRpcProxy$ReaderThread 221 run - response received Response{type='RANKING', data='[domain.DTO@1f, domain.DTO@1f]'}
18 Jun 2023 14:57:33,397 INFO  martin.network.rpcprotocol.ServicesRpcProxy$ReaderThread 221 run - response received Response{type='CONTROL', data='ana'}
18 Jun 2023 14:57:33,398 INFO  martin.network.rpcprotocol.ServicesRpcProxy$ReaderThread 221 run - response received Response{type='OK', data='3'}
18 Jun 2023 14:57:33,399 INFO  martin.network.rpcprotocol.ServicesRpcProxy 84 readResponse - Response received: Response{type='OK', data='3'}
18 Jun 2023 14:57:33,399 INFO  martin.network.rpcprotocol.ServicesRpcProxy 210 generate - Generated
18 Jun 2023 14:57:33,402 INFO  martin.network.rpcprotocol.ServicesRpcProxy 73 sendRequest - Request sent: Request{type='GET_RANKING', data='null'}
18 Jun 2023 14:57:34,468 INFO  martin.network.rpcprotocol.ServicesRpcProxy$ReaderThread 221 run - response received Response{type='OK', data='[domain.DTO@1f, domain.DTO@1f]'}
18 Jun 2023 14:57:34,468 INFO  martin.network.rpcprotocol.ServicesRpcProxy 84 readResponse - Response received: Response{type='OK', data='[domain.DTO@1f, domain.DTO@1f]'}
18 Jun 2023 14:57:34,469 INFO  martin.network.rpcprotocol.ServicesRpcProxy 165 getRanking - Got ranking
18 Jun 2023 14:57:34,469 INFO  martin.network.rpcprotocol.ServicesRpcProxy 73 sendRequest - Request sent: Request{type='SET_CONTROL_GAME_OVER', data='ana'}
18 Jun 2023 14:57:35,564 INFO  martin.network.rpcprotocol.ServicesRpcProxy$ReaderThread 221 run - response received Response{type='OK', data='Total sum = 22, Ranking: 2 out of 2 games finished.'}
18 Jun 2023 14:57:35,564 INFO  martin.network.rpcprotocol.ServicesRpcProxy 84 readResponse - Response received: Response{type='OK', data='Total sum = 22, Ranking: 2 out of 2 games finished.'}
18 Jun 2023 14:57:35,564 INFO  martin.network.rpcprotocol.ServicesRpcProxy 180 setControlGameOver - Set control game over
18 Jun 2023 14:59:22,588 INFO  martin.network.rpcprotocol.ServicesRpcProxy 36 <init> - Creating proxy
18 Jun 2023 14:59:52,027 INFO  martin.network.rpcprotocol.ServicesRpcProxy 100 initializeConnection - Connection initialized
18 Jun 2023 14:59:52,038 INFO  martin.network.rpcprotocol.ServicesRpcProxy 73 sendRequest - Request sent: Request{type='LOGIN', data='ana'}
18 Jun 2023 14:59:52,229 INFO  martin.network.rpcprotocol.ServicesRpcProxy$ReaderThread 221 run - response received Response{type='OK', data='ana'}
18 Jun 2023 14:59:52,229 INFO  martin.network.rpcprotocol.ServicesRpcProxy 84 readResponse - Response received: Response{type='OK', data='ana'}
18 Jun 2023 14:59:52,230 INFO  martin.network.rpcprotocol.ServicesRpcProxy 142 login - Logged in
18 Jun 2023 14:59:52,342 INFO  martin.network.rpcprotocol.ServicesRpcProxy 73 sendRequest - Request sent: Request{type='GET_RANKING', data='null'}
18 Jun 2023 14:59:53,344 INFO  martin.network.rpcprotocol.ServicesRpcProxy$ReaderThread 221 run - response received Response{type='OK', data='[domain.DTO@1f, domain.DTO@1f]'}
18 Jun 2023 14:59:53,344 INFO  martin.network.rpcprotocol.ServicesRpcProxy 84 readResponse - Response received: Response{type='OK', data='[domain.DTO@1f, domain.DTO@1f]'}
18 Jun 2023 14:59:53,344 INFO  martin.network.rpcprotocol.ServicesRpcProxy 165 getRanking - Got ranking
18 Jun 2023 14:59:53,345 INFO  martin.network.rpcprotocol.ServicesRpcProxy 73 sendRequest - Request sent: Request{type='GET_GAME', data='ana'}
18 Jun 2023 14:59:54,359 INFO  martin.network.rpcprotocol.ServicesRpcProxy$ReaderThread 221 run - response received Response{type='OK', data='Game{value1=10, value2=30, value3=15, value4=45, value5=22}'}
18 Jun 2023 14:59:54,359 INFO  martin.network.rpcprotocol.ServicesRpcProxy 84 readResponse - Response received: Response{type='OK', data='Game{value1=10, value2=30, value3=15, value4=45, value5=22}'}
18 Jun 2023 14:59:54,360 INFO  martin.network.rpcprotocol.ServicesRpcProxy 195 getGame - Got game
18 Jun 2023 15:00:11,535 INFO  martin.network.rpcprotocol.ServicesRpcProxy 73 sendRequest - Request sent: Request{type='GENERATE', data='ana'}
18 Jun 2023 15:00:11,618 INFO  martin.network.rpcprotocol.ServicesRpcProxy$ReaderThread 221 run - response received Response{type='OK', data='2'}
18 Jun 2023 15:00:11,618 INFO  martin.network.rpcprotocol.ServicesRpcProxy 84 readResponse - Response received: Response{type='OK', data='2'}
18 Jun 2023 15:00:11,619 INFO  martin.network.rpcprotocol.ServicesRpcProxy 210 generate - Generated
18 Jun 2023 15:01:57,090 INFO  martin.network.rpcprotocol.ServicesRpcProxy 36 <init> - Creating proxy
18 Jun 2023 15:01:59,189 INFO  martin.network.rpcprotocol.ServicesRpcProxy 100 initializeConnection - Connection initialized
18 Jun 2023 15:01:59,197 INFO  martin.network.rpcprotocol.ServicesRpcProxy 73 sendRequest - Request sent: Request{type='LOGIN', data='ana'}
18 Jun 2023 15:01:59,395 INFO  martin.network.rpcprotocol.ServicesRpcProxy$ReaderThread 221 run - response received Response{type='OK', data='ana'}
18 Jun 2023 15:01:59,395 INFO  martin.network.rpcprotocol.ServicesRpcProxy 84 readResponse - Response received: Response{type='OK', data='ana'}
18 Jun 2023 15:01:59,396 INFO  martin.network.rpcprotocol.ServicesRpcProxy 142 login - Logged in
18 Jun 2023 15:01:59,503 INFO  martin.network.rpcprotocol.ServicesRpcProxy 73 sendRequest - Request sent: Request{type='GET_RANKING', data='null'}
18 Jun 2023 15:02:00,509 INFO  martin.network.rpcprotocol.ServicesRpcProxy$ReaderThread 221 run - response received Response{type='OK', data='[domain.DTO@1f, domain.DTO@1f]'}
18 Jun 2023 15:02:00,509 INFO  martin.network.rpcprotocol.ServicesRpcProxy 84 readResponse - Response received: Response{type='OK', data='[domain.DTO@1f, domain.DTO@1f]'}
18 Jun 2023 15:02:00,510 INFO  martin.network.rpcprotocol.ServicesRpcProxy 165 getRanking - Got ranking
18 Jun 2023 15:02:00,510 INFO  martin.network.rpcprotocol.ServicesRpcProxy 73 sendRequest - Request sent: Request{type='GET_GAME', data='ana'}
18 Jun 2023 15:02:01,518 INFO  martin.network.rpcprotocol.ServicesRpcProxy$ReaderThread 221 run - response received Response{type='OK', data='Game{value1=13, value2=4, value3=15, value4=55, value5=7}'}
18 Jun 2023 15:02:01,519 INFO  martin.network.rpcprotocol.ServicesRpcProxy 84 readResponse - Response received: Response{type='OK', data='Game{value1=13, value2=4, value3=15, value4=55, value5=7}'}
18 Jun 2023 15:02:01,519 INFO  martin.network.rpcprotocol.ServicesRpcProxy 195 getGame - Got game
18 Jun 2023 15:02:04,697 INFO  martin.network.rpcprotocol.ServicesRpcProxy 73 sendRequest - Request sent: Request{type='GENERATE', data='ana'}
18 Jun 2023 15:02:04,798 INFO  martin.network.rpcprotocol.ServicesRpcProxy$ReaderThread 221 run - response received Response{type='OK', data='3'}
18 Jun 2023 15:02:04,798 INFO  martin.network.rpcprotocol.ServicesRpcProxy 84 readResponse - Response received: Response{type='OK', data='3'}
18 Jun 2023 15:02:04,799 INFO  martin.network.rpcprotocol.ServicesRpcProxy 210 generate - Generated
18 Jun 2023 15:02:14,539 INFO  martin.network.rpcprotocol.ServicesRpcProxy 73 sendRequest - Request sent: Request{type='GENERATE', data='ana'}
18 Jun 2023 15:02:14,620 INFO  martin.network.rpcprotocol.ServicesRpcProxy$ReaderThread 221 run - response received Response{type='OK', data='4'}
18 Jun 2023 15:02:14,620 INFO  martin.network.rpcprotocol.ServicesRpcProxy 84 readResponse - Response received: Response{type='OK', data='4'}
18 Jun 2023 15:02:14,621 INFO  martin.network.rpcprotocol.ServicesRpcProxy 210 generate - Generated
18 Jun 2023 15:02:18,595 INFO  martin.network.rpcprotocol.ServicesRpcProxy 73 sendRequest - Request sent: Request{type='GENERATE', data='ana'}
18 Jun 2023 15:02:18,750 INFO  martin.network.rpcprotocol.ServicesRpcProxy$ReaderThread 221 run - response received Response{type='RANKING', data='[domain.DTO@1f, domain.DTO@1f, domain.DTO@1f]'}
18 Jun 2023 15:02:18,751 INFO  martin.network.rpcprotocol.ServicesRpcProxy$ReaderThread 221 run - response received Response{type='CONTROL', data='ana'}
18 Jun 2023 15:02:18,751 INFO  martin.network.rpcprotocol.ServicesRpcProxy$ReaderThread 221 run - response received Response{type='OK', data='2'}
18 Jun 2023 15:02:18,752 INFO  martin.network.rpcprotocol.ServicesRpcProxy 84 readResponse - Response received: Response{type='OK', data='2'}
18 Jun 2023 15:02:18,752 INFO  martin.network.rpcprotocol.ServicesRpcProxy 210 generate - Generated
18 Jun 2023 15:02:18,756 INFO  martin.network.rpcprotocol.ServicesRpcProxy 73 sendRequest - Request sent: Request{type='GET_RANKING', data='null'}
18 Jun 2023 15:02:19,819 INFO  martin.network.rpcprotocol.ServicesRpcProxy$ReaderThread 221 run - response received Response{type='OK', data='[domain.DTO@1f, domain.DTO@1f, domain.DTO@1f]'}
18 Jun 2023 15:02:19,819 INFO  martin.network.rpcprotocol.ServicesRpcProxy 84 readResponse - Response received: Response{type='OK', data='[domain.DTO@1f, domain.DTO@1f, domain.DTO@1f]'}
18 Jun 2023 15:02:19,819 INFO  martin.network.rpcprotocol.ServicesRpcProxy 165 getRanking - Got ranking
18 Jun 2023 15:02:19,820 INFO  martin.network.rpcprotocol.ServicesRpcProxy 73 sendRequest - Request sent: Request{type='SET_CONTROL_GAME_OVER', data='ana'}
18 Jun 2023 15:02:20,900 INFO  martin.network.rpcprotocol.ServicesRpcProxy$ReaderThread 221 run - response received Response{type='OK', data='Total sum = -19, Ranking: 1 out of 3 games finished.'}
18 Jun 2023 15:02:20,900 INFO  martin.network.rpcprotocol.ServicesRpcProxy 84 readResponse - Response received: Response{type='OK', data='Total sum = -19, Ranking: 1 out of 3 games finished.'}
18 Jun 2023 15:02:20,900 INFO  martin.network.rpcprotocol.ServicesRpcProxy 180 setControlGameOver - Set control game over
18 Jun 2023 15:04:33,083 INFO  martin.network.rpcprotocol.ServicesRpcProxy 36 <init> - Creating proxy
18 Jun 2023 15:04:33,761 INFO  martin.network.rpcprotocol.ServicesRpcProxy 36 <init> - Creating proxy
18 Jun 2023 15:04:34,033 INFO  martin.network.rpcprotocol.ServicesRpcProxy 36 <init> - Creating proxy
18 Jun 2023 15:04:43,819 INFO  martin.network.rpcprotocol.ServicesRpcProxy 100 initializeConnection - Connection initialized
18 Jun 2023 15:04:43,828 INFO  martin.network.rpcprotocol.ServicesRpcProxy 73 sendRequest - Request sent: Request{type='LOGIN', data='ana'}
18 Jun 2023 15:04:44,011 INFO  martin.network.rpcprotocol.ServicesRpcProxy$ReaderThread 221 run - response received Response{type='OK', data='ana'}
18 Jun 2023 15:04:44,012 INFO  martin.network.rpcprotocol.ServicesRpcProxy 84 readResponse - Response received: Response{type='OK', data='ana'}
18 Jun 2023 15:04:44,012 INFO  martin.network.rpcprotocol.ServicesRpcProxy 142 login - Logged in
18 Jun 2023 15:04:44,124 INFO  martin.network.rpcprotocol.ServicesRpcProxy 73 sendRequest - Request sent: Request{type='GET_RANKING', data='null'}
18 Jun 2023 15:04:45,046 INFO  martin.network.rpcprotocol.ServicesRpcProxy$ReaderThread 221 run - response received Response{type='OK', data='[]'}
18 Jun 2023 15:04:45,046 INFO  martin.network.rpcprotocol.ServicesRpcProxy 84 readResponse - Response received: Response{type='OK', data='[]'}
18 Jun 2023 15:04:45,046 INFO  martin.network.rpcprotocol.ServicesRpcProxy 165 getRanking - Got ranking
18 Jun 2023 15:04:45,047 INFO  martin.network.rpcprotocol.ServicesRpcProxy 73 sendRequest - Request sent: Request{type='GET_GAME', data='ana'}
18 Jun 2023 15:04:46,062 INFO  martin.network.rpcprotocol.ServicesRpcProxy$ReaderThread 221 run - response received Response{type='OK', data='Game{value1=43, value2=24, value3=5, value4=51, value5=9}'}
18 Jun 2023 15:04:46,062 INFO  martin.network.rpcprotocol.ServicesRpcProxy 84 readResponse - Response received: Response{type='OK', data='Game{value1=43, value2=24, value3=5, value4=51, value5=9}'}
18 Jun 2023 15:04:46,062 INFO  martin.network.rpcprotocol.ServicesRpcProxy 195 getGame - Got game
18 Jun 2023 15:04:47,042 INFO  martin.network.rpcprotocol.ServicesRpcProxy 100 initializeConnection - Connection initialized
18 Jun 2023 15:04:47,051 INFO  martin.network.rpcprotocol.ServicesRpcProxy 73 sendRequest - Request sent: Request{type='LOGIN', data='sara'}
18 Jun 2023 15:04:47,066 INFO  martin.network.rpcprotocol.ServicesRpcProxy$ReaderThread 221 run - response received Response{type='OK', data='sara'}
18 Jun 2023 15:04:47,067 INFO  martin.network.rpcprotocol.ServicesRpcProxy 84 readResponse - Response received: Response{type='OK', data='sara'}
18 Jun 2023 15:04:47,067 INFO  martin.network.rpcprotocol.ServicesRpcProxy 142 login - Logged in
18 Jun 2023 15:04:47,162 INFO  martin.network.rpcprotocol.ServicesRpcProxy 73 sendRequest - Request sent: Request{type='GET_RANKING', data='null'}
18 Jun 2023 15:04:48,090 INFO  martin.network.rpcprotocol.ServicesRpcProxy$ReaderThread 221 run - response received Response{type='OK', data='[]'}
18 Jun 2023 15:04:48,092 INFO  martin.network.rpcprotocol.ServicesRpcProxy 84 readResponse - Response received: Response{type='OK', data='[]'}
18 Jun 2023 15:04:48,092 INFO  martin.network.rpcprotocol.ServicesRpcProxy 165 getRanking - Got ranking
18 Jun 2023 15:04:48,092 INFO  martin.network.rpcprotocol.ServicesRpcProxy 73 sendRequest - Request sent: Request{type='GET_GAME', data='sara'}
18 Jun 2023 15:04:49,098 INFO  martin.network.rpcprotocol.ServicesRpcProxy$ReaderThread 221 run - response received Response{type='OK', data='Game{value1=33, value2=19, value3=41, value4=5, value5=40}'}
18 Jun 2023 15:04:49,099 INFO  martin.network.rpcprotocol.ServicesRpcProxy 84 readResponse - Response received: Response{type='OK', data='Game{value1=33, value2=19, value3=41, value4=5, value5=40}'}
18 Jun 2023 15:04:49,099 INFO  martin.network.rpcprotocol.ServicesRpcProxy 195 getGame - Got game
18 Jun 2023 15:04:49,935 INFO  martin.network.rpcprotocol.ServicesRpcProxy 100 initializeConnection - Connection initialized
18 Jun 2023 15:04:49,943 INFO  martin.network.rpcprotocol.ServicesRpcProxy 73 sendRequest - Request sent: Request{type='LOGIN', data='dan'}
18 Jun 2023 15:04:49,957 INFO  martin.network.rpcprotocol.ServicesRpcProxy$ReaderThread 221 run - response received Response{type='OK', data='dan'}
18 Jun 2023 15:04:49,958 INFO  martin.network.rpcprotocol.ServicesRpcProxy 84 readResponse - Response received: Response{type='OK', data='dan'}
18 Jun 2023 15:04:49,958 INFO  martin.network.rpcprotocol.ServicesRpcProxy 142 login - Logged in
18 Jun 2023 15:04:50,061 INFO  martin.network.rpcprotocol.ServicesRpcProxy 73 sendRequest - Request sent: Request{type='GET_RANKING', data='null'}
18 Jun 2023 15:04:50,984 INFO  martin.network.rpcprotocol.ServicesRpcProxy$ReaderThread 221 run - response received Response{type='OK', data='[]'}
18 Jun 2023 15:04:50,984 INFO  martin.network.rpcprotocol.ServicesRpcProxy 84 readResponse - Response received: Response{type='OK', data='[]'}
18 Jun 2023 15:04:50,984 INFO  martin.network.rpcprotocol.ServicesRpcProxy 165 getRanking - Got ranking
18 Jun 2023 15:04:50,985 INFO  martin.network.rpcprotocol.ServicesRpcProxy 73 sendRequest - Request sent: Request{type='GET_GAME', data='dan'}
18 Jun 2023 15:04:52,001 INFO  martin.network.rpcprotocol.ServicesRpcProxy$ReaderThread 221 run - response received Response{type='OK', data='Game{value1=3, value2=9, value3=5, value4=14, value5=9}'}
18 Jun 2023 15:04:52,001 INFO  martin.network.rpcprotocol.ServicesRpcProxy 84 readResponse - Response received: Response{type='OK', data='Game{value1=3, value2=9, value3=5, value4=14, value5=9}'}
18 Jun 2023 15:04:52,001 INFO  martin.network.rpcprotocol.ServicesRpcProxy 195 getGame - Got game
18 Jun 2023 15:04:55,757 INFO  martin.network.rpcprotocol.ServicesRpcProxy 73 sendRequest - Request sent: Request{type='GENERATE', data='ana'}
18 Jun 2023 15:04:55,784 INFO  martin.network.rpcprotocol.ServicesRpcProxy$ReaderThread 221 run - response received Response{type='OK', data='1'}
18 Jun 2023 15:04:55,784 INFO  martin.network.rpcprotocol.ServicesRpcProxy 84 readResponse - Response received: Response{type='OK', data='1'}
18 Jun 2023 15:04:55,784 INFO  martin.network.rpcprotocol.ServicesRpcProxy 210 generate - Generated
18 Jun 2023 15:04:57,000 INFO  martin.network.rpcprotocol.ServicesRpcProxy 73 sendRequest - Request sent: Request{type='GENERATE', data='sara'}
18 Jun 2023 15:04:57,033 INFO  martin.network.rpcprotocol.ServicesRpcProxy$ReaderThread 221 run - response received Response{type='OK', data='1'}
18 Jun 2023 15:04:57,033 INFO  martin.network.rpcprotocol.ServicesRpcProxy 84 readResponse - Response received: Response{type='OK', data='1'}
18 Jun 2023 15:04:57,033 INFO  martin.network.rpcprotocol.ServicesRpcProxy 210 generate - Generated
18 Jun 2023 15:04:58,144 INFO  martin.network.rpcprotocol.ServicesRpcProxy 73 sendRequest - Request sent: Request{type='GENERATE', data='sara'}
18 Jun 2023 15:04:58,174 INFO  martin.network.rpcprotocol.ServicesRpcProxy$ReaderThread 221 run - response received Response{type='OK', data='3'}
18 Jun 2023 15:04:58,175 INFO  martin.network.rpcprotocol.ServicesRpcProxy 84 readResponse - Response received: Response{type='OK', data='3'}
18 Jun 2023 15:04:58,175 INFO  martin.network.rpcprotocol.ServicesRpcProxy 210 generate - Generated
18 Jun 2023 15:05:01,068 INFO  martin.network.rpcprotocol.ServicesRpcProxy 73 sendRequest - Request sent: Request{type='GENERATE', data='dan'}
18 Jun 2023 15:05:01,105 INFO  martin.network.rpcprotocol.ServicesRpcProxy$ReaderThread 221 run - response received Response{type='OK', data='3'}
18 Jun 2023 15:05:01,105 INFO  martin.network.rpcprotocol.ServicesRpcProxy 84 readResponse - Response received: Response{type='OK', data='3'}
18 Jun 2023 15:05:01,105 INFO  martin.network.rpcprotocol.ServicesRpcProxy 210 generate - Generated
18 Jun 2023 15:05:01,488 INFO  martin.network.rpcprotocol.ServicesRpcProxy 73 sendRequest - Request sent: Request{type='GENERATE', data='dan'}
18 Jun 2023 15:05:02,147 INFO  martin.network.rpcprotocol.ServicesRpcProxy$ReaderThread 221 run - response received Response{type='OK', data='5'}
18 Jun 2023 15:05:02,147 INFO  martin.network.rpcprotocol.ServicesRpcProxy 84 readResponse - Response received: Response{type='OK', data='5'}
18 Jun 2023 15:05:02,148 INFO  martin.network.rpcprotocol.ServicesRpcProxy 210 generate - Generated
18 Jun 2023 15:05:03,259 INFO  martin.network.rpcprotocol.ServicesRpcProxy 73 sendRequest - Request sent: Request{type='GENERATE', data='dan'}
18 Jun 2023 15:05:03,346 INFO  martin.network.rpcprotocol.ServicesRpcProxy$ReaderThread 221 run - response received Response{type='RANKING', data='[domain.DTO@1f]'}
18 Jun 2023 15:05:03,347 INFO  martin.network.rpcprotocol.ServicesRpcProxy 73 sendRequest - Request sent: Request{type='GET_RANKING', data='null'}
18 Jun 2023 15:05:03,392 INFO  martin.network.rpcprotocol.ServicesRpcProxy$ReaderThread 221 run - response received Response{type='RANKING', data='[domain.DTO@1f]'}
18 Jun 2023 15:05:03,394 INFO  martin.network.rpcprotocol.ServicesRpcProxy$ReaderThread 221 run - response received Response{type='OK', data='[domain.DTO@1f]'}
18 Jun 2023 15:05:03,395 INFO  martin.network.rpcprotocol.ServicesRpcProxy 84 readResponse - Response received: Response{type='OK', data='[domain.DTO@1f]'}
18 Jun 2023 15:05:03,395 INFO  martin.network.rpcprotocol.ServicesRpcProxy 165 getRanking - Got ranking
18 Jun 2023 15:05:03,442 INFO  martin.network.rpcprotocol.ServicesRpcProxy$ReaderThread 221 run - response received Response{type='CONTROL', data='dan'}
18 Jun 2023 15:05:03,443 INFO  martin.network.rpcprotocol.ServicesRpcProxy$ReaderThread 221 run - response received Response{type='OK', data='3'}
18 Jun 2023 15:05:03,444 INFO  martin.network.rpcprotocol.ServicesRpcProxy 84 readResponse - Response received: Response{type='OK', data='3'}
18 Jun 2023 15:05:03,444 INFO  martin.network.rpcprotocol.ServicesRpcProxy 210 generate - Generated
18 Jun 2023 15:05:03,447 INFO  martin.network.rpcprotocol.ServicesRpcProxy$ReaderThread 221 run - response received Response{type='RANKING', data='[domain.DTO@1f]'}
18 Jun 2023 15:05:03,449 INFO  martin.network.rpcprotocol.ServicesRpcProxy 73 sendRequest - Request sent: Request{type='GET_RANKING', data='null'}
18 Jun 2023 15:05:03,450 INFO  martin.network.rpcprotocol.ServicesRpcProxy 73 sendRequest - Request sent: Request{type='GET_RANKING', data='null'}
18 Jun 2023 15:05:03,505 INFO  martin.network.rpcprotocol.ServicesRpcProxy$ReaderThread 221 run - response received Response{type='OK', data='[domain.DTO@1f]'}
18 Jun 2023 15:05:03,506 INFO  martin.network.rpcprotocol.ServicesRpcProxy 84 readResponse - Response received: Response{type='OK', data='[domain.DTO@1f]'}
18 Jun 2023 15:05:03,506 INFO  martin.network.rpcprotocol.ServicesRpcProxy 165 getRanking - Got ranking
18 Jun 2023 15:05:04,478 INFO  martin.network.rpcprotocol.ServicesRpcProxy$ReaderThread 221 run - response received Response{type='OK', data='[domain.DTO@1f]'}
18 Jun 2023 15:05:04,479 INFO  martin.network.rpcprotocol.ServicesRpcProxy 84 readResponse - Response received: Response{type='OK', data='[domain.DTO@1f]'}
18 Jun 2023 15:05:04,479 INFO  martin.network.rpcprotocol.ServicesRpcProxy 165 getRanking - Got ranking
18 Jun 2023 15:05:04,480 INFO  martin.network.rpcprotocol.ServicesRpcProxy 73 sendRequest - Request sent: Request{type='SET_CONTROL_GAME_OVER', data='dan'}
18 Jun 2023 15:05:05,533 INFO  martin.network.rpcprotocol.ServicesRpcProxy$ReaderThread 221 run - response received Response{type='OK', data='Total sum = 41, Ranking: 1 out of 1 games finished.'}
18 Jun 2023 15:05:05,533 INFO  martin.network.rpcprotocol.ServicesRpcProxy 84 readResponse - Response received: Response{type='OK', data='Total sum = 41, Ranking: 1 out of 1 games finished.'}
18 Jun 2023 15:05:05,533 INFO  martin.network.rpcprotocol.ServicesRpcProxy 180 setControlGameOver - Set control game over
18 Jun 2023 15:05:05,777 INFO  martin.network.rpcprotocol.ServicesRpcProxy 73 sendRequest - Request sent: Request{type='GENERATE', data='ana'}
18 Jun 2023 15:05:05,813 INFO  martin.network.rpcprotocol.ServicesRpcProxy$ReaderThread 221 run - response received Response{type='OK', data='2'}
18 Jun 2023 15:05:05,813 INFO  martin.network.rpcprotocol.ServicesRpcProxy 84 readResponse - Response received: Response{type='OK', data='2'}
18 Jun 2023 15:05:05,813 INFO  martin.network.rpcprotocol.ServicesRpcProxy 210 generate - Generated
18 Jun 2023 15:05:07,349 INFO  martin.network.rpcprotocol.ServicesRpcProxy 73 sendRequest - Request sent: Request{type='GENERATE', data='sara'}
18 Jun 2023 15:05:07,419 INFO  martin.network.rpcprotocol.ServicesRpcProxy$ReaderThread 221 run - response received Response{type='RANKING', data='[domain.DTO@1f, domain.DTO@1f]'}
18 Jun 2023 15:05:07,420 INFO  martin.network.rpcprotocol.ServicesRpcProxy 73 sendRequest - Request sent: Request{type='GET_RANKING', data='null'}
18 Jun 2023 15:05:07,463 INFO  martin.network.rpcprotocol.ServicesRpcProxy$ReaderThread 221 run - response received Response{type='OK', data='[domain.DTO@1f, domain.DTO@1f]'}
18 Jun 2023 15:05:07,463 INFO  martin.network.rpcprotocol.ServicesRpcProxy 84 readResponse - Response received: Response{type='OK', data='[domain.DTO@1f, domain.DTO@1f]'}
18 Jun 2023 15:05:07,463 INFO  martin.network.rpcprotocol.ServicesRpcProxy 165 getRanking - Got ranking
18 Jun 2023 15:05:07,479 INFO  martin.network.rpcprotocol.ServicesRpcProxy$ReaderThread 221 run - response received Response{type='RANKING', data='[domain.DTO@1f, domain.DTO@1f]'}
18 Jun 2023 15:05:07,480 INFO  martin.network.rpcprotocol.ServicesRpcProxy 73 sendRequest - Request sent: Request{type='GET_RANKING', data='null'}
18 Jun 2023 15:05:07,541 INFO  martin.network.rpcprotocol.ServicesRpcProxy$ReaderThread 221 run - response received Response{type='RANKING', data='[domain.DTO@1f, domain.DTO@1f]'}
18 Jun 2023 15:05:07,541 INFO  martin.network.rpcprotocol.ServicesRpcProxy$ReaderThread 221 run - response received Response{type='CONTROL', data='sara'}
18 Jun 2023 15:05:07,542 INFO  martin.network.rpcprotocol.ServicesRpcProxy$ReaderThread 221 run - response received Response{type='OK', data='4'}
18 Jun 2023 15:05:07,543 INFO  martin.network.rpcprotocol.ServicesRpcProxy 84 readResponse - Response received: Response{type='OK', data='4'}
18 Jun 2023 15:05:07,543 INFO  martin.network.rpcprotocol.ServicesRpcProxy 210 generate - Generated
18 Jun 2023 15:05:07,550 INFO  martin.network.rpcprotocol.ServicesRpcProxy 73 sendRequest - Request sent: Request{type='GET_RANKING', data='null'}
18 Jun 2023 15:05:07,552 INFO  martin.network.rpcprotocol.ServicesRpcProxy$ReaderThread 221 run - response received Response{type='OK', data='[domain.DTO@1f, domain.DTO@1f]'}
18 Jun 2023 15:05:07,553 INFO  martin.network.rpcprotocol.ServicesRpcProxy 84 readResponse - Response received: Response{type='OK', data='[domain.DTO@1f, domain.DTO@1f]'}
18 Jun 2023 15:05:07,553 INFO  martin.network.rpcprotocol.ServicesRpcProxy 165 getRanking - Got ranking
18 Jun 2023 15:05:08,576 INFO  martin.network.rpcprotocol.ServicesRpcProxy$ReaderThread 221 run - response received Response{type='OK', data='[domain.DTO@1f, domain.DTO@1f]'}
18 Jun 2023 15:05:08,576 INFO  martin.network.rpcprotocol.ServicesRpcProxy 84 readResponse - Response received: Response{type='OK', data='[domain.DTO@1f, domain.DTO@1f]'}
18 Jun 2023 15:05:08,576 INFO  martin.network.rpcprotocol.ServicesRpcProxy 165 getRanking - Got ranking
18 Jun 2023 15:05:08,577 INFO  martin.network.rpcprotocol.ServicesRpcProxy 73 sendRequest - Request sent: Request{type='SET_CONTROL_GAME_OVER', data='sara'}
18 Jun 2023 15:05:09,621 INFO  martin.network.rpcprotocol.ServicesRpcProxy$ReaderThread 221 run - response received Response{type='OK', data='Total sum = -29, Ranking: 1 out of 2 games finished.'}
18 Jun 2023 15:05:09,621 INFO  martin.network.rpcprotocol.ServicesRpcProxy 84 readResponse - Response received: Response{type='OK', data='Total sum = -29, Ranking: 1 out of 2 games finished.'}
18 Jun 2023 15:05:09,621 INFO  martin.network.rpcprotocol.ServicesRpcProxy 180 setControlGameOver - Set control game over
18 Jun 2023 15:05:13,753 INFO  martin.network.rpcprotocol.ServicesRpcProxy 73 sendRequest - Request sent: Request{type='GENERATE', data='ana'}
18 Jun 2023 15:05:13,816 INFO  martin.network.rpcprotocol.ServicesRpcProxy$ReaderThread 221 run - response received Response{type='RANKING', data='[domain.DTO@1f, domain.DTO@1f, domain.DTO@1f]'}
18 Jun 2023 15:05:13,844 INFO  martin.network.rpcprotocol.ServicesRpcProxy$ReaderThread 221 run - response received Response{type='RANKING', data='[domain.DTO@1f, domain.DTO@1f, domain.DTO@1f]'}
18 Jun 2023 15:05:13,845 INFO  martin.network.rpcprotocol.ServicesRpcProxy 73 sendRequest - Request sent: Request{type='GET_RANKING', data='null'}
18 Jun 2023 15:05:13,892 INFO  martin.network.rpcprotocol.ServicesRpcProxy$ReaderThread 221 run - response received Response{type='OK', data='[domain.DTO@1f, domain.DTO@1f, domain.DTO@1f]'}
18 Jun 2023 15:05:13,892 INFO  martin.network.rpcprotocol.ServicesRpcProxy$ReaderThread 221 run - response received Response{type='RANKING', data='[domain.DTO@1f, domain.DTO@1f, domain.DTO@1f]'}
18 Jun 2023 15:05:13,892 INFO  martin.network.rpcprotocol.ServicesRpcProxy$ReaderThread 221 run - response received Response{type='CONTROL', data='ana'}
18 Jun 2023 15:05:13,892 INFO  martin.network.rpcprotocol.ServicesRpcProxy 84 readResponse - Response received: Response{type='OK', data='[domain.DTO@1f, domain.DTO@1f, domain.DTO@1f]'}
18 Jun 2023 15:05:13,892 INFO  martin.network.rpcprotocol.ServicesRpcProxy 73 sendRequest - Request sent: Request{type='GET_RANKING', data='null'}
18 Jun 2023 15:05:13,892 INFO  martin.network.rpcprotocol.ServicesRpcProxy 165 getRanking - Got ranking
18 Jun 2023 15:05:13,893 INFO  martin.network.rpcprotocol.ServicesRpcProxy$ReaderThread 221 run - response received Response{type='OK', data='4'}
18 Jun 2023 15:05:13,893 INFO  martin.network.rpcprotocol.ServicesRpcProxy 84 readResponse - Response received: Response{type='OK', data='4'}
18 Jun 2023 15:05:13,893 INFO  martin.network.rpcprotocol.ServicesRpcProxy 210 generate - Generated
18 Jun 2023 15:05:13,896 INFO  martin.network.rpcprotocol.ServicesRpcProxy 73 sendRequest - Request sent: Request{type='GET_RANKING', data='null'}
18 Jun 2023 15:05:13,928 INFO  martin.network.rpcprotocol.ServicesRpcProxy$ReaderThread 221 run - response received Response{type='OK', data='[domain.DTO@1f, domain.DTO@1f, domain.DTO@1f]'}
18 Jun 2023 15:05:13,929 INFO  martin.network.rpcprotocol.ServicesRpcProxy 84 readResponse - Response received: Response{type='OK', data='[domain.DTO@1f, domain.DTO@1f, domain.DTO@1f]'}
18 Jun 2023 15:05:13,929 INFO  martin.network.rpcprotocol.ServicesRpcProxy 165 getRanking - Got ranking
18 Jun 2023 15:05:14,929 INFO  martin.network.rpcprotocol.ServicesRpcProxy$ReaderThread 221 run - response received Response{type='OK', data='[domain.DTO@1f, domain.DTO@1f, domain.DTO@1f]'}
18 Jun 2023 15:05:14,930 INFO  martin.network.rpcprotocol.ServicesRpcProxy 84 readResponse - Response received: Response{type='OK', data='[domain.DTO@1f, domain.DTO@1f, domain.DTO@1f]'}
18 Jun 2023 15:05:14,930 INFO  martin.network.rpcprotocol.ServicesRpcProxy 165 getRanking - Got ranking
18 Jun 2023 15:05:14,931 INFO  martin.network.rpcprotocol.ServicesRpcProxy 73 sendRequest - Request sent: Request{type='SET_CONTROL_GAME_OVER', data='ana'}
18 Jun 2023 15:05:15,959 INFO  martin.network.rpcprotocol.ServicesRpcProxy$ReaderThread 221 run - response received Response{type='OK', data='Total sum = -68, Ranking: 1 out of 3 games finished.'}
18 Jun 2023 15:05:15,960 INFO  martin.network.rpcprotocol.ServicesRpcProxy 84 readResponse - Response received: Response{type='OK', data='Total sum = -68, Ranking: 1 out of 3 games finished.'}
18 Jun 2023 15:05:15,960 INFO  martin.network.rpcprotocol.ServicesRpcProxy 180 setControlGameOver - Set control game over
18 Jun 2023 15:05:33,939 INFO  martin.network.rpcprotocol.ServicesRpcProxy 73 sendRequest - Request sent: Request{type='GENERATE', data='ana'}
18 Jun 2023 15:05:40,968 INFO  martin.network.rpcprotocol.ServicesRpcProxy 73 sendRequest - Request sent: Request{type='GENERATE', data='sara'}
18 Jun 2023 15:09:03,467 INFO  martin.network.rpcprotocol.ServicesRpcProxy 36 <init> - Creating proxy
18 Jun 2023 15:09:11,359 INFO  martin.network.rpcprotocol.ServicesRpcProxy 100 initializeConnection - Connection initialized
18 Jun 2023 15:09:11,367 INFO  martin.network.rpcprotocol.ServicesRpcProxy 73 sendRequest - Request sent: Request{type='LOGIN', data='ana'}
18 Jun 2023 15:09:11,548 INFO  martin.network.rpcprotocol.ServicesRpcProxy$ReaderThread 221 run - response received Response{type='OK', data='ana'}
18 Jun 2023 15:09:11,548 INFO  martin.network.rpcprotocol.ServicesRpcProxy 84 readResponse - Response received: Response{type='OK', data='ana'}
18 Jun 2023 15:09:11,548 INFO  martin.network.rpcprotocol.ServicesRpcProxy 142 login - Logged in
18 Jun 2023 15:09:11,654 INFO  martin.network.rpcprotocol.ServicesRpcProxy 73 sendRequest - Request sent: Request{type='GET_RANKING', data='null'}
18 Jun 2023 15:09:12,643 INFO  martin.network.rpcprotocol.ServicesRpcProxy$ReaderThread 221 run - response received Response{type='OK', data='[domain.DTO@1f, domain.DTO@1f, domain.DTO@1f]'}
18 Jun 2023 15:09:12,644 INFO  martin.network.rpcprotocol.ServicesRpcProxy 84 readResponse - Response received: Response{type='OK', data='[domain.DTO@1f, domain.DTO@1f, domain.DTO@1f]'}
18 Jun 2023 15:09:12,644 INFO  martin.network.rpcprotocol.ServicesRpcProxy 165 getRanking - Got ranking
18 Jun 2023 15:09:12,645 INFO  martin.network.rpcprotocol.ServicesRpcProxy 73 sendRequest - Request sent: Request{type='GET_GAME', data='ana'}
18 Jun 2023 15:09:13,665 INFO  martin.network.rpcprotocol.ServicesRpcProxy$ReaderThread 221 run - response received Response{type='OK', data='Game{value1=3, value2=9, value3=5, value4=14, value5=9}'}
18 Jun 2023 15:09:13,666 INFO  martin.network.rpcprotocol.ServicesRpcProxy 84 readResponse - Response received: Response{type='OK', data='Game{value1=3, value2=9, value3=5, value4=14, value5=9}'}
18 Jun 2023 15:09:13,666 INFO  martin.network.rpcprotocol.ServicesRpcProxy 195 getGame - Got game
18 Jun 2023 15:09:15,665 INFO  martin.network.rpcprotocol.ServicesRpcProxy 73 sendRequest - Request sent: Request{type='GENERATE', data='ana'}
18 Jun 2023 15:09:15,743 INFO  martin.network.rpcprotocol.ServicesRpcProxy$ReaderThread 221 run - response received Response{type='OK', data='1'}
18 Jun 2023 15:09:15,744 INFO  martin.network.rpcprotocol.ServicesRpcProxy 84 readResponse - Response received: Response{type='OK', data='1'}
18 Jun 2023 15:09:15,744 INFO  martin.network.rpcprotocol.ServicesRpcProxy 210 generate - Generated
18 Jun 2023 15:09:16,551 INFO  martin.network.rpcprotocol.ServicesRpcProxy 73 sendRequest - Request sent: Request{type='GENERATE', data='ana'}
18 Jun 2023 15:09:16,820 INFO  martin.network.rpcprotocol.ServicesRpcProxy$ReaderThread 221 run - response received Response{type='OK', data='4'}
18 Jun 2023 15:09:16,820 INFO  martin.network.rpcprotocol.ServicesRpcProxy 84 readResponse - Response received: Response{type='OK', data='4'}
18 Jun 2023 15:09:16,821 INFO  martin.network.rpcprotocol.ServicesRpcProxy 210 generate - Generated
18 Jun 2023 15:09:17,662 INFO  martin.network.rpcprotocol.ServicesRpcProxy 73 sendRequest - Request sent: Request{type='GENERATE', data='ana'}
18 Jun 2023 15:09:17,963 INFO  martin.network.rpcprotocol.ServicesRpcProxy$ReaderThread 221 run - response received Response{type='RANKING', data='[domain.DTO@1f, domain.DTO@1f, domain.DTO@1f, domain.DTO@1f]'}
18 Jun 2023 15:09:17,964 INFO  martin.network.rpcprotocol.ServicesRpcProxy$ReaderThread 221 run - response received Response{type='CONTROL', data='ana'}
18 Jun 2023 15:09:17,964 INFO  martin.network.rpcprotocol.ServicesRpcProxy$ReaderThread 221 run - response received Response{type='OK', data='2'}
18 Jun 2023 15:09:17,964 INFO  martin.network.rpcprotocol.ServicesRpcProxy 84 readResponse - Response received: Response{type='OK', data='2'}
18 Jun 2023 15:09:17,965 INFO  martin.network.rpcprotocol.ServicesRpcProxy 210 generate - Generated
18 Jun 2023 15:09:17,968 INFO  martin.network.rpcprotocol.ServicesRpcProxy 73 sendRequest - Request sent: Request{type='GET_RANKING', data='null'}
18 Jun 2023 15:09:19,026 INFO  martin.network.rpcprotocol.ServicesRpcProxy$ReaderThread 221 run - response received Response{type='OK', data='[domain.DTO@1f, domain.DTO@1f, domain.DTO@1f, domain.DTO@1f]'}
18 Jun 2023 15:09:19,026 INFO  martin.network.rpcprotocol.ServicesRpcProxy 84 readResponse - Response received: Response{type='OK', data='[domain.DTO@1f, domain.DTO@1f, domain.DTO@1f, domain.DTO@1f]'}
18 Jun 2023 15:09:19,026 INFO  martin.network.rpcprotocol.ServicesRpcProxy 165 getRanking - Got ranking
18 Jun 2023 15:09:19,027 INFO  martin.network.rpcprotocol.ServicesRpcProxy 73 sendRequest - Request sent: Request{type='SET_CONTROL_GAME_OVER', data='ana'}
18 Jun 2023 15:09:20,081 INFO  martin.network.rpcprotocol.ServicesRpcProxy$ReaderThread 221 run - response received Response{type='OK', data='GAME OVER!
Total sum = 29, Ranking: 3 out of 4 games finished.'}
18 Jun 2023 15:09:20,081 INFO  martin.network.rpcprotocol.ServicesRpcProxy 84 readResponse - Response received: Response{type='OK', data='GAME OVER!
Total sum = 29, Ranking: 3 out of 4 games finished.'}
18 Jun 2023 15:09:20,081 INFO  martin.network.rpcprotocol.ServicesRpcProxy 180 setControlGameOver - Set control game over
18 Jun 2023 15:09:53,295 INFO  martin.network.rpcprotocol.ServicesRpcProxy 73 sendRequest - Request sent: Request{type='LOGOUT', data='ana'}
18 Jun 2023 15:09:53,296 INFO  martin.network.rpcprotocol.ServicesRpcProxy$ReaderThread 221 run - response received Response{type='OK', data='null'}
18 Jun 2023 15:09:53,296 INFO  martin.network.rpcprotocol.ServicesRpcProxy 84 readResponse - Response received: Response{type='OK', data='null'}
18 Jun 2023 15:09:53,297 INFO  martin.network.rpcprotocol.ServicesRpcProxy 63 closeConnection - Closed connection
18 Jun 2023 15:09:53,297 INFO  martin.network.rpcprotocol.ServicesRpcProxy 52 logout - Logged out
03 Jul 2023 12:23:23,671 INFO  martin.network.rpcprotocol.ServicesRpcProxy 36 <init> - Creating proxy
03 Jul 2023 12:23:25,082 INFO  martin.network.rpcprotocol.ServicesRpcProxy 36 <init> - Creating proxy
03 Jul 2023 12:23:28,400 INFO  martin.network.rpcprotocol.ServicesRpcProxy 100 initializeConnection - Connection initialized
03 Jul 2023 12:23:28,408 INFO  martin.network.rpcprotocol.ServicesRpcProxy 73 sendRequest - Request sent: Request{type='LOGIN', data='ana'}
03 Jul 2023 12:23:28,601 INFO  martin.network.rpcprotocol.ServicesRpcProxy$ReaderThread 221 run - response received Response{type='OK', data='ana'}
03 Jul 2023 12:23:28,603 INFO  martin.network.rpcprotocol.ServicesRpcProxy 84 readResponse - Response received: Response{type='OK', data='ana'}
03 Jul 2023 12:23:28,603 INFO  martin.network.rpcprotocol.ServicesRpcProxy 142 login - Logged in
03 Jul 2023 12:23:28,711 INFO  martin.network.rpcprotocol.ServicesRpcProxy 73 sendRequest - Request sent: Request{type='GET_RANKING', data='null'}
03 Jul 2023 12:23:29,742 INFO  martin.network.rpcprotocol.ServicesRpcProxy$ReaderThread 221 run - response received Response{type='OK', data='[domain.DTO@1f, domain.DTO@1f, domain.DTO@1f, domain.DTO@1f]'}
03 Jul 2023 12:23:29,743 INFO  martin.network.rpcprotocol.ServicesRpcProxy 84 readResponse - Response received: Response{type='OK', data='[domain.DTO@1f, domain.DTO@1f, domain.DTO@1f, domain.DTO@1f]'}
03 Jul 2023 12:23:29,743 INFO  martin.network.rpcprotocol.ServicesRpcProxy 165 getRanking - Got ranking
03 Jul 2023 12:23:29,744 INFO  martin.network.rpcprotocol.ServicesRpcProxy 73 sendRequest - Request sent: Request{type='GET_GAME', data='ana'}
03 Jul 2023 12:23:30,754 INFO  martin.network.rpcprotocol.ServicesRpcProxy$ReaderThread 221 run - response received Response{type='OK', data='Game{value1=3, value2=9, value3=5, value4=14, value5=9}'}
03 Jul 2023 12:23:30,755 INFO  martin.network.rpcprotocol.ServicesRpcProxy 84 readResponse - Response received: Response{type='OK', data='Game{value1=3, value2=9, value3=5, value4=14, value5=9}'}
03 Jul 2023 12:23:30,755 INFO  martin.network.rpcprotocol.ServicesRpcProxy 195 getGame - Got game
03 Jul 2023 12:23:57,416 INFO  martin.network.rpcprotocol.ServicesRpcProxy 73 sendRequest - Request sent: Request{type='GENERATE', data='ana'}
03 Jul 2023 12:23:57,548 INFO  martin.network.rpcprotocol.ServicesRpcProxy$ReaderThread 221 run - response received Response{type='OK', data='1'}
03 Jul 2023 12:23:57,549 INFO  martin.network.rpcprotocol.ServicesRpcProxy 84 readResponse - Response received: Response{type='OK', data='1'}
03 Jul 2023 12:23:57,549 INFO  martin.network.rpcprotocol.ServicesRpcProxy 210 generate - Generated
03 Jul 2023 12:23:59,238 INFO  martin.network.rpcprotocol.ServicesRpcProxy 73 sendRequest - Request sent: Request{type='GENERATE', data='ana'}
03 Jul 2023 12:23:59,347 INFO  martin.network.rpcprotocol.ServicesRpcProxy$ReaderThread 221 run - response received Response{type='OK', data='2'}
03 Jul 2023 12:23:59,347 INFO  martin.network.rpcprotocol.ServicesRpcProxy 84 readResponse - Response received: Response{type='OK', data='2'}
03 Jul 2023 12:23:59,347 INFO  martin.network.rpcprotocol.ServicesRpcProxy 210 generate - Generated
03 Jul 2023 12:24:00,566 INFO  martin.network.rpcprotocol.ServicesRpcProxy 73 sendRequest - Request sent: Request{type='GENERATE', data='ana'}
03 Jul 2023 12:24:00,727 INFO  martin.network.rpcprotocol.ServicesRpcProxy$ReaderThread 221 run - response received Response{type='RANKING', data='[domain.DTO@1f, domain.DTO@1f, domain.DTO@1f, domain.DTO@1f, domain.DTO@1f]'}
03 Jul 2023 12:24:00,728 INFO  martin.network.rpcprotocol.ServicesRpcProxy$ReaderThread 221 run - response received Response{type='CONTROL', data='ana'}
03 Jul 2023 12:24:00,728 INFO  martin.network.rpcprotocol.ServicesRpcProxy$ReaderThread 221 run - response received Response{type='OK', data='5'}
03 Jul 2023 12:24:00,729 INFO  martin.network.rpcprotocol.ServicesRpcProxy 84 readResponse - Response received: Response{type='OK', data='5'}
03 Jul 2023 12:24:00,729 INFO  martin.network.rpcprotocol.ServicesRpcProxy 210 generate - Generated
03 Jul 2023 12:24:00,734 INFO  martin.network.rpcprotocol.ServicesRpcProxy 73 sendRequest - Request sent: Request{type='GET_RANKING', data='null'}
03 Jul 2023 12:24:01,802 INFO  martin.network.rpcprotocol.ServicesRpcProxy$ReaderThread 221 run - response received Response{type='OK', data='[domain.DTO@1f, domain.DTO@1f, domain.DTO@1f, domain.DTO@1f, domain.DTO@1f]'}
03 Jul 2023 12:24:01,803 INFO  martin.network.rpcprotocol.ServicesRpcProxy 84 readResponse - Response received: Response{type='OK', data='[domain.DTO@1f, domain.DTO@1f, domain.DTO@1f, domain.DTO@1f, domain.DTO@1f]'}
03 Jul 2023 12:24:01,803 INFO  martin.network.rpcprotocol.ServicesRpcProxy 165 getRanking - Got ranking
03 Jul 2023 12:24:01,804 INFO  martin.network.rpcprotocol.ServicesRpcProxy 73 sendRequest - Request sent: Request{type='SET_CONTROL_GAME_OVER', data='ana'}
03 Jul 2023 12:24:02,874 INFO  martin.network.rpcprotocol.ServicesRpcProxy$ReaderThread 221 run - response received Response{type='OK', data='GAME OVER!
Total sum = 29, Ranking: 2 out of 5 games finished.'}
03 Jul 2023 12:24:02,875 INFO  martin.network.rpcprotocol.ServicesRpcProxy 84 readResponse - Response received: Response{type='OK', data='GAME OVER!
Total sum = 29, Ranking: 2 out of 5 games finished.'}
03 Jul 2023 12:24:02,875 INFO  martin.network.rpcprotocol.ServicesRpcProxy 180 setControlGameOver - Set control game over
03 Jul 2023 12:24:16,404 INFO  martin.network.rpcprotocol.ServicesRpcProxy 100 initializeConnection - Connection initialized
03 Jul 2023 12:24:16,412 INFO  martin.network.rpcprotocol.ServicesRpcProxy 73 sendRequest - Request sent: Request{type='LOGIN', data='sara'}
03 Jul 2023 12:24:16,424 INFO  martin.network.rpcprotocol.ServicesRpcProxy$ReaderThread 221 run - response received Response{type='OK', data='sara'}
03 Jul 2023 12:24:16,424 INFO  martin.network.rpcprotocol.ServicesRpcProxy 84 readResponse - Response received: Response{type='OK', data='sara'}
03 Jul 2023 12:24:16,425 INFO  martin.network.rpcprotocol.ServicesRpcProxy 142 login - Logged in
03 Jul 2023 12:24:16,515 INFO  martin.network.rpcprotocol.ServicesRpcProxy 73 sendRequest - Request sent: Request{type='GET_RANKING', data='null'}
03 Jul 2023 12:24:17,490 INFO  martin.network.rpcprotocol.ServicesRpcProxy$ReaderThread 221 run - response received Response{type='OK', data='[domain.DTO@1f, domain.DTO@1f, domain.DTO@1f, domain.DTO@1f, domain.DTO@1f]'}
03 Jul 2023 12:24:17,491 INFO  martin.network.rpcprotocol.ServicesRpcProxy 84 readResponse - Response received: Response{type='OK', data='[domain.DTO@1f, domain.DTO@1f, domain.DTO@1f, domain.DTO@1f, domain.DTO@1f]'}
03 Jul 2023 12:24:17,491 INFO  martin.network.rpcprotocol.ServicesRpcProxy 165 getRanking - Got ranking
03 Jul 2023 12:24:17,491 INFO  martin.network.rpcprotocol.ServicesRpcProxy 73 sendRequest - Request sent: Request{type='GET_GAME', data='sara'}
03 Jul 2023 12:24:18,499 INFO  martin.network.rpcprotocol.ServicesRpcProxy$ReaderThread 221 run - response received Response{type='OK', data='Game{value1=13, value2=4, value3=15, value4=55, value5=7}'}
03 Jul 2023 12:24:18,499 INFO  martin.network.rpcprotocol.ServicesRpcProxy 84 readResponse - Response received: Response{type='OK', data='Game{value1=13, value2=4, value3=15, value4=55, value5=7}'}
03 Jul 2023 12:24:18,499 INFO  martin.network.rpcprotocol.ServicesRpcProxy 195 getGame - Got game
03 Jul 2023 12:24:19,937 INFO  martin.network.rpcprotocol.ServicesRpcProxy 73 sendRequest - Request sent: Request{type='GENERATE', data='sara'}
03 Jul 2023 12:24:20,005 INFO  martin.network.rpcprotocol.ServicesRpcProxy$ReaderThread 221 run - response received Response{type='OK', data='1'}
03 Jul 2023 12:24:20,006 INFO  martin.network.rpcprotocol.ServicesRpcProxy 84 readResponse - Response received: Response{type='OK', data='1'}
03 Jul 2023 12:24:20,006 INFO  martin.network.rpcprotocol.ServicesRpcProxy 210 generate - Generated
03 Jul 2023 12:24:21,244 INFO  martin.network.rpcprotocol.ServicesRpcProxy 73 sendRequest - Request sent: Request{type='GENERATE', data='sara'}
03 Jul 2023 12:24:21,308 INFO  martin.network.rpcprotocol.ServicesRpcProxy$ReaderThread 221 run - response received Response{type='OK', data='3'}
03 Jul 2023 12:24:21,309 INFO  martin.network.rpcprotocol.ServicesRpcProxy 84 readResponse - Response received: Response{type='OK', data='3'}
03 Jul 2023 12:24:21,309 INFO  martin.network.rpcprotocol.ServicesRpcProxy 210 generate - Generated
03 Jul 2023 12:24:22,452 INFO  martin.network.rpcprotocol.ServicesRpcProxy 73 sendRequest - Request sent: Request{type='GENERATE', data='sara'}
03 Jul 2023 12:24:22,585 INFO  martin.network.rpcprotocol.ServicesRpcProxy$ReaderThread 221 run - response received Response{type='RANKING', data='[domain.DTO@1f, domain.DTO@1f, domain.DTO@1f, domain.DTO@1f, domain.DTO@1f, domain.DTO@1f]'}
03 Jul 2023 12:24:22,587 INFO  martin.network.rpcprotocol.ServicesRpcProxy 73 sendRequest - Request sent: Request{type='GET_RANKING', data='null'}
03 Jul 2023 12:24:22,681 INFO  martin.network.rpcprotocol.ServicesRpcProxy$ReaderThread 221 run - response received Response{type='OK', data='[domain.DTO@1f, domain.DTO@1f, domain.DTO@1f, domain.DTO@1f, domain.DTO@1f, domain.DTO@1f]'}
03 Jul 2023 12:24:22,681 INFO  martin.network.rpcprotocol.ServicesRpcProxy$ReaderThread 221 run - response received Response{type='RANKING', data='[domain.DTO@1f, domain.DTO@1f, domain.DTO@1f, domain.DTO@1f, domain.DTO@1f, domain.DTO@1f]'}
03 Jul 2023 12:24:22,683 INFO  martin.network.rpcprotocol.ServicesRpcProxy 84 readResponse - Response received: Response{type='OK', data='[domain.DTO@1f, domain.DTO@1f, domain.DTO@1f, domain.DTO@1f, domain.DTO@1f, domain.DTO@1f]'}
03 Jul 2023 12:24:22,683 INFO  martin.network.rpcprotocol.ServicesRpcProxy 165 getRanking - Got ranking
03 Jul 2023 12:24:22,684 INFO  martin.network.rpcprotocol.ServicesRpcProxy$ReaderThread 221 run - response received Response{type='CONTROL', data='sara'}
03 Jul 2023 12:24:22,686 INFO  martin.network.rpcprotocol.ServicesRpcProxy$ReaderThread 221 run - response received Response{type='OK', data='1'}
03 Jul 2023 12:24:22,686 INFO  martin.network.rpcprotocol.ServicesRpcProxy 84 readResponse - Response received: Response{type='OK', data='1'}
03 Jul 2023 12:24:22,686 INFO  martin.network.rpcprotocol.ServicesRpcProxy 210 generate - Generated
03 Jul 2023 12:24:22,690 INFO  martin.network.rpcprotocol.ServicesRpcProxy 73 sendRequest - Request sent: Request{type='GET_RANKING', data='null'}
03 Jul 2023 12:24:23,749 INFO  martin.network.rpcprotocol.ServicesRpcProxy$ReaderThread 221 run - response received Response{type='OK', data='[domain.DTO@1f, domain.DTO@1f, domain.DTO@1f, domain.DTO@1f, domain.DTO@1f, domain.DTO@1f]'}
03 Jul 2023 12:24:23,750 INFO  martin.network.rpcprotocol.ServicesRpcProxy 84 readResponse - Response received: Response{type='OK', data='[domain.DTO@1f, domain.DTO@1f, domain.DTO@1f, domain.DTO@1f, domain.DTO@1f, domain.DTO@1f]'}
03 Jul 2023 12:24:23,750 INFO  martin.network.rpcprotocol.ServicesRpcProxy 165 getRanking - Got ranking
03 Jul 2023 12:24:23,750 INFO  martin.network.rpcprotocol.ServicesRpcProxy 73 sendRequest - Request sent: Request{type='SET_CONTROL_GAME_OVER', data='sara'}
03 Jul 2023 12:24:24,811 INFO  martin.network.rpcprotocol.ServicesRpcProxy$ReaderThread 221 run - response received Response{type='OK', data='GAME OVER!
Total sum = 27, Ranking: 4 out of 6 games finished.'}
03 Jul 2023 12:24:24,812 INFO  martin.network.rpcprotocol.ServicesRpcProxy 84 readResponse - Response received: Response{type='OK', data='GAME OVER!
Total sum = 27, Ranking: 4 out of 6 games finished.'}
03 Jul 2023 12:24:24,812 INFO  martin.network.rpcprotocol.ServicesRpcProxy 180 setControlGameOver - Set control game over
03 Jul 2023 12:25:05,153 INFO  martin.network.rpcprotocol.ServicesRpcProxy 73 sendRequest - Request sent: Request{type='LOGOUT', data='sara'}
03 Jul 2023 12:25:05,153 INFO  martin.network.rpcprotocol.ServicesRpcProxy$ReaderThread 221 run - response received Response{type='OK', data='null'}
03 Jul 2023 12:25:05,153 INFO  martin.network.rpcprotocol.ServicesRpcProxy 84 readResponse - Response received: Response{type='OK', data='null'}
03 Jul 2023 12:25:05,154 INFO  martin.network.rpcprotocol.ServicesRpcProxy 63 closeConnection - Closed connection
03 Jul 2023 12:25:05,155 INFO  martin.network.rpcprotocol.ServicesRpcProxy 52 logout - Logged out
03 Jul 2023 12:25:06,872 INFO  martin.network.rpcprotocol.ServicesRpcProxy 73 sendRequest - Request sent: Request{type='LOGOUT', data='ana'}
03 Jul 2023 12:25:06,873 INFO  martin.network.rpcprotocol.ServicesRpcProxy$ReaderThread 221 run - response received Response{type='OK', data='null'}
03 Jul 2023 12:25:06,873 INFO  martin.network.rpcprotocol.ServicesRpcProxy 84 readResponse - Response received: Response{type='OK', data='null'}
03 Jul 2023 12:25:06,875 INFO  martin.network.rpcprotocol.ServicesRpcProxy 63 closeConnection - Closed connection
03 Jul 2023 12:25:06,875 INFO  martin.network.rpcprotocol.ServicesRpcProxy 52 logout - Logged out
