  Lab6FAB.cpp
  main.cpp
C:\Users\marti\source\repos\Lab8FAB\Lab6FAB\repo.h(83,3): error C2220: the following warning is treated as an error
C:\Users\marti\source\repos\Lab8FAB\Lab6FAB\repo.h(83,3): warning C4267: 'return': conversion from 'size_t' to 'int', possible loss of data
  pok.cpp
  prezentare.cpp
C:\Users\marti\source\repos\Lab8FAB\Lab6FAB\repo.h(83,3): error C2220: the following warning is treated as an error
C:\Users\marti\source\repos\Lab8FAB\Lab6FAB\repo.h(83,3): warning C4267: 'return': conversion from 'size_t' to 'int', possible loss of data
  repo.cpp
C:\Users\marti\source\repos\Lab8FAB\Lab6FAB\repo.h(83,3): error C2220: the following warning is treated as an error
C:\Users\marti\source\repos\Lab8FAB\Lab6FAB\repo.h(83,3): warning C4267: 'return': conversion from 'size_t' to 'int', possible loss of data
  repoException.cpp
  reponou.cpp
C:\Users\marti\source\repos\Lab8FAB\Lab6FAB\repo.h(83,3): error C2220: the following warning is treated as an error
C:\Users\marti\source\repos\Lab8FAB\Lab6FAB\repo.h(83,3): warning C4267: 'return': conversion from 'size_t' to 'int', possible loss of data
  service.cpp
C:\Users\marti\source\repos\Lab8FAB\Lab6FAB\repo.h(83,3): error C2220: the following warning is treated as an error
C:\Users\marti\source\repos\Lab8FAB\Lab6FAB\repo.h(83,3): warning C4267: 'return': conversion from 'size_t' to 'int', possible loss of data
C:\Users\marti\source\repos\Lab8FAB\Lab6FAB\service.cpp(65,8): error C3848: expression having type 'const std::uniform_int_distribution<int>' would lose some const-volatile qualifiers in order to call 'int std::uniform_int<_Ty>::operator ()<std::mt19937>(_Engine &)'
          with
          [
              _Ty=int,
              _Engine=std::mt19937
          ]
C:\Program Files\Microsoft Visual Studio\2022\Community\VC\Tools\MSVC\14.34.31933\include\random(1817,28): message : could be 'int std::uniform_int<_Ty>::operator ()(_Engine &,const std::uniform_int<_Ty>::param_type &)'
          with
          [
              _Ty=int
          ]
C:\Users\marti\source\repos\Lab8FAB\Lab6FAB\service.cpp(65,8): message : 'int std::uniform_int<_Ty>::operator ()(_Engine &,const std::uniform_int<_Ty>::param_type &)': expects 2 arguments - 1 provided
          with
          [
              _Ty=int
          ]
C:\Program Files\Microsoft Visual Studio\2022\Community\VC\Tools\MSVC\14.34.31933\include\random(1822,28): message : or       'int std::uniform_int<_Ty>::operator ()(_Engine &,int)'
          with
          [
              _Ty=int
          ]
C:\Users\marti\source\repos\Lab8FAB\Lab6FAB\service.cpp(65,8): message : 'int std::uniform_int<_Ty>::operator ()(_Engine &,int)': expects 2 arguments - 1 provided
          with
          [
              _Ty=int
          ]
C:\Users\marti\source\repos\Lab8FAB\Lab6FAB\service.cpp(65,8): message : while trying to match the argument list '(std::mt19937)'
C:\Users\marti\source\repos\Lab8FAB\Lab6FAB\service.cpp(67,9): error C3848: expression having type 'const std::uniform_int_distribution<int>' would lose some const-volatile qualifiers in order to call 'int std::uniform_int<_Ty>::operator ()<std::mt19937>(_Engine &)'
          with
          [
              _Ty=int,
              _Engine=std::mt19937
          ]
C:\Program Files\Microsoft Visual Studio\2022\Community\VC\Tools\MSVC\14.34.31933\include\random(1817,28): message : could be 'int std::uniform_int<_Ty>::operator ()(_Engine &,const std::uniform_int<_Ty>::param_type &)'
          with
          [
              _Ty=int
          ]
C:\Users\marti\source\repos\Lab8FAB\Lab6FAB\service.cpp(67,9): message : 'int std::uniform_int<_Ty>::operator ()(_Engine &,const std::uniform_int<_Ty>::param_type &)': expects 2 arguments - 1 provided
          with
          [
              _Ty=int
          ]
C:\Program Files\Microsoft Visual Studio\2022\Community\VC\Tools\MSVC\14.34.31933\include\random(1822,28): message : or       'int std::uniform_int<_Ty>::operator ()(_Engine &,int)'
          with
          [
              _Ty=int
          ]
C:\Users\marti\source\repos\Lab8FAB\Lab6FAB\service.cpp(67,9): message : 'int std::uniform_int<_Ty>::operator ()(_Engine &,int)': expects 2 arguments - 1 provided
          with
          [
              _Ty=int
          ]
C:\Users\marti\source\repos\Lab8FAB\Lab6FAB\service.cpp(67,9): message : while trying to match the argument list '(std::mt19937)'
C:\Users\marti\source\repos\Lab8FAB\Lab6FAB\service.cpp(68,9): error C3848: expression having type 'const std::uniform_int_distribution<int>' would lose some const-volatile qualifiers in order to call 'int std::uniform_int<_Ty>::operator ()<std::mt19937>(_Engine &)'
          with
          [
              _Ty=int,
              _Engine=std::mt19937
          ]
C:\Program Files\Microsoft Visual Studio\2022\Community\VC\Tools\MSVC\14.34.31933\include\random(1817,28): message : could be 'int std::uniform_int<_Ty>::operator ()(_Engine &,const std::uniform_int<_Ty>::param_type &)'
          with
          [
              _Ty=int
          ]
C:\Users\marti\source\repos\Lab8FAB\Lab6FAB\service.cpp(68,9): message : 'int std::uniform_int<_Ty>::operator ()(_Engine &,const std::uniform_int<_Ty>::param_type &)': expects 2 arguments - 1 provided
          with
          [
              _Ty=int
          ]
C:\Program Files\Microsoft Visual Studio\2022\Community\VC\Tools\MSVC\14.34.31933\include\random(1822,28): message : or       'int std::uniform_int<_Ty>::operator ()(_Engine &,int)'
          with
          [
              _Ty=int
          ]
C:\Users\marti\source\repos\Lab8FAB\Lab6FAB\service.cpp(68,9): message : 'int std::uniform_int<_Ty>::operator ()(_Engine &,int)': expects 2 arguments - 1 provided
          with
          [
              _Ty=int
          ]
C:\Users\marti\source\repos\Lab8FAB\Lab6FAB\service.cpp(68,9): message : while trying to match the argument list '(std::mt19937)'
C:\Users\marti\source\repos\Lab8FAB\Lab6FAB\service.cpp(92,19): error C3848: expression having type 'const std::uniform_int_distribution<int>' would lose some const-volatile qualifiers in order to call 'int std::uniform_int<_Ty>::operator ()<std::mt19937>(_Engine &)'
          with
          [
              _Ty=int,
              _Engine=std::mt19937
          ]
C:\Program Files\Microsoft Visual Studio\2022\Community\VC\Tools\MSVC\14.34.31933\include\random(1817,28): message : could be 'int std::uniform_int<_Ty>::operator ()(_Engine &,const std::uniform_int<_Ty>::param_type &)'
          with
          [
              _Ty=int
          ]
C:\Users\marti\source\repos\Lab8FAB\Lab6FAB\service.cpp(92,19): message : 'int std::uniform_int<_Ty>::operator ()(_Engine &,const std::uniform_int<_Ty>::param_type &)': expects 2 arguments - 1 provided
          with
          [
              _Ty=int
          ]
C:\Program Files\Microsoft Visual Studio\2022\Community\VC\Tools\MSVC\14.34.31933\include\random(1822,28): message : or       'int std::uniform_int<_Ty>::operator ()(_Engine &,int)'
          with
          [
              _Ty=int
          ]
C:\Users\marti\source\repos\Lab8FAB\Lab6FAB\service.cpp(92,19): message : 'int std::uniform_int<_Ty>::operator ()(_Engine &,int)': expects 2 arguments - 1 provided
          with
          [
              _Ty=int
          ]
C:\Users\marti\source\repos\Lab8FAB\Lab6FAB\service.cpp(92,19): message : while trying to match the argument list '(std::mt19937)'
C:\Users\marti\source\repos\Lab8FAB\Lab6FAB\service.cpp(92,13): error C2737: 'rdm': const object must be initialized
  teste.cpp
C:\Users\marti\source\repos\Lab8FAB\Lab6FAB\repo.h(83,3): error C2220: the following warning is treated as an error
C:\Users\marti\source\repos\Lab8FAB\Lab6FAB\repo.h(83,3): warning C4267: 'return': conversion from 'size_t' to 'int', possible loss of data
  valid.cpp
  Running Code Analysis for C/C++...
  Generating Code...
