c:\users\marti\source\repos\lab8fab\lab6fab\x64\debug\vc143.pdb
c:\users\marti\source\repos\lab8fab\lab6fab\x64\debug\vc143.idb
c:\users\marti\source\repos\lab8fab\lab6fab\x64\debug\valid.nativecodeanalysis.sarif
c:\users\marti\source\repos\lab8fab\lab6fab\x64\debug\valid.nativecodeanalysis.xml
c:\users\marti\source\repos\lab8fab\lab6fab\x64\debug\teste.nativecodeanalysis.sarif
c:\users\marti\source\repos\lab8fab\lab6fab\x64\debug\teste.nativecodeanalysis.xml
c:\users\marti\source\repos\lab8fab\lab6fab\x64\debug\service.nativecodeanalysis.sarif
c:\users\marti\source\repos\lab8fab\lab6fab\x64\debug\service.nativecodeanalysis.xml
c:\users\marti\source\repos\lab8fab\lab6fab\x64\debug\repoexception.nativecodeanalysis.sarif
c:\users\marti\source\repos\lab8fab\lab6fab\x64\debug\repoexception.nativecodeanalysis.xml
c:\users\marti\source\repos\lab8fab\lab6fab\x64\debug\repo.nativecodeanalysis.sarif
c:\users\marti\source\repos\lab8fab\lab6fab\x64\debug\repo.nativecodeanalysis.xml
c:\users\marti\source\repos\lab8fab\lab6fab\x64\debug\prezentare.nativecodeanalysis.sarif
c:\users\marti\source\repos\lab8fab\lab6fab\x64\debug\prezentare.nativecodeanalysis.xml
c:\users\marti\source\repos\lab8fab\lab6fab\x64\debug\pok.nativecodeanalysis.sarif
c:\users\marti\source\repos\lab8fab\lab6fab\x64\debug\pok.nativecodeanalysis.xml
c:\users\marti\source\repos\lab8fab\lab6fab\x64\debug\main.nativecodeanalysis.sarif
c:\users\marti\source\repos\lab8fab\lab6fab\x64\debug\main.nativecodeanalysis.xml
c:\users\marti\source\repos\lab8fab\lab6fab\x64\debug\lab6fab.nativecodeanalysis.sarif
c:\users\marti\source\repos\lab8fab\lab6fab\x64\debug\lab6fab.nativecodeanalysis.xml
c:\users\marti\source\repos\lab8fab\lab6fab\x64\debug\lab6fab.obj
c:\users\marti\source\repos\lab8fab\lab6fab\x64\debug\main.obj
c:\users\marti\source\repos\lab8fab\lab6fab\x64\debug\pok.obj
c:\users\marti\source\repos\lab8fab\lab6fab\x64\debug\prezentare.obj
c:\users\marti\source\repos\lab8fab\lab6fab\x64\debug\repo.obj
c:\users\marti\source\repos\lab8fab\lab6fab\x64\debug\repoexception.obj
c:\users\marti\source\repos\lab8fab\lab6fab\x64\debug\service.obj
c:\users\marti\source\repos\lab8fab\lab6fab\x64\debug\teste.obj
c:\users\marti\source\repos\lab8fab\lab6fab\x64\debug\valid.obj
c:\users\marti\source\repos\lab8fab\x64\debug\lab6fab.exe
c:\users\marti\source\repos\lab8fab\lab6fab\x64\debug\lab6fab.ilk
c:\users\marti\source\repos\lab8fab\x64\debug\lab6fab.pdb
c:\users\marti\source\repos\lab8fab\lab6fab\x64\debug\vc.nativecodeanalysis.all.xml
c:\users\marti\source\repos\lab8fab\x64\debug\lab6fab.ilk
c:\users\marti\source\repos\lab8fab\lab6fab\x64\debug\lab6fab.tlog\cl.command.1.tlog
c:\users\marti\source\repos\lab8fab\lab6fab\x64\debug\lab6fab.tlog\cl.read.1.tlog
c:\users\marti\source\repos\lab8fab\lab6fab\x64\debug\lab6fab.tlog\cl.write.1.tlog
c:\users\marti\source\repos\lab8fab\lab6fab\x64\debug\lab6fab.tlog\link.command.1.tlog
c:\users\marti\source\repos\lab8fab\lab6fab\x64\debug\lab6fab.tlog\link.read.1.tlog
c:\users\marti\source\repos\lab8fab\lab6fab\x64\debug\lab6fab.tlog\link.write.1.tlog
