-3621131
4999
0 568
0 3798
1 798
1 1205
1 1427
1 3344
2 979
2 1010
3 3151
4 915
4 3130
4 3149
5 656
5 2626
5 4438
6 2926
6 3845
7 3085
7 3088
8 1274
9 1755
10 3742
11 2210
11 2289
12 427
12 1720
12 4282
12 4780
13 2338
14 1811
15 4110
15 4256
16 4241
17 1095
17 3482
18 1626
19 807
19 1342
19 1978
19 2426
19 4000
20 1921
20 4258
21 2597
21 2963
22 4771
23 4072
24 3696
24 3852
24 4957
25 555
26 3046
26 3816
27 905
27 3447
27 3958
28 2082
29 211
29 634
29 4308
30 4783
31 1493
31 2455
31 3853
32 521
32 4427
32 4984
33 1313
34 1916
35 229
36 927
36 2393
36 4528
36 4768
37 584
38 3387
39 4539
40 65
40 1460
40 4035
41 991
41 3050
42 1329
43 1017
43 2556
44 1364
45 4455
46 1418
46 1676
46 4684
46 4751
47 966
48 184
48 2904
48 4909
49 4313
50 695
51 4631
51 4961
52 4704
53 2005
53 2745
53 3257
54 4001
55 1317
56 3562
57 439
57 3524
57 3525
57 4405
58 103
59 780
59 2710
60 2215
61 2817
61 3747
61 4443
61 4697
62 1679
63 3119
63 4478
64 2264
64 2460
64 3081
65 4006
66 1671
66 1864
66 4791
67 176
67 1944
67 4292
68 1733
68 4010
68 4286
69 2275
70 3343
70 4476
71 4831
72 799
72 2289
72 3126
72 4016
72 4147
72 4411
73 1723
73 3917
74 4595
75 397
75 4129
76 735
76 1310
76 2489
77 2641
77 3431
78 2412
79 477
79 3045
80 3198
80 3691
81 2023
81 2358
81 4191
82 2950
82 4183
83 1397
84 4390
85 472
85 1143
85 4954
86 421
86 3063
86 4053
87 4032
88 982
88 1833
88 1890
89 1493
89 4402
90 1766
90 3823
91 3456
91 4383
92 2275
93 409
93 2226
93 3813
94 535
94 2643
95 2738
95 3207
96 1280
96 3011
96 4241
97 1023
97 4957
98 722
99 377
99 1549
99 1891
100 3868
101 3862
102 3461
103 904
103 1129
103 2096
103 4439
103 4943
104 730
104 1381
104 1993
104 3416
105 1434
105 4244
106 2535
106 2650
106 3138
106 4522
107 731
107 1865
107 3388
107 4784
108 3707
109 1493
110 995
111 2696
111 4008
112 2210
112 4734
113 1011
113 2205
113 3542
113 4125
114 2208
115 689
116 3867
116 4195
117 237
117 1651
118 1641
118 1792
118 1849
119 1765
119 4111
120 1968
121 494
121 4647
122 2404
123 965
123 2907
124 2881
125 3829
125 4570
125 4817
126 3443
127 325
127 2756
128 505
128 3795
128 4448
129 2313
129 4046
130 3976
130 4596
131 621
131 2901
132 718
133 1081
134 340
134 1338
135 936
135 1596
135 1764
135 4127
136 2809
137 2329
138 673
138 3033
138 3054
138 4086
139 1502
139 2712
140 529
140 4446
141 241
141 4639
142 1505
142 2028
143 1129
144 3831
144 4627
145 1399
145 1407
146 1744
147 287
147 858
147 1009
147 2385
148 1003
149 585
149 1020
149 3247
150 1582
150 1604
150 4170
151 618
151 1398
151 1806
152 2851
152 4339
152 4467
152 4890
153 2494
153 2498
153 3021
154 4885
155 4326
156 3844
156 4490
157 2533
157 4926
158 1521
158 4275
159 1029
159 1903
160 3814
161 985
162 510
162 1484
163 3475
163 3640
164 2623
165 799
166 2359
166 3794
167 837
167 4881
168 790
168 3780
169 4270
170 552
171 878
171 1732
171 2061
172 2046
172 3869
173 937
173 991
173 3824
174 229
174 1741
174 2447
174 4256
175 4342
176 3959
177 1015
178 229
179 1297
179 4485
180 680
180 3544
181 2308
181 3524
181 3787
182 965
182 1929
182 1979
183 824
183 903
184 1645
185 3104
186 2973
186 3867
187 1667
187 2594
187 4480
187 4925
188 2615
188 4005
189 1288
190 2795
190 3427
191 778
191 1559
192 394
192 3680
192 4706
193 1009
193 4356
194 4906
195 518
195 566
195 1155
195 4029
195 4758
196 508
196 2870
197 844
197 1876
198 3091
198 4615
199 983
199 4732
200 1227
200 3039
201 1794
201 2709
202 1118
202 1350
202 1458
202 1679
202 2187
203 3406
203 4051
203 4848
204 2051
204 2736
204 3171
204 4290
205 1139
205 3687
206 645
206 3193
206 4789
207 486
207 2867
208 3985
209 2661
209 2889
209 3013
210 3218
211 3258
211 3810
212 2241
212 2470
213 3438
214 3513
215 2449
215 2657
216 2436
216 4451
217 668
217 2712
217 2914
218 1056
218 2885
219 686
219 3487
220 2393
220 3806
221 2213
221 3406
221 4372
221 4474
222 1938
222 2272
222 3621
222 4362
222 4793
223 599
223 882
223 2356
223 2919
223 3146
223 4334
224 933
224 2600
225 1214
225 2449
225 3648
225 3834
226 2032
226 3095
227 866
227 2120
227 3814
228 2539
229 1698
229 2446
229 2923
229 3359
229 3723
230 2521
231 1270
231 3631
231 4949
232 2156
233 248
234 3245
235 4640
236 2972
237 3841
238 1499
238 2345
239 3111
240 2179
242 3265
243 760
243 1364
243 2764
243 3646
244 2748
244 3729
245 1256
246 3472
247 669
247 722
247 839
247 1754
248 2956
248 3980
249 1099
249 2999
250 2461
251 4139
252 1537
252 2763
253 3874
254 2167
255 1019
256 538
256 828
256 3667
256 4332
257 2059
257 2800
257 4669
258 426
258 1027
259 2521
259 3484
259 3999
260 2416
261 686
261 2783
261 3157
262 2855
262 3943
263 703
263 1058
263 3140
263 4254
264 2132
264 2357
265 2018
265 3189
265 3661
265 4491
266 2457
266 4748
267 1964
268 1330
269 4933
270 2170
271 1561
271 3789
271 4205
271 4220
272 2547
273 4085
274 4703
275 2739
276 1768
277 459
278 2929
278 3047
278 4521
279 1299
279 2280
279 3894
280 827
280 3763
280 3909
280 4792
281 450
281 1519
281 3949
281 4150
281 4345
282 2400
283 4737
284 893
284 994
285 415
285 980
286 776
286 1887
286 3773
287 1892
287 1983
287 3840
288 497
288 1879
289 807
290 4360
291 2168
292 576
292 850
292 4539
293 3865
293 3984
293 4508
294 4712
295 583
296 853
296 1711
296 3511
297 4789
298 790
299 1028
300 1624
300 2424
300 2672
301 4564
302 2583
302 4762
302 4824
303 2451
304 2764
305 2994
306 804
306 1520
306 2214
307 4870
308 4669
309 805
309 4100
309 4830
310 751
310 926
311 3748
312 1939
312 3554
313 4601
314 1951
314 3145
315 3818
315 4247
316 618
316 1075
317 3007
317 4448
318 1805
319 403
320 476
321 2266
321 2983
321 3494
322 3375
322 4959
323 952
324 2760
324 4802
325 2951
325 3585
325 3750
326 568
327 4022
327 4707
328 2151
328 4666
329 1969
329 3795
330 4621
331 1143
331 2398
332 2097
333 2177
333 4400
334 798
335 3214
335 3862
335 4251
336 993
337 476
337 4716
338 2417
338 2536
339 3118
341 1834
341 3492
342 1320
342 1548
343 594
344 548
344 4635
345 3034
345 4155
346 1588
346 2732
346 3294
347 1977
347 4891
348 1748
348 3549
349 2294
349 4570
350 1067
350 1192
350 3075
351 1270
351 3936
352 1068
352 1157
352 2036
352 3340
353 1984
353 4944
354 4639
355 4485
356 668
357 4657
358 1613
358 1953
358 3403
358 3598
359 4484
360 3378
361 1730
362 971
363 3512
364 4374
365 2356
365 2588
366 879
367 4764
368 724
369 424
370 732
370 1426
371 4208
372 623
372 2351
372 3373
373 2861
374 977
374 3183
374 4870
375 1957
376 963
376 3245
376 4229
377 541
377 765
378 1625
378 2275
378 2401
378 3118
379 3018
380 2701
380 4150
381 2193
381 2424
382 4422
383 2143
383 3250
384 4760
385 1158
385 2962
385 3636
386 478
386 2466
387 2950
388 1699
388 4673
389 2566
389 2810
390 1362
390 2270
390 2587
390 4122
390 4593
391 869
391 2929
392 1131
392 2839
393 2869
393 3655
394 2066
394 3582
394 4406
394 4741
395 1730
395 3311
396 1912
396 2110
396 3003
396 4509
396 4666
398 1174
398 2949
398 4400
399 3599
400 1238
400 3018
401 1448
402 1281
402 1302
402 3507
402 3774
403 2892
403 3361
403 3443
404 3558
404 4491
405 2506
406 3043
406 4826
407 3599
408 3742
409 2999
410 3304
410 4255
410 4671
411 1729
411 3939
412 2001
412 4806
413 3193
414 3779
415 2510
415 4735
416 895
417 1184
418 2333
418 2941
419 1051
419 3110
420 932
420 1695
420 1827
421 2078
422 2771
423 1153
423 2681
423 2846
423 4156
424 1917
424 2541
425 2924
427 1301
427 1400
427 2400
427 3351
427 3953
428 1718
429 594
430 4503
431 2673
431 3678
432 562
432 3944
433 891
433 1081
434 1130
434 2625
435 687
435 1569
435 3106
436 4280
437 1783
437 2408
437 3831
437 3895
438 2567
438 4515
439 3767
439 3897
440 813
441 759
441 2521
442 1865
442 2323
443 1295
443 1742
444 3694
444 4390
445 1024
445 2082
446 3238
446 4174
446 4470
447 1353
447 1392
447 3025
448 506
448 2486
448 3932
449 528
449 3315
450 1150
451 4107
452 3957
453 2686
454 1686
455 1865
456 3587
456 3808
457 1436
457 2740
458 896
458 3998
459 1711
459 1990
460 4241
460 4253
461 1732
462 2794
462 3298
463 659
463 1543
463 4228
464 2381
464 4235
465 690
465 822
465 2182
465 4561
466 1803
466 2045
467 2326
467 4043
468 3312
469 1821
470 4728
471 784
471 4886
472 1537
472 4565
473 4301
474 4198
475 1348
475 3100
476 1631
476 2713
476 4047
477 590
479 2648
480 3360
481 837
482 712
482 3651
483 2014
483 4162
484 4222
485 744
485 1307
485 3846
487 2153
488 1102
488 1930
488 3430
489 2906
490 1753
490 1868
491 2609
492 1780
492 4715
493 1288
493 4406
494 4629
495 1228
495 1702
495 2012
495 3274
496 3395
496 4374
497 967
498 2283
498 2786
499 2365
499 3960
499 3994
500 1773
501 3222
502 920
503 2391
504 695
504 3421
505 4456
506 708
506 3786
507 2647
508 649
508 2604
509 966
509 1220
509 1551
509 2202
509 4205
510 683
510 2507
510 4134
511 4599
512 3605
512 3630
512 3782
513 653
513 2920
514 1709
514 3372
514 4605
515 2714
516 1397
516 1835
517 1262
517 2167
517 2684
518 4779
519 4714
520 1791
520 2188
520 3686
521 2638
521 4524
521 4874
522 2593
523 1186
524 3525
525 1707
526 3714
526 3749
527 1529
527 3142
527 4808
528 1524
528 2430
528 3671
529 3633
529 4435
530 3287
531 615
531 2704
531 4081
532 1629
532 4118
532 4345
533 546
533 717
533 1107
534 4784
536 2078
537 3298
537 3783
537 4828
538 2102
539 1652
539 4237
540 4825
541 1946
541 2060
542 4249
543 1215
543 3173
544 3508
545 924
545 2925
546 1210
546 4241
547 4407
548 1128
548 1509
548 4963
549 1643
549 1781
550 4209
551 2938
552 1573
552 2831
553 3343
553 4203
553 4839
554 693
554 1842
554 4270
554 4658
555 1540
555 1925
555 4184
556 1665
556 4861
557 2854
557 4773
558 1638
558 2132
559 1706
560 1226
560 4911
561 3098
561 4294
562 880
563 1946
563 2902
564 1116
564 1130
564 3641
564 4018
565 3008
566 1854
567 1229
567 4952
568 1731
568 2708
568 3220
569 3939
569 4857
570 3310
571 1025
571 1135
572 1127
572 4484
573 4501
574 1733
574 4827
575 1181
575 3316
575 3877
575 4559
576 3856
577 4803
578 3220
579 2596
579 2997
580 4883
581 2805
581 3139
581 3387
582 992
582 4191
582 4925
583 618
583 2236
583 4577
583 4773
584 4793
585 1694
586 4038
587 734
587 1391
588 838
588 3973
588 4547
589 3070
589 3648
590 1862
590 3827
591 1855
591 4878
592 2149
592 2784
593 3019
594 2535
595 2495
596 1809
596 3197
596 3315
597 3972
598 2493
600 628
601 1135
601 1357
602 2330
602 2388
603 3021
604 3404
605 4382
606 1563
606 3025
607 973
607 2241
608 2462
609 4894
610 2945
611 4591
611 4891
612 644
612 1670
612 3328
612 3664
612 3926
613 3897
614 1680
614 2662
614 4042
615 3945
616 874
616 2644
617 4464
618 3504
618 3675
618 4759
619 1869
620 2334
620 4241
621 2842
621 2921
621 3464
621 3682
622 3779
623 1947
624 2218
624 3521
624 3988
625 1200
625 2549
625 4473
626 3596
626 4870
627 2858
627 3541
628 2155
628 2624
628 3810
629 1377
629 2872
630 2349
630 4141
630 4642
631 1868
631 4763
632 837
632 1273
632 2153
633 1387
634 1346
634 4206
635 1306
635 3081
636 2804
636 4642
637 3925
637 3982
638 1123
638 4664
639 1941
640 4020
641 1107
642 2721
642 4343
643 2904
644 2936
644 3738
646 2238
647 4987
648 1335
648 2232
648 3120
648 3689
649 1314
649 2290
649 2307
650 1245
650 2959
651 864
652 2692
652 3448
653 1575
653 2947
653 3188
654 2291
654 2752
655 2422
655 4959
656 841
656 3943
657 1300
657 2350
657 2849
658 4167
659 2066
659 2104
659 2726
659 4583
660 706
660 1242
660 2027
660 3438
660 4422
660 4746
661 956
661 1135
661 1786
661 4662
662 3934
663 4280
664 2574
665 1340
666 3934
667 2954
669 1660
670 870
670 2780
670 3235
670 3518
671 1277
671 2105
672 3850
672 4151
674 3002
674 4016
674 4292
675 872
675 3082
675 4889
676 1895
676 4813
677 3003
677 3165
678 4621
679 1011
679 2816
679 3057
679 3133
680 2680
680 4661
681 1878
681 4543
682 3507
683 4065
683 4724
684 873
685 2401
686 1166
686 1543
686 3528
687 1268
687 1700
688 997
688 2545
688 3552
689 3665
690 1236
691 802
692 1717
692 2896
692 3502
692 3898
693 3708
694 1441
694 4356
695 3281
695 4964
696 2332
697 4941
698 4685
699 3940
700 4388
701 1313
702 2408
702 4103
704 2178
704 2967
705 1446
705 3505
706 1341
707 2244
707 2950
708 2512
709 3295
709 4583
710 1757
710 2628
710 3784
710 4501
711 879
713 3634
713 4373
714 3468
715 832
715 2580
716 4019
717 1149
717 4122
717 4830
718 1705
718 2309
719 1326
719 4429
720 2063
721 931
721 3212
723 1594
723 1735
724 3073
725 2955
726 4168
727 791
728 2502
729 1119
731 2725
731 4293
732 3675
733 1815
733 1979
734 2364
735 2973
735 3168
735 3265
736 1396
736 4869
737 1218
738 2596
738 4519
739 1283
739 2269
739 3922
740 4840
741 2460
742 2698
742 2814
743 1894
745 1645
745 2977
745 3414
746 2659
746 4585
747 4851
747 4946
748 1484
749 2309
749 3227
749 4876
750 1698
751 2799
751 3528
751 4398
752 873
753 2575
753 2589
754 2579
755 1560
755 1934
756 4050
757 1829
757 2620
758 2978
758 4989
760 2687
761 3718
761 4130
761 4784
762 3313
763 2843
764 1848
764 2822
764 3181
765 4146
766 856
766 2666
766 2884
767 4154
767 4590
767 4747
768 920
768 1009
768 1223
768 4129
768 4169
769 867
770 1547
770 1555
770 1802
771 976
771 3884
772 2116
773 1448
773 4781
774 1470
774 4045
775 874
775 1720
776 821
777 3986
779 1723
780 2002
780 4291
781 2062
781 2360
781 3826
782 3524
783 895
785 3665
786 4224
787 4716
788 1920
789 2916
789 4407
791 1439
791 1870
791 2367
792 3425
793 3424
793 4713
794 1865
795 1697
795 2323
796 4905
797 2493
799 4246
800 4635
801 3828
802 2579
802 3446
803 2993
803 3239
804 855
804 1417
804 2876
806 2452
806 4463
807 2354
807 2533
807 3350
808 2755
808 3190
809 3201
810 859
810 3129
810 4869
810 4875
811 3081
811 3769
812 3660
813 4993
814 1096
815 3103
816 4663
817 3168
818 4306
819 1656
819 3615
820 1339
820 1954
820 2801
820 3366
821 1999
821 2844
821 3647
821 4248
822 2097
822 4092
823 2274
824 4962
825 859
825 3933
826 3695
827 2887
827 3562
828 2562
829 3081
830 1662
830 2054
830 4647
831 2395
832 2494
832 4425
833 2280
833 4032
834 1496
834 2372
834 3573
835 1943
835 3223
835 3351
836 2616
836 3027
837 2997
838 2148
838 2823
838 4520
839 2075
839 3218
840 3396
841 2684
841 3172
841 3585
842 2926
843 1608
844 4490
845 4110
846 2213
847 3879
848 4541
849 3554
849 4525
850 2340
850 3195
850 3578
851 3354
851 4856
852 2383
853 952
853 1578
853 3129
853 4575
854 2375
855 1178
857 3113
857 3447
858 3410
859 2674
859 3071
860 915
860 3390
861 1991
861 2614
862 4518
863 1020
863 1127
863 1632
864 4026
864 4877
865 3857
866 2546
867 1636
867 1831
868 2644
868 3988
868 4503
870 4017
870 4571
871 2062
873 2227
873 2656
873 3560
873 4525
874 1126
874 4325
875 2153
876 2570
876 3691
876 4557
877 1919
879 3040
880 4617
881 4153
883 889
883 3487
884 2813
884 4969
885 3346
885 3397
885 4588
886 1921
886 1945
886 3300
887 919
887 3008
888 2821
890 2086
891 3299
892 4391
893 4333
894 1218
894 1897
895 2914
895 3309
896 4279
897 3582
898 3115
899 1633
899 3259
900 2965
901 3769
902 2586
903 4568
904 1724
906 1537
906 4311
907 2587
908 1363
908 2980
909 1151
909 3507
909 4640
910 4587
911 1059
911 3695
912 4315
913 2079
913 2168
913 3380
913 4546
913 4836
914 4192
916 3019
916 3228
917 1360
917 2934
917 3910
918 1367
920 1819
921 1621
922 1732
922 2047
922 3488
922 4715
923 1334
923 2034
923 3091
924 2504
924 3122
924 3916
925 4861
926 1339
926 3100
926 3281
927 1842
928 1936
929 1958
929 3368
929 3641
930 3726
931 1993
932 940
932 2022
933 4392
933 4783
934 1827
935 4528
936 3584
936 4163
937 2600
938 2685
938 3359
938 3741
939 2956
940 2744
941 1403
941 3626
942 3419
943 1240
943 3115
943 3382
943 3965
943 4359
943 4816
944 2069
945 1516
945 3277
945 3411
945 4044
946 3584
946 4276
947 2945
948 2931
948 3085
949 4335
950 3057
951 4899
953 1410
953 2173
953 2304
954 3491
955 1115
955 1685
956 1496
957 2148
958 2827
959 2118
959 4674
960 1292
960 4307
960 4712
961 4143
962 2796
962 3379
963 1085
963 1574
963 2207
964 1318
964 2861
964 4379
965 2714
966 1012
966 2631
966 4448
967 3829
968 2003
968 3847
968 4279
969 3348
970 1745
970 4241
971 1442
972 3967
972 4744
973 2840
973 4193
974 1172
975 1092
976 3453
976 3982
978 2824
978 3478
978 3638
979 2838
980 2642
980 3559
980 4675
981 1706
984 1464
984 1957
984 3378
985 1187
985 3566
986 2653
986 4662
987 1892
987 2281
987 3550
988 3033
989 1610
989 3107
990 4975
991 1858
992 3961
992 3976
993 3415
994 2391
995 1941
995 3245
996 4359
997 3468
998 1329
999 3922
1000 4095
1001 3954
1002 2815
1003 3185
1003 3839
1004 2516
1004 2703
1005 4125
1006 4365
1007 1471
1008 1782
1010 3042
1011 3103
1011 3581
1011 4561
1013 2954
1013 3935
1014 2236
1015 3241
1015 3578
1016 1576
1016 1915
1017 4567
1018 2019
1019 2626
1021 1435
1021 4259
1022 2358
1023 2240
1023 2770
1023 3181
1024 1578
1025 3342
1026 1737
1026 2247
1027 1077
1027 1116
1027 2645
1028 1324
1028 4215
1029 1325
1029 2408
1029 2463
1030 2783
1031 1378
1032 1216
1033 3255
1033 4757
1034 3369
1034 3786
1035 2271
1036 2692
1036 3790
1037 2816
1038 4159
1039 2341
1039 2624
1040 1980
1041 1988
1042 2670
1043 4697
1044 1852
1044 4560
1045 2274
1045 2283
1045 3461
1045 4479
1046 4921
1047 3789
1048 2327
1049 1864
1050 1254
1050 3699
1051 2650
1051 3026
1051 3553
1051 3725
1052 2764
1053 2045
1053 2869
1053 3650
1054 3638
1055 3537
1057 1111
1059 3626
1060 1937
1060 4369
1060 4396
1060 4460
1061 4021
1062 1218
1062 2438
1062 4105
1063 2958
1064 1073
1065 2145
1065 2600
1066 4514
1067 2905
1069 1289
1070 1579
1070 4785
1071 4075
1072 4530
1073 1453
1074 1402
1074 4088
1074 4671
1075 2178
1076 3276
1078 3334
1079 1789
1079 2331
1080 3306
1081 1134
1081 1750
1081 1787
1081 2121
1082 1297
1083 4966
1084 1120
1084 1435
1086 4278
1087 2612
1087 2894
1088 2320
1088 4712
1089 3712
1090 2081
1091 1706
1091 4594
1092 1211
1092 3423
1092 4903
1093 1298
1093 2497
1094 4870
1095 2391
1096 2555
1096 3762
1097 1258
1097 2836
1097 3418
1098 2878
1099 3576
1100 1618
1100 2955
1101 2022
1102 3674
1102 3754
1103 2379
1103 3963
1104 2944
1104 4461
1105 1496
1105 4366
1106 4965
1107 2803
1107 2953
1108 1774
1108 2535
1108 4648
1109 3253
1110 4798
1111 1455
1111 1968
1112 1174
1112 3086
1112 3595
1112 4152
1112 4543
1113 1579
1113 1816
1114 4406
1114 4832
1115 3966
1116 1521
1116 4804
1117 2472
1117 3097
1117 3318
1118 2249
1119 3762
1121 3776
1121 4297
1122 2246
1122 2936
1124 2448
1125 2750
1127 2586
1127 3701
1129 2540
1130 3288
1131 3283
1132 3229
1132 3489
1133 4105
1135 1615
1135 2220
1135 2359
1135 3284
1136 3463
1137 1871
1137 2660
1138 3412
1139 1942
1139 2481
1140 4201
1141 3772
1142 1431
1142 3948
1142 4753
1143 4296
1144 3125
1144 4097
1145 4030
1146 4554
1147 1808
1148 2534
1149 4466
1150 4473
1152 3362
1154 1205
1154 1927
1154 2058
1154 2948
1155 1744
1155 2453
1155 2915
1155 3472
1155 4606
1156 3434
1156 4341
1156 4385
1157 1247
1157 2105
1158 1253
1158 4069
1159 1245
1160 1661
1161 1667
1161 4679
1162 1916
1162 3473
1163 2949
1164 1464
1164 1514
1164 4233
1165 2430
1165 2971
1167 1515
1167 3681
1168 2029
1168 2699
1169 4307
1170 2705
1170 4432
1170 4761
1170 4870
1171 1559
1172 1266
1173 2636
1175 2550
1175 3644
1175 4987
1176 3139
1177 2520
1177 3441
1179 4186
1180 3539
1180 4415
1181 2069
1181 3429
1182 2640
1182 3159
1183 1655
1183 4789
1184 4820
1185 3833
1186 1592
1187 2405
1188 2678
1188 4638
1189 1646
1190 3344
1191 1557
1191 4300
1193 1963
1193 3514
1193 4072
1194 4780
1195 2664
1195 2816
1195 3989
1196 4703
1197 1301
1198 1937
1199 2866
1200 2757
1201 4086
1202 3193
1203 1293
1203 1860
1203 3948
1204 2041
1204 3766
1204 4137
1206 2166
1207 2787
1207 3821
1207 4988
1208 1282
1208 2396
1209 3140
1209 4841
1212 1289
1212 4398
1213 4127
1214 2837
1215 3818
1215 4123
1215 4314
1215 4514
1216 3267
1216 4856
1217 3784
1218 4360
1219 3757
1220 3757
1220 4399
1221 2108
1221 3864
1222 4448
1223 1839
1223 2527
1224 1449
1224 3228
1225 1836
1225 2959
1225 3227
1227 4709
1229 4450
1230 2827
1230 3366
1231 3609
1232 3008
1232 4952
1233 4169
1234 1501
1234 3642
1234 4272
1235 3136
1235 3892
1237 2012
1238 4534
1239 1741
1239 1955
1239 3699
1241 2021
1242 3678
1243 2466
1243 2650
1243 4089
1244 4372
1245 4831
1246 1525
1246 2048
1246 2608
1247 2076
1247 2900
1247 3306
1248 2296
1248 3439
1249 3415
1250 4581
1251 3002
1251 3301
1252 1266
1252 1353
1252 1644
1252 2361
1254 4628
1255 4576
1256 1834
1256 4732
1257 1593
1258 1875
1259 1445
1259 2048
1259 2296
1259 2931
1260 2706
1260 3433
1261 1549
1261 4320
1261 4705
1263 1984
1263 2808
1264 2743
1265 2369
1265 4061
1266 3835
1266 4902
1267 3258
1268 3431
1268 4115
1269 1338
1269 2443
1269 3049
1270 4121
1270 4938
1271 2668
1271 4895
1272 2943
1273 2802
1273 3277
1274 3739
1275 1520
1275 2276
1275 2390
1276 3984
1277 1758
1278 4053
1278 4071
1279 3614
1279 4182
1282 3144
1283 1750
1283 2252
1283 2319
1284 3889
1285 1360
1285 1539
1286 3202
1286 4056
1287 1669
1287 2494
1287 4863
1287 4985
1290 3981
1291 1473
1291 1879
1291 3211
1292 1921
1293 2080
1294 3082
1295 2127
1296 3463
1297 2222
1297 2857
1299 2829
1300 1503
1301 3664
1302 4025
1302 4977
1303 2053
1303 3263
1304 1778
1305 1592
1305 2179
1305 2635
1305 3851
1307 4472
1308 2809
1308 3127
1309 3793
1309 4569
1310 2345
1310 4428
1311 2427
1312 1790
1312 4700
1313 2078
1313 2196
1313 3090
1315 1931
1315 4268
1316 1479
1316 2280
1316 2670
1317 1697
1317 4076
1318 3499
1319 2110
1319 2113
1319 3033
1320 4008
1320 4738
1321 4356
1322 2621
1323 2553
1323 4397
1324 3490
1324 4344
1327 1683
1327 2561
1328 2271
1329 2199
1329 2689
1330 1987
1330 4477
1331 1849
1331 2032
1332 1749
1332 4259
1333 1516
1333 3908
1334 1474
1334 4500
1335 3861
1336 3182
1337 2612
1338 3014
1340 1852
1341 2619
1343 1535
1344 3580
1345 3761
1347 1579
1349 3875
1350 2675
1350 3174
1350 3735
1351 4320
1352 4858
1354 2900
1355 4168
1356 3396
1356 3880
1357 4180
1358 2382
1358 2506
1359 3076
1359 3315
1360 1548
1360 2040
1360 3376
1360 4904
1361 4086
1361 4676
1362 2216
1363 3251
1363 4423
1364 1621
1364 2347
1365 1616
1365 3873
1366 4239
1367 4103
1368 3612
1369 2388
1370 2111
1370 2825
1371 3505
1372 3728
1372 3974
1373 4553
1374 1710
1375 3915
1376 1899
1377 1621
1378 3042
1379 4017
1380 4440
1381 1862
1381 2688
1382 2009
1382 3670
1382 4459
1383 4979
1384 3310
1384 4040
1385 3422
1386 3012
1386 4751
1387 1527
1387 3383
1388 4424
1389 1960
1389 4207
1390 3272
1391 1430
1391 2405
1392 1604
1392 3143
1392 3401
1392 3606
1393 2488
1393 4095
1394 3409
1395 2137
1395 2869
1395 4282
1397 3745
1398 4142
1399 3564
1401 3310
1402 1710
1402 3229
1403 1814
1403 2621
1403 3193
1404 1507
1404 3937
1404 4843
1405 4291
1406 4010
1407 3312
1407 4582
1408 1750
1409 2779
1410 3271
1411 1981
1411 4440
1412 2477
1413 2714
1414 4915
1415 3273
1416 1527
1417 4118
1419 1591
1420 2200
1420 3524
1420 4340
1421 3625
1422 3327
1422 4496
1422 4564
1423 4156
1424 1639
1424 4829
1425 3104
1425 4396
1427 2279
1427 3515
1427 3721
1428 2581
1429 3463
1431 4445
1432 2086
1433 4218
1434 3219
1434 4033
1436 2343
1437 1739
1437 2564
1437 3594
1438 2191
1438 3494
1440 3731
1442 3016
1442 3040
1443 2813
1444 2960
1446 4422
1447 3914
1447 4267
1448 3100
1449 4975
1450 2835
1451 1985
1451 3742
1452 2611
1452 4678
1453 2782
1454 1638
1455 3693
1456 4364
1457 1608
1458 2669
1458 3308
1459 2065
1459 4103
1459 4600
1461 1970
1462 3618
1463 2470
1465 2052
1466 2372
1467 3783
1467 4938
1468 4944
1469 4400
1470 3500
1471 3074
1471 3833
1471 3986
1472 2688
1475 2172
1476 2391
1476 3218
1477 4466
1478 1538
1479 1716
1479 2740
1480 4472
1481 2608
1482 2215
1483 3921
1483 4176
1485 1999
1485 2979
1485 4852
1486 2495
1486 2689
1486 3096
1486 4059
1486 4199
1487 3445
1487 3839
1487 4167
1488 3027
1489 4357
1490 3592
1490 3597
1490 4302
1491 3630
1492 4112
1493 3161
1493 4200
1493 4603
1494 4796
1495 2002
1495 2593
1495 4009
1496 1580
1496 3073
1497 3814
1498 2864
1499 4179
1500 2967
1500 4324
1501 1611
1503 3967
1504 1574
1504 4989
1506 3866
1508 2304
1508 2511
1508 3684
1508 4422
1510 1601
1510 2176
1510 3528
1510 3609
1511 4986
1512 1541
1512 1567
1512 4972
1513 3883
1514 4306
1514 4502
1515 2527
1515 4072
1517 3407
1518 2600
1518 4357
1518 4663
1520 4389
1522 2094
1523 4301
1524 1709
1524 1825
1524 2900
1524 3432
1526 1778
1526 1865
1526 2876
1526 3412
1527 2393
1528 2356
1528 3559
1528 4708
1530 1949
1530 3379
1531 3748
1532 2277
1533 3669
1534 1722
1535 4349
1535 4384
1536 2644
1536 4264
1537 4748
1538 2088
1540 3282
1541 2250
1542 3048
1543 1597
1543 4652
1544 2981
1544 3617
1545 2991
1545 4131
1546 1781
1546 4912
1548 2548
1549 2499
1550 2271
1550 3607
1550 3854
1550 4216
1551 2383
1552 1687
1552 3385
1553 3257
1554 4538
1555 4681
1556 2514
1556 3353
1556 3751
1557 4910
1558 2746
1558 4589
1559 3110
1561 3120
1562 3532
1564 2301
1565 2074
1565 3252
1565 3317
1566 2534
1567 2070
1568 3652
1568 4472
1569 3600
1570 2061
1571 3501
1572 4711
1573 2203
1574 2095
1576 2233
1576 4355
1577 4034
1581 3346
1581 3586
1581 3878
1581 4959
1582 3907
1583 2103
1584 2592
1584 3517
1585 1950
1586 1759
1586 3002
1587 1882
1587 2525
1587 2626
1587 4607
1588 3391
1588 3887
1589 1994
1590 1604
1590 3192
1591 1919
1591 2106
1591 2575
1591 2578
1591 2600
1593 2742
1594 1921
1595 1652
1595 2448
1595 3215
1595 3941
1595 4579
1596 2391
1598 2511
1599 3832
1600 2514
1600 2528
1600 3655
1600 4048
1601 4677
1602 4047
1603 3392
1605 1701
1606 4513
1607 2571
1607 3331
1607 4725
1608 1648
1608 4930
1609 1739
1609 3649
1610 4564
1610 4995
1611 2092
1611 2113
1611 4498
1612 4678
1613 2792
1614 3880
1617 4363
1618 3723
1619 4401
1620 1800
1621 3532
1621 4039
1621 4724
1622 4712
1623 3894
1624 2223
1624 2658
1624 3031
1624 3716
1625 2380
1625 2826
1625 4289
1625 4360
1626 2248
1626 3996
1627 3028
1627 3648
1628 3661
1629 4245
1630 2875
1630 3591
1633 3700
1633 4380
1634 1684
1634 4040
1635 2556
1636 4524
1637 4416
1638 1871
1639 1715
1639 4535
1640 3121
1641 1811
1641 2828
1642 1989
1642 2243
1643 3139
1645 2230
1645 2492
1646 2395
1646 3585
1646 4455
1647 3006
1649 2413
1649 4678
1650 3242
1653 3781
1653 4812
1654 2139
1655 2898
1656 2996
1656 3532
1657 1959
1657 3920
1658 3517
1659 2499
1661 1842
1661 2300
1662 4457
1663 1972
1663 4200
1664 4357
1665 3528
1666 2467
1666 3049
1666 3707
1667 1915
1668 2021
1668 2073
1668 2120
1671 1912
1671 4287
1671 4415
1672 4089
1673 1923
1674 2498
1674 2517
1674 2523
1675 1851
1675 2886
1676 4436
1677 3629
1678 1775
1680 4906
1680 4921
1681 2748
1682 3801
1683 3962
1684 2416
1684 2989
1684 3938
1685 4500
1686 2114
1686 3837
1687 2406
1688 2228
1689 2870
1690 1974
1690 2609
1690 2888
1690 4363
1691 3659
1691 4390
1692 2082
1693 3060
1693 4717
1696 2635
1697 1782
1697 2749
1698 4108
1700 4326
1701 1986
1701 4847
1703 2030
1704 2231
1706 3963
1707 3679
1708 2408
1709 2870
1710 1752
1712 1974
1712 2939
1712 4794
1713 1818
1713 3498
1714 2658
1715 3624
1715 4037
1717 4807
1718 3049
1719 3748
1720 2120
1720 2282
1720 4121
1721 2610
1721 4096
1722 1852
1723 1803
1723 2171
1724 4894
1725 4031
1726 4003
1727 3229
1728 3985
1729 2484
1730 3604
1730 4610
1733 4756
1734 3076
1736 2536
1737 4220
1738 4080
1740 1743
1741 2976
1742 2918
1742 3160
1743 3988
1744 3068
1745 3774
1745 4721
1746 4856
1747 3871
1747 4694
1748 4604
1749 4262
1751 2926
1751 4900
1753 3858
1753 3982
1755 3885
1756 1872
1756 2482
1756 4464
1756 4477
1757 2811
1757 3051
1757 3494
1757 3690
1759 3078
1760 3766
1761 3031
1761 4265
1762 2254
1762 2600
1763 1874
1763 4144
1764 2799
1764 4295
1764 4352
1765 2592
1767 4764
1768 2231
1769 3835
1770 2526
1771 2081
1772 2580
1772 2814
1773 2191
1773 3388
1773 4112
1774 4983
1775 3659
1775 4303
1775 4558
1776 3206
1776 3803
1776 4305
1777 3302
1777 3458
1779 2006
1779 2635
1780 4036
1782 4361
1782 4685
1783 2590
1784 2996
1785 4259
1788 2014
1789 3337
1789 3499
1790 2104
1791 3870
1791 4107
1792 1804
1792 3874
1793 3181
1795 4871
1796 1866
1796 3465
1796 3864
1797 2157
1798 3670
1798 4098
1799 4103
1800 2383
1800 2754
1801 3408
1801 4146
1803 2164
1803 2852
1803 4419
1804 2056
1804 4382
1805 3201
1807 1890
1808 2393
1808 3944
1809 2932
1810 2135
1810 3150
1811 4064
1812 4263
1813 4813
1815 4552
1817 2743
1817 3740
1817 4813
1817 4905
1818 2248
1818 4623
1820 2963
1820 4446
1820 4688
1821 1923
1821 4338
1822 4706
1823 2363
1823 3923
1824 1835
1824 1918
1824 2035
1824 3227
1824 3491
1826 3701
1828 2894
1828 4524
1829 2014
1829 4346
1830 4073
1830 4341
1832 2641
1834 3351
1837 2159
1838 2747
1840 2684
1841 2291
1841 4392
1842 2459
1843 3827
1843 4239
1844 2857
1845 2599
1845 3605
1846 3829
1846 4928
1847 2116
1847 2716
1847 2881
1848 2009
1850 2379
1850 4159
1852 2386
1853 4697
1856 4029
1857 2118
1859 1896
1860 4010
1860 4559
1861 3714
1862 3012
1863 3512
1864 4614
1865 4853
1867 3281
1867 4005
1869 4575
1870 2149
1870 2772
1871 2145
1872 3005
1872 4998
1873 4659
1874 3720
1874 4309
1876 3564
1876 3604
1877 4896
1879 2552
1879 3937
1880 1976
1880 2777
1881 3632
1883 4370
1884 1952
1884 4339
1885 2938
1885 4278
1886 2122
1888 2953
1889 2338
1889 3104
1890 4164
1890 4262
1891 3176
1893 3076
1894 2865
1896 3383
1897 3698
1898 2312
1898 3860
1898 4713
1898 4867
1899 4007
1900 3245
1900 4883
1901 1982
1902 3118
1902 3179
1902 3970
1903 2014
1904 2294
1904 2544
1904 3254
1904 4748
1905 4857
1906 2300
1907 4230
1908 4119
1909 1970
1910 2136
1911 3227
1911 3384
1912 2166
1913 4277
1913 4634
1914 2378
1914 3835
1914 4785
1915 3678
1915 4410
1916 3478
1918 4923
1919 4133
1920 2480
1920 4651
1922 3269
1924 3585
1925 2169
1925 3377
1925 4948
1926 2442
1928 2003
1929 3563
1930 2031
1932 4689
1932 4835
1933 2084
1933 2796
1933 3497
1933 3607
1934 2245
1934 2968
1935 4991
1936 4165
1937 3297
1938 2839
1940 4204
1943 3449
1944 2563
1944 3921
1946 2636
1947 2878
1948 3178
1950 2965
1950 3146
1950 4612
1956 4176
1958 2327
1958 3478
1958 3567
1959 1974
1960 2912
1960 2961
1961 4412
1962 3500
1964 4426
1965 2263
1965 3333
1966 3090
1967 2682
1968 2138
1968 3226
1968 4219
1968 4726
1969 3242
1970 4437
1971 3748
1972 2874
1973 3205
1973 4066
1974 2264
1974 3287
1974 4184
1975 2816
1977 3169
1979 4373
1980 2949
1981 2017
1981 4044
1982 2568
1982 4221
1984 4177
1985 3147
1985 3868
1986 4058
1986 4574
1988 4269
1988 4463
1991 3805
1992 3035
1992 3399
1993 2090
1994 3875
1995 4647
1996 4006
1997 3452
1998 4504
1999 4561
2000 4129
2001 3997
2002 2115
2004 2574
2004 3540
2005 2227
2006 2778
2007 3111
2007 3296
2007 3491
2008 4869
2009 3665
2009 4597
2010 2637
2010 3682
2010 4081
2010 4284
2011 3264
2011 4487
2012 2449
2013 2094
2014 3443
2015 2766
2015 3513
2016 4849
2018 4222
2019 2875
2019 4143
2020 3488
2024 2219
2024 2413
2025 2792
2026 2217
2026 3384
2026 4240
2026 4319
2028 3509
2030 3818
2031 2750
2031 3221
2031 4686
2032 4809
2033 3614
2033 4217
2037 4375
2037 4587
2038 3419
2039 2416
2039 4187
2039 4897
2040 4821
2041 2386
2041 2880
2042 3303
2042 4839
2043 2222
2044 2315
2044 4213
2044 4914
2045 3154
2046 4133
2046 4376
2047 2542
2049 2215
2049 3748
2050 4290
2052 2788
2054 3508
2054 3613
2054 3984
2054 4250
2054 4661
2055 3602
2056 2676
2057 3481
2057 4719
2058 2598
2058 3263
2059 2597
2060 3166
2061 2190
2061 2394
2061 4317
2061 4802
2063 2325
2063 3072
2063 3084
2063 4157
2064 3635
2065 2729
2067 2621
2068 2285
2068 2615
2069 2819
2070 3399
2070 4481
2071 2668
2072 4179
2075 2316
2075 4703
2077 2689
2078 2454
2078 2513
2079 3345
2079 4898
2081 2222
2082 4285
2083 2095
2084 2326
2085 2124
2085 2192
2085 2806
2085 3893
2086 3763
2087 3402
2087 4173
2088 2624
2089 3857
2090 4441
2090 4787
2091 2420
2091 4772
2092 4354
2092 4754
2093 3330
2093 3478
2094 2491
2094 2506
2094 2591
2096 2143
2096 2377
2096 3004
2097 2139
2097 2255
2097 3325
2097 4980
2098 2598
2098 3360
2098 3588
2099 3558
2100 2522
2100 3644
2101 2152
2102 3612
2103 2786
2105 4188
2105 4672
2106 4944
2107 4718
2109 2887
2109 4550
2109 4931
2110 2637
2110 3288
2111 2130
2112 4816
2116 2373
2116 3015
2117 2150
2118 3627
2119 3902
2119 4767
2120 2148
2122 2922
2122 3168
2122 4493
2123 2768
2123 4401
2123 4479
2123 4531
2125 2638
2125 3459
2125 3467
2126 2877
2126 3160
2127 2972
2128 3836
2129 2201
2129 2861
2129 4978
2131 2321
2133 2767
2133 4341
2134 4177
2135 4696
2136 2764
2136 4097
2137 3199
2137 3556
2140 2152
2140 3882
2141 2424
2142 3019
2143 3001
2143 3457
2143 3486
2143 3780
2144 3899
2146 3899
2147 2247
2147 4795
2148 2601
2149 2449
2149 3750
2150 2189
2150 3506
2151 2920
2153 4483
2154 2311
2154 3739
2156 4151
2157 2845
2157 3522
2158 2887
2159 3411
2160 3538
2160 3893
2160 3975
2161 3526
2161 4971
2162 2882
2162 3140
2162 4057
2163 4578
2165 4843
2167 4749
2169 2697
2170 2255
2172 2776
2172 4391
2174 4427
2174 4924
2175 2518
2175 4302
2175 4846
2177 3203
2178 3726
2179 3847
2180 2247
2180 3608
2180 4750
2181 4458
2182 4167
2182 4737
2183 2528
2183 3012
2183 4138
2184 2373
2185 4492
2186 4462
2188 4131
2190 2505
2190 3265
2191 4833
2192 3791
2193 4838
2194 2627
2194 3881
2195 3585
2195 4155
2197 2443
2197 2683
2198 3184
2198 3938
2200 3845
2200 4659
2202 3590
2204 4341
2205 4940
2206 4107
2207 3785
2208 4335
2209 4142
2211 2422
2212 3507
2213 2652
2213 4166
2215 2645
2215 2733
2217 2342
2218 3444
2221 3447
2221 3769
2221 4052
2223 3568
2223 4267
2224 3302
2224 3759
2224 4099
2225 4351
2225 4732
2226 4788
2228 3165
2229 4951
2230 3307
2231 2856
2232 2325
2232 2332
2234 4343
2234 4702
2235 2975
2237 2316
2238 4299
2238 4603
2239 3640
2240 2731
2240 3442
2240 3837
2241 4000
2241 4213
2241 4555
2242 3904
2243 2462
2244 3293
2244 3337
2244 3756
2244 3772
2245 2468
2247 4074
2248 2256
2250 3951
2250 4888
2251 4212
2252 4715
2253 3576
2255 3665
2255 4879
2256 2297
2256 2322
2256 4053
2256 4782
2257 2595
2258 3547
2258 4873
2259 2688
2259 2775
2260 3865
2261 4096
2261 4218
2262 2280
2262 3740
2264 3685
2264 3830
2265 2674
2265 4316
2267 3101
2267 3800
2268 3985
2268 4845
2271 3471
2273 4309
2274 3286
2277 3285
2278 2918
2278 4709
2278 4911
2279 3148
2280 3564
2283 3019
2284 3151
2286 3053
2286 3071
2286 4979
2287 4138
2288 2456
2288 2687
2289 4504
2291 2753
2292 4213
2293 2527
2294 2946
2294 4114
2295 4906
2298 2937
2298 3286
2299 4584
2301 4026
2302 4088
2303 4498
2305 2985
2306 2974
2306 4961
2310 2634
2311 2720
2311 3665
2313 3046
2313 3855
2314 2839
2317 4390
2317 4608
2318 3789
2319 3653
2319 3676
2321 2906
2321 4618
2321 4785
2324 3984
2325 3392
2326 3165
2327 3262
2328 4896
2329 2641
2329 3819
2331 2903
2332 2364
2332 2945
2333 3657
2333 4618
2335 2563
2335 2780
2335 3407
2336 3583
2336 3828
2337 4102
2339 4994
2342 2495
2342 3222
2344 4199
2346 3919
2347 2577
2347 3640
2347 4637
2348 4324
2349 2504
2349 3115
2350 3462
2351 2362
2352 2687
2352 4323
2353 4701
2353 4870
2355 4244
2356 2744
2360 4595
2362 4654
2362 4769
2363 4251
2363 4691
2364 2482
2365 2769
2366 2631
2367 2440
2367 3118
2367 4893
2368 4290
2369 2380
2369 4442
2370 3065
2370 4541
2370 4754
2371 3492
2374 3103
2374 3134
2375 2609
2375 2655
2375 3323
2376 4335
2377 2627
2379 4162
2381 3452
2382 3102
2383 4337
2384 3208
2384 4178
2384 4312
2387 2694
2387 3403
2388 2797
2388 4602
2389 2732
2390 4681
2391 3957
2391 4403
2392 3406
2394 4003
2396 3275
2397 2598
2397 3136
2399 3709
2399 3852
2400 2998
2400 3137
2400 3583
2401 4809
2402 3765
2403 2595
2404 3999
2406 2537
2406 2848
2407 3662
2408 4866
2409 2959
2410 4520
2411 2905
2412 3251
2414 4447
2415 4189
2416 4817
2418 3364
2418 4502
2419 2641
2420 2451
2420 2613
2421 4015
2422 4057
2422 4399
2422 4562
2422 4656
2423 3628
2424 3238
2425 2516
2426 4518
2426 4620
2427 2947
2427 3981
2428 4939
2429 4926
2430 2541
2430 3770
2431 3238
2432 4500
2432 4920
2433 3623
2434 3716
2435 3317
2435 3846
2435 4139
2437 2451
2439 2591
2439 3801
2439 4082
2441 3523
2441 4011
2442 3060
2442 3369
2444 2960
2445 2717
2446 4454
2448 2963
2448 3048
2450 3240
2450 3880
2452 3233
2452 4407
2452 4817
2453 2735
2454 3128
2458 2743
2461 2530
2461 4867
2462 4780
2463 3862
2464 4352
2465 4086
2465 4209
2466 2943
2466 3153
2468 3314
2469 3177
2470 3896
2470 4956
2471 4140
2471 4652
2473 3162
2474 3535
2475 3307
2475 3703
2475 4077
2476 3226
2476 3387
2476 3679
2477 2500
2478 4038
2479 4909
2481 3474
2482 3679
2482 3771
2483 4234
2485 3939
2487 3256
2487 3305
2490 2630
2491 2771
2493 3293
2494 2667
2494 3286
2495 4252
2496 4168
2497 3648
2499 4798
2500 3740
2501 4549
2502 4562
2502 4704
2503 3096
2503 4327
2503 4418
2503 4882
2504 3359
2508 4029
2508 4592
2509 3124
2509 4323
2511 3534
2512 3896
2513 3675
2513 4738
2514 3347
2515 2982
2515 3133
2516 2809
2516 3043
2517 2520
2519 3436
2520 4328
2521 4452
2522 3036
2522 4866
2524 4370
2526 3236
2526 3758
2527 3477
2528 4506
2529 4026
2530 3692
2531 3566
2532 3836
2534 4832
2536 2715
2537 2607
2537 2624
2537 4249
2538 2787
2539 3508
2540 4578
2542 3277
2542 4367
2543 2927
2543 4002
2546 3724
2547 3072
2547 4288
2548 3425
2548 4621
2549 3598
2551 4606
2554 3745
2555 3770
2555 4241
2556 3965
2557 3394
2558 4640
2559 3829
2559 4204
2560 4436
2561 4040
2562 3052
2565 3056
2566 4309
2567 3181
2567 3842
2567 4539
2568 3738
2569 2881
2572 4278
2573 2750
2576 2687
2576 2990
2580 4946
2581 3332
2582 4094
2584 3466
2585 2861
2585 3349
2593 4050
2594 3501
2594 4130
2595 4014
2596 3540
2596 3819
2598 4350
2599 2793
2602 4567
2603 4924
2604 3995
2605 3498
2605 4707
2606 3575
2608 2711
2608 3006
2608 4777
2609 3776
2611 3079
2611 3105
2611 4109
2614 3167
2616 3673
2616 3797
2617 4125
2618 3958
2622 2888
2622 3279
2622 4622
2623 3927
2623 3974
2623 4998
2624 4175
2626 3433
2626 3705
2628 4920
2629 2905
2629 4055
2630 4986
2631 4072
2632 4500
2633 4782
2633 4903
2634 4730
2635 2689
2635 3137
2635 4884
2639 3344
2642 3713
2643 3641
2643 4865
2644 4393
2644 4602
2644 4856
2646 2789
2647 3156
2648 2707
2648 2890
2648 4474
2649 3415
2650 4037
2650 4755
2651 4570
2653 4589
2653 4960
2654 4772
2656 3752
2656 4837
2658 4805
2662 4968
2663 4365
2665 4595
2667 2678
2667 3175
2668 4190
2669 3625
2669 4939
2671 4350
2673 3940
2676 4024
2677 4185
2679 3174
2682 3578
2684 2762
2684 2841
2684 3087
2684 3320
2686 3806
2686 4801
2690 3611
2690 4507
2691 2988
2691 4598
2692 4066
2692 4410
2692 4955
2693 2760
2693 3450
2695 4509
2697 2940
2698 4088
2699 3682
2699 4231
2700 4283
2700 4718
2700 4875
2702 3140
2709 3042
2709 3117
2711 3793
2712 4511
2712 4822
2715 3493
2717 2778
2718 3022
2718 4095
2719 3372
2720 4650
2720 4651
2722 3537
2722 3717
2723 3683
2724 4429
2726 3483
2727 4666
2728 3790
2730 3092
2730 4253
2732 3802
2732 4021
2734 3343
2734 4126
2735 3575
2736 3422
2736 4408
2737 2836
2738 4996
2739 4835
2741 4957
2742 2950
2743 4323
2744 3013
2744 3536
2747 3605
2747 3612
2747 4304
2748 3216
2751 2818
2751 4823
2758 3248
2758 3388
2758 3622
2759 4783
2759 4895
2761 4151
2761 4591
2762 4969
2763 3792
2764 3628
2765 2850
2765 3548
2765 4611
2767 3979
2769 3695
2769 4649
2770 2914
2773 3253
2773 4852
2774 2947
2776 2958
2776 4071
2777 3126
2779 2791
2779 3658
2779 4166
2779 4665
2780 4181
2781 4671
2782 4526
2785 2926
2787 3405
2788 3412
2788 4145
2789 3247
2790 3213
2793 4572
2794 3990
2795 3843
2795 4697
2796 3000
2798 3894
2799 3409
2805 4492
2807 3375
2812 2930
2813 4510
2815 2908
2817 2966
2817 4156
2820 4397
2821 3324
2821 3334
2822 4475
2825 4492
2826 3178
2827 3112
2828 3357
2830 4996
2831 2984
2832 3102
2832 4124
2833 4091
2834 2843
2834 4519
2834 4958
2835 3029
2836 4587
2845 4727
2846 4527
2847 3451
2847 4689
2848 3890
2849 3219
2849 4117
2851 3886
2853 3259
2853 4885
2854 4799
2855 2862
2856 4251
2858 3209
2859 4164
2860 3576
2861 4410
2861 4465
2863 3261
2863 3847
2864 3577
2865 4364
2866 3652
2867 3429
2867 4045
2868 3688
2870 4322
2871 3933
2873 3985
2875 3758
2875 4824
2876 3018
2878 4574
2878 4616
2879 3629
2879 3750
2879 3879
2879 3942
2881 4662
2883 3088
2884 4449
2885 3410
2886 3513
2886 4767
2887 4377
2890 3796
2891 3334
2892 4995
2893 3195
2893 3889
2893 4202
2895 3656
2895 4448
2897 3597
2899 4451
2900 4599
2901 4447
2905 3695
2908 4224
2909 3070
2910 3701
2910 3734
2911 4653
2912 3173
2912 4674
2913 4531
2914 4273
2917 3512
2918 4291
2918 4844
2919 3227
2922 3616
2924 4558
2926 3213
2927 3407
2927 3530
2928 3239
2928 4087
2929 3952
2929 4236
2930 3750
2930 4879
2933 4895
2935 3927
2942 3101
2946 3116
2947 3305
2947 4877
2948 4490
2949 3746
2949 4271
2951 4458
2952 4732
2953 3141
2953 3369
2954 3270
2957 3834
2960 4457
2961 4778
2963 4740
2964 4962
2966 3320
2968 3702
2969 3112
2970 3669
2973 4488
2974 3021
2975 4695
2976 4536
2978 3777
2980 3332
2981 3785
2982 3557
2984 3254
2985 3801
2985 4657
2986 3440
2987 4032
2988 4660
2992 4049
2993 4482
2993 4505
2993 4728
2994 3615
2994 4010
2995 4761
2996 3702
2996 4609
2997 4815
2998 3812
3000 3341
3001 4234
3001 4770
3003 3362
3008 3151
3009 3546
3010 4889
3013 3860
3014 4922
3015 4629
3016 3244
3016 4011
3016 4070
3017 4217
3020 3530
3021 3711
3023 4283
3023 4901
3024 4404
3029 3518
3030 4411
3031 3955
3031 4469
3032 4608
3037 4657
3038 3802
3041 3384
3041 4210
3044 3975
3048 4996
3049 4390
3051 3899
3051 4238
3054 3817
3055 3225
3056 4662
3057 4887
3058 4252
3058 4775
3059 4808
3061 3081
3061 4859
3062 3773
3063 3275
3063 3712
3063 4502
3064 4211
3064 4601
3066 4785
3067 4031
3067 4182
3068 3876
3069 3943
3071 4067
3072 4274
3073 4144
3073 4606
3074 4388
3074 4392
3074 4727
3076 4871
3077 4876
3078 3414
3079 3370
3080 3869
3081 3644
3081 4413
3083 4429
3085 4430
3088 3580
3089 4106
3089 4202
3091 4680
3093 3146
3094 4536
3097 4613
3098 4982
3099 3460
3099 4526
3101 3972
3104 4709
3105 3131
3108 4935
3109 4462
3112 3356
3112 3610
3114 3283
3115 4080
3117 4663
3120 4993
3121 4449
3121 4492
3121 4803
3122 3924
3123 4654
3127 3363
3127 4364
3128 4136
3128 4743
3131 3918
3131 4455
3132 4027
3134 3200
3134 4601
3135 4516
3138 4937
3142 3291
3143 3164
3145 3405
3147 4378
3149 3221
3151 4335
3152 3941
3155 3346
3155 3883
3156 3201
3156 4332
3158 3947
3159 3853
3160 4093
3161 4566
3162 4142
3163 3700
3163 4198
3165 4266
3165 4586
3167 4455
3169 3529
3170 4397
3173 3620
3175 4012
3177 3371
3177 4957
3179 3873
3179 4302
3179 4874
3180 3264
3182 4463
3183 3237
3185 3355
3186 3260
3187 3693
3190 3467
3191 4558
3192 3919
3194 3337
3194 3339
3195 4111
3195 4412
3196 3565
3196 3762
3200 3768
3201 3760
3202 4185
3204 3231
3205 4576
3210 4205
3210 4690
3216 3846
3217 3804
3220 4948
3224 3756
3225 3700
3226 4968
3228 3732
3229 3618
3230 3934
3231 4660
3232 3440
3232 4434
3233 3992
3234 4901
3234 4936
3235 3305
3238 4421
3239 4336
3239 4554
3242 3506
3242 3744
3243 3305
3244 3830
3245 4362
3246 3392
3249 4300
3251 3426
3254 3589
3255 3857
3256 3520
3256 4185
3259 4733
3260 3831
3264 4444
3265 3579
3266 4462
3266 4476
3266 4907
3268 4228
3269 3414
3269 3707
3270 4696
3272 4387
3273 3875
3276 3342
3277 4084
3277 4840
3278 4860
3279 3900
3280 3969
3283 3419
3283 3604
3285 3331
3285 3358
3285 3532
3285 4174
3288 4365
3289 3354
3290 3728
3292 3343
3293 3822
3294 3888
3294 4639
3302 3854
3302 4538
3305 3338
3306 3906
3306 4085
3313 3587
3316 4078
3319 3447
3319 3463
3321 3415
3321 3659
3322 4445
3326 3447
3326 3649
3327 3832
3329 3683
3331 4313
3332 4959
3333 4115
3334 3984
3335 3704
3336 4334
3337 3551
3339 4730
3341 3912
3343 4994
3344 3599
3345 3540
3345 4391
3348 3525
3349 4635
3352 4399
3358 4310
3359 3543
3365 4431
3367 3753
3369 4119
3374 4768
3378 4408
3381 3639
3382 4930
3383 4149
3383 4349
3386 3738
3386 4038
3387 4172
3389 3541
3389 4948
3393 4769
3394 4978
3396 3478
3396 3915
3398 3648
3400 4862
3404 3737
3404 4430
3405 4453
3405 4806
3405 4873
3413 4709
3417 4918
3418 4908
3420 4430
3423 4143
3425 4009
3426 3480
3426 4006
3427 4540
3428 4241
3435 4689
3436 4641
3437 3972
3437 4187
3438 4023
3439 4603
3440 4785
3441 3891
3442 3904
3444 4859
3446 4857
3448 3668
3452 3969
3452 4158
3453 3574
3453 3968
3454 3963
3455 3677
3458 3637
3461 4236
3466 4188
3468 3560
3468 3851
3469 3698
3470 3502
3470 4636
3476 3539
3479 4610
3484 4165
3485 3534
3485 3537
3485 3632
3488 3753
3493 4606
3494 4996
3495 4166
3495 4494
3496 3876
3499 4273
3499 4516
3502 4814
3503 4629
3509 3971
3509 4952
3510 4882
3511 3788
3512 3866
3512 4759
3515 4745
3516 3871
3516 4779
3518 4318
3519 4204
3520 3555
3521 3658
3521 3803
3525 4991
3527 4224
3528 3570
3531 4222
3532 4994
3533 4777
3534 4723
3535 3695
3538 4342
3538 4934
3539 4683
3540 4641
3545 4719
3546 4431
3553 4230
3558 4020
3558 4053
3558 4573
3559 4766
3561 4670
3568 3978
3568 4736
3569 4672
3570 4865
3571 4499
3571 4900
3572 4513
3572 4664
3572 4786
3572 4959
3576 3987
3577 3841
3586 4358
3587 3752
3587 4584
3589 4261
3590 4868
3593 3820
3595 4670
3599 4945
3601 4821
3602 3983
3603 4108
3605 4178
3607 4646
3608 4027
3609 4825
3611 4970
3612 3893
3612 4625
3614 4759
3617 3623
3619 3660
3619 4667
3621 4102
3625 3776
3626 3911
3629 4095
3630 4331
3630 4990
3634 4976
3635 3739
3635 4329
3638 4581
3639 4884
3643 4327
3644 3765
3644 3887
3645 4881
3646 4444
3646 4532
3646 4858
3646 4951
3647 4148
3648 3785
3650 3704
3651 4755
3654 3715
3655 4891
3660 4952
3662 3785
3662 4970
3663 4403
3664 4086
3665 4262
3666 4035
3669 3684
3672 4877
3677 4834
3677 4986
3680 3695
3683 4740
3684 4079
3687 4900
3688 4727
3691 4393
3692 3928
3692 4954
3695 4007
3697 4494
3698 4063
3700 3864
3700 4406
3701 4413
3701 4976
3702 4752
3704 4673
3706 4446
3710 3780
3715 4082
3715 4371
3715 4393
3718 4260
3719 3753
3722 4437
3725 4361
3727 4425
3729 4818
3730 4258
3731 3859
3731 4883
3733 3785
3736 4742
3741 4556
3742 4215
3743 4123
3747 4872
3749 4545
3750 4693
3753 4842
3754 4803
3755 3963
3755 3983
3759 4710
3761 3775
3761 4380
3761 4486
3764 4362
3765 3993
3765 4742
3766 4092
3767 4626
3772 4512
3772 4927
3777 4117
3778 4655
3779 4904
3781 4268
3781 4459
3782 4223
3783 4315
3785 4271
3797 4977
3798 4965
3799 4742
3804 4184
3806 4096
3807 3882
3807 4424
3809 4226
3811 4703
3813 4463
3813 4530
3814 4632
3815 3868
3815 4422
3817 4526
3820 4708
3823 4904
3825 4281
3825 4637
3832 4171
3836 4282
3837 4046
3838 4433
3840 4797
3841 3862
3845 4692
3846 4620
3848 4493
3849 4652
3851 4168
3852 4682
3854 4197
3856 4776
3857 4860
3858 3954
3861 3863
3864 4630
3865 4767
3866 4899
3868 4764
3872 3945
3875 4133
3885 3911
3889 4173
3889 4997
3897 4603
3899 4796
3901 4732
3902 4823
3903 4811
3903 4873
3905 4062
3905 4386
3912 4374
3913 4900
3915 4604
3918 4663
3919 4813
3928 3934
3928 4461
3929 4249
3930 4444
3930 4585
3931 4659
3946 4079
3946 4224
3947 4646
3950 4699
3954 4075
3954 4732
3956 4912
3964 4432
3965 4034
3965 4383
3968 4915
3969 4595
3975 4485
3976 4966
3977 4804
3978 4301
3978 4549
3979 4168
3980 4175
3980 4833
3987 4189
3987 4974
3991 4698
3999 4334
4000 4665
4001 4215
4001 4348
4001 4729
4004 4264
4007 4545
4013 4272
4014 4679
4015 4044
4018 4416
4019 4390
4028 4689
4028 4882
4030 4300
4030 4578
4033 4918
4034 4774
4041 4225
4049 4281
4054 4724
4059 4896
4060 4154
4062 4342
4063 4655
4064 4321
4067 4973
4068 4735
4069 4083
4069 4590
4078 4278
4080 4123
4083 4845
4088 4412
4090 4678
4091 4153
4091 4986
4094 4322
4098 4888
4101 4185
4104 4988
4107 4224
4113 4452
4114 4916
4116 4756
4118 4553
4119 4855
4120 4256
4123 4794
4128 4839
4132 4552
4135 4560
4139 4298
4142 4370
4142 4932
4143 4420
4148 4537
4153 4371
4153 4992
4158 4562
4160 4788
4161 4267
4167 4695
4168 4471
4171 4728
4186 4672
4192 4558
4193 4942
4194 4809
4196 4513
4201 4673
4201 4981
4208 4716
4208 4929
4212 4426
4212 4450
4214 4405
4219 4645
4221 4257
4221 4698
4222 4917
4223 4852
4225 4647
4226 4732
4227 4264
4232 4492
4234 4575
4236 4819
4242 4698
4243 4781
4246 4798
4255 4381
4257 4850
4263 4857
4266 4353
4268 4760
4276 4908
4277 4590
4280 4989
4294 4711
4298 4880
4302 4714
4307 4526
4319 4999
4322 4636
4325 4343
4327 4722
4330 4908
4335 4790
4338 4506
4338 4658
4338 4886
4342 4404
4347 4619
4347 4952
4354 4771
4356 4862
4362 4719
4367 4414
4368 4865
4380 4397
4380 4598
4382 4495
4387 4907
4394 4533
4394 4708
4395 4851
4403 4931
4403 4971
4409 4777
4410 4611
4417 4820
4424 4960
4427 4935
4429 4547
4431 4894
4433 4553
4437 4791
4450 4606
4451 4617
4458 4595
4467 4840
4467 4889
4468 4816
4470 4757
4478 4557
4484 4878
4487 4544
4489 4742
4496 4772
4497 4627
4512 4590
4517 4741
4519 4699
4523 4687
4529 4787
4529 4933
4538 4950
4540 4668
4540 4854
4542 4805
4548 4584
4551 4740
4552 4765
4558 4875
4563 4761
4580 4986
4587 4967
4590 4643
4603 4739
4611 4952
4613 4691
4616 4652
4619 4624
4623 4761
4629 4840
4633 4951
4636 4731
4639 4687
4644 4816
4653 4658
4679 4929
4685 4810
4696 4849
4696 4883
4720 4997
4745 4941
4777 4813
4779 4857
4785 4864
4796 4919
4800 4967
4808 4854
4820 4953
4820 4985
4826 4905
4832 4962
4837 4905
4846 4913
4876 4947
4892 4937
4926 4988
4935 4982
