-1832
99
0 73
1 12
1 17
1 37
1 57
2 58
2 73
2 83
3 55
3 70
4 19
4 37
4 40
5 84
6 57
6 91
7 90
8 66
9 15
9 18
9 45
9 54
10 34
11 49
12 58
12 63
13 53
14 26
14 36
14 51
14 65
14 96
16 73
17 30
17 33
17 72
17 78
18 32
18 43
18 71
19 24
20 21
20 36
22 29
23 66
25 29
25 30
25 86
26 68
27 37
27 88
27 96
28 41
28 98
29 49
29 81
30 92
31 64
31 73
32 47
32 73
32 74
33 80
34 66
35 66
35 80
37 60
38 72
39 83
40 44
40 79
41 83
42 52
42 85
42 96
45 62
45 70
46 90
48 83
50 70
51 89
53 64
56 90
56 96
58 77
59 76
61 98
64 84
64 93
67 72
67 97
69 77
71 76
73 75
73 99
78 82
84 87
93 95
94 98
