[2022-05-05 14:54:23] [info] Start Program:
Path:"C:\Users\marti\source\repos\Lab8FAB\x64\Debug\Lab6FAB.exe"
Arguments:
Working directory: "C:\Users\marti\source\repos\Lab8FAB\Lab6FAB\"
Modules: Selected: C:\Users\marti\source\repos\Lab8FAB\x64\Debug\Lab6FAB.exe Excluded: 
Sources: Selected: C:\Users\marti\source\repos\Lab8FAB\Lab6FAB Excluded: prezentare 
Log Level: Normal
Cover Children: 0
Aggregate by file: 1
Continue after C++ exception: 0
Optimized build support: 0
Export: Binary C:\Users\marti\AppData\Local\Temp\feefqh2l.1k1 
Input coverage: 
Unified diff: 
Excluded line regular expressions: 
Substitute pdb source paths: 

[2022-05-05 14:54:23] [info] Module: C:\Users\marti\source\repos\Lab8FAB\x64\Debug\Lab6FAB.exe is selected because it matches selected pattern: C:\Users\marti\source\repos\Lab8FAB\x64\Debug\Lab6FAB.exe
[2022-05-05 14:54:23] [info] ----------------------------------------------------
[2022-05-05 14:54:23] [info] Coverage binary generated in file: C:\Users\marti\AppData\Local\Temp\feefqh2l.1k1
[2022-05-05 14:54:23] [info] ----------------------------------------------------
