2023-04-18 17:32:21,584 [1] INFO ServicesRpcProxy - Logged in
2023-04-18 17:32:22,593 [1] INFO ServicesRpcProxy - Got shows
2023-04-18 17:32:47,337 [1] INFO ServicesRpcProxy - Logged out
2023-04-18 17:35:34,894 [1] INFO ServicesRpcProxy - Logged in
2023-04-18 17:35:35,915 [1] INFO ServicesRpcProxy - Got shows
2023-04-18 17:35:41,331 [1] INFO ServicesRpcProxy - Ticket added
2023-04-18 17:35:41,331 [4] INFO ServicesRpcProxy - Ticket sold 1  2 Simina noOfSeats: 1
2023-04-18 17:35:50,579 [1] INFO ServicesRpcProxy - Logged out
2023-04-18 17:35:54,254 [1] INFO ServicesRpcProxy - Logged in
2023-04-18 17:35:55,274 [1] INFO ServicesRpcProxy - Got shows
2023-04-18 17:36:01,336 [1] INFO ServicesRpcProxy - Logged out
2023-04-18 17:36:40,024 [1] INFO ServicesRpcProxy - Logged in
2023-04-18 17:36:41,037 [1] INFO ServicesRpcProxy - Got shows
2023-04-18 17:36:46,698 [1] INFO ServicesRpcProxy - Ticket added
2023-04-18 17:36:46,698 [4] INFO ServicesRpcProxy - Ticket sold 1  5 Dorel noOfSeats: 2
2023-04-18 17:36:51,276 [1] INFO ServicesRpcProxy - Logged out
2023-04-18 17:37:35,886 [1] INFO ServicesRpcProxy - Logged in
2023-04-18 17:37:36,904 [1] INFO ServicesRpcProxy - Got shows
2023-04-18 17:37:39,620 [1] INFO ServicesRpcProxy - Got shows
2023-04-18 17:37:40,707 [1] INFO ServicesRpcProxy - Got shows
2023-04-18 17:37:42,203 [1] INFO ServicesRpcProxy - Got shows
2023-04-18 17:37:44,300 [1] INFO ServicesRpcProxy - Logged out
2023-04-18 17:37:50,295 [1] INFO ServicesRpcProxy - Logged in
2023-04-18 17:37:51,303 [1] INFO ServicesRpcProxy - Got shows
2023-04-18 17:37:52,623 [1] INFO ServicesRpcProxy - Logged out
2023-04-18 17:41:00,223 [1] INFO ServicesRpcProxy - Logged in
2023-04-18 17:41:01,239 [1] INFO ServicesRpcProxy - Got shows
2023-04-18 17:41:08,523 [1] INFO ServicesRpcProxy - Logged in
2023-04-18 17:41:09,529 [1] INFO ServicesRpcProxy - Got shows
2023-04-18 17:41:20,284 [1] INFO ServicesRpcProxy - Ticket added
2023-04-18 17:41:20,285 [4] INFO ServicesRpcProxy - Ticket sold 1  3 Emilian noOfSeats: 1
2023-04-18 17:41:20,285 [4] INFO ServicesRpcProxy - Ticket sold 1  3 Emilian noOfSeats: 1
2023-04-18 17:41:24,892 [1] INFO ServicesRpcProxy - Logged out
2023-04-18 17:41:25,809 [1] INFO ServicesRpcProxy - Logged out
2023-04-24 13:20:02,426 [1] INFO ServicesRpcProxy - Logged in
2023-04-24 13:20:03,446 [1] INFO ServicesRpcProxy - Got shows
2023-04-24 13:20:09,675 [1] INFO ServicesRpcProxy - Logged in
2023-04-24 13:20:10,687 [1] INFO ServicesRpcProxy - Got shows
2023-04-24 13:20:59,271 [1] INFO ServicesRpcProxy - Ticket added
2023-04-24 13:20:59,272 [4] INFO ServicesRpcProxy - Ticket sold 1  4 Adrian noOfSeats: 1
2023-04-24 13:20:59,272 [5] INFO ServicesRpcProxy - Ticket sold 1  4 Adrian noOfSeats: 1
2023-04-24 13:21:06,879 [1] INFO ServicesRpcProxy - Got shows
2023-04-24 13:21:07,896 [1] INFO ServicesRpcProxy - Got shows
2023-04-24 13:21:10,640 [1] INFO ServicesRpcProxy - Got shows
2023-04-24 13:21:11,715 [1] INFO ServicesRpcProxy - Got shows
2023-04-24 13:21:14,378 [1] INFO ServicesRpcProxy - Logged out
2023-04-24 13:21:21,535 [1] ERROR ServicesRpcProxy - Error logging inUser already logged in.
2023-04-24 13:21:25,759 [1] INFO ServicesRpcProxy - Logged in
2023-04-24 13:21:26,770 [1] INFO ServicesRpcProxy - Got shows
2023-04-24 13:21:30,651 [1] INFO ServicesRpcProxy - Logged out
2023-04-24 13:21:41,065 [1] INFO ServicesRpcProxy - Logged out
2023-04-24 13:27:46,549 [1] INFO ServicesRpcProxy - Logged in
2023-04-24 13:27:47,570 [1] INFO ServicesRpcProxy - Got shows
2023-04-24 13:27:52,730 [1] INFO ServicesRpcProxy - Logged out
2023-04-24 13:30:33,499 [1] INFO ServicesRpcProxy - Logged in
2023-04-24 13:30:34,508 [1] INFO ServicesRpcProxy - Got shows
2023-04-24 13:31:41,044 [1] ERROR ServicesRpcProxy - Error logging inUser already logged in.
2023-04-24 13:31:45,074 [1] INFO ServicesRpcProxy - Logged in
2023-04-24 13:31:46,090 [1] INFO ServicesRpcProxy - Got shows
2023-04-24 13:32:11,801 [1] INFO ServicesRpcProxy - Logged in
2023-04-24 13:32:12,824 [1] INFO ServicesRpcProxy - Got shows
2023-04-24 13:32:24,208 [1] INFO ServicesRpcProxy - Logged out
2023-04-24 13:32:39,738 [1] INFO ServicesRpcProxy - Logged in
2023-04-24 13:32:40,722 [1] INFO ServicesRpcProxy - Got shows
2023-04-24 13:33:55,167 [1] INFO ServicesRpcProxy - Logged in
2023-04-24 13:33:56,176 [1] INFO ServicesRpcProxy - Got shows
2023-04-24 13:34:00,781 [1] INFO ServicesRpcProxy - Logged out
2023-04-24 13:34:12,017 [1] INFO ServicesRpcProxy - Logged in
2023-04-24 13:34:13,024 [1] INFO ServicesRpcProxy - Got shows
2023-04-24 13:34:56,644 [1] INFO ServicesRpcProxy - Logged in
2023-04-24 13:34:57,662 [1] INFO ServicesRpcProxy - Got shows
2023-04-24 13:35:05,207 [1] INFO ServicesRpcProxy - Logged out
2023-04-24 13:37:54,737 [1] INFO ServicesRpcProxy - Logged in
2023-04-24 13:37:55,746 [1] INFO ServicesRpcProxy - Got shows
2023-04-24 13:38:03,505 [1] INFO ServicesRpcProxy - Logged out
2023-04-24 13:39:36,796 [1] INFO ServicesRpcProxy - Logged in
2023-04-24 13:39:37,813 [1] INFO ServicesRpcProxy - Got shows
2023-04-24 13:39:46,089 [1] INFO ServicesRpcProxy - Logged out
2023-04-24 13:40:08,607 [1] INFO ServicesRpcProxy - Logged in
2023-04-24 13:40:09,628 [1] INFO ServicesRpcProxy - Got shows
2023-04-24 13:40:13,827 [1] INFO ServicesRpcProxy - Logged out
2023-04-24 13:40:27,654 [1] INFO ServicesRpcProxy - Logged in
2023-04-24 13:40:28,672 [1] INFO ServicesRpcProxy - Got shows
2023-04-24 13:40:31,415 [1] INFO ServicesRpcProxy - Logged out
2023-04-24 13:40:52,934 [1] INFO ServicesRpcProxy - Logged in
2023-04-24 13:40:53,950 [1] INFO ServicesRpcProxy - Got shows
2023-04-24 13:40:57,386 [1] INFO ServicesRpcProxy - Logged out
2023-04-24 13:42:04,567 [1] INFO ServicesRpcProxy - Logged in
2023-04-24 13:42:05,580 [1] INFO ServicesRpcProxy - Got shows
2023-04-24 13:42:11,363 [1] INFO ServicesRpcProxy - Logged out
2023-04-24 13:52:18,168 [1] INFO ServicesRpcProxy - Logged in
2023-04-24 13:52:19,178 [1] INFO ServicesRpcProxy - Got shows
2023-04-24 13:52:23,515 [1] INFO ServicesRpcProxy - Logged out
2023-04-24 13:52:43,148 [1] INFO ServicesRpcProxy - Logged in
2023-04-24 13:52:44,178 [1] INFO ServicesRpcProxy - Got shows
2023-04-24 13:54:29,532 [1] INFO ServicesRpcProxy - Logged in
2023-04-24 13:54:30,545 [1] INFO ServicesRpcProxy - Got shows
2023-04-24 13:54:54,053 [1] INFO ServicesRpcProxy - Logged out
2023-04-24 13:55:33,457 [1] INFO ServicesRpcProxy - Logged in
2023-04-24 13:55:34,468 [1] INFO ServicesRpcProxy - Got shows
2023-04-24 13:55:40,176 [1] INFO ServicesRpcProxy - Logged out
2023-04-24 13:56:44,627 [1] INFO ServicesRpcProxy - Logged in
2023-04-24 13:56:45,651 [1] INFO ServicesRpcProxy - Got shows
2023-04-24 13:56:48,028 [1] INFO ServicesRpcProxy - Logged out
2023-04-24 20:27:39,163 [1] INFO ServicesRpcProxy - Logged in
2023-04-24 20:27:40,185 [1] INFO ServicesRpcProxy - Got shows
2023-04-24 20:27:43,337 [1] INFO ServicesRpcProxy - Logged out
2023-04-24 20:28:33,500 [1] INFO ServicesRpcProxy - Logged in
2023-04-24 20:28:34,518 [1] INFO ServicesRpcProxy - Got shows
2023-04-24 20:28:37,327 [1] INFO ServicesRpcProxy - Logged out
2023-04-24 20:34:34,735 [1] INFO ServicesRpcProxy - Logged in
2023-04-24 20:34:35,755 [1] INFO ServicesRpcProxy - Got shows
2023-04-24 20:34:47,017 [1] INFO ServicesRpcProxy - Ticket added
2023-04-24 20:34:47,017 [4] INFO ServicesRpcProxy - Ticket sold 1  5 Edward noOfSeats: 1
2023-04-24 20:35:10,837 [1] INFO ServicesRpcProxy - Logged in
2023-04-24 20:35:11,854 [1] INFO ServicesRpcProxy - Got shows
2023-04-24 20:35:16,305 [1] INFO ServicesRpcProxy - Got shows
2023-04-24 20:35:17,475 [1] INFO ServicesRpcProxy - Got shows
2023-04-24 20:35:18,600 [1] INFO ServicesRpcProxy - Got shows
2023-04-24 20:35:19,707 [1] INFO ServicesRpcProxy - Got shows
2023-04-24 20:35:26,032 [1] INFO ServicesRpcProxy - Logged out
2023-04-24 20:36:05,241 [1] INFO ServicesRpcProxy - Logged in
2023-04-24 20:36:06,258 [1] INFO ServicesRpcProxy - Got shows
2023-04-24 20:36:08,607 [1] INFO ServicesRpcProxy - Got shows
2023-04-24 20:36:09,621 [1] INFO ServicesRpcProxy - Got shows
2023-04-24 20:36:11,650 [1] INFO ServicesRpcProxy - Got shows
2023-04-24 20:36:12,845 [1] INFO ServicesRpcProxy - Got shows
2023-04-24 20:36:19,884 [1] INFO ServicesRpcProxy - Logged out
2023-04-24 20:39:16,801 [1] ERROR ServicesRpcProxy - Error logging inUser already logged in.
2023-04-24 20:39:23,526 [1] INFO ServicesRpcProxy - Logged in
2023-04-24 20:39:24,544 [1] INFO ServicesRpcProxy - Got shows
2023-04-24 20:41:40,217 [1] INFO ServicesRpcProxy - Logged in
2023-04-24 20:41:41,228 [1] INFO ServicesRpcProxy - Got shows
2023-04-24 20:41:51,190 [1] INFO ServicesRpcProxy - Logged out
2023-04-24 20:42:49,498 [1] INFO ServicesRpcProxy - Logged in
2023-04-24 20:42:50,509 [1] INFO ServicesRpcProxy - Got shows
2023-04-24 20:42:56,465 [1] ERROR ServicesRpcProxy - Error logging inUser already logged in.
2023-04-24 23:50:07,628 [1] INFO ServicesRpcProxy - Logged in
2023-04-26 10:41:08,586 [1] INFO ServicesRpcProxy - Logged in
2023-04-26 10:41:09,609 [1] INFO ServicesRpcProxy - Got shows
2023-04-26 10:41:12,745 [1] INFO ServicesRpcProxy - Logged out
2023-04-26 23:20:47,601 [1] INFO ServicesRpcProxy - Logged in
2023-04-26 23:20:48,634 [1] INFO ServicesRpcProxy - Got shows
2023-04-26 23:21:03,605 [1] INFO ServicesRpcProxy - Logged out
2023-04-26 23:21:49,171 [1] INFO ServicesRpcProxy - Logged in
2023-04-26 23:21:50,191 [1] INFO ServicesRpcProxy - Got shows
2023-04-26 23:21:59,117 [1] INFO ServicesRpcProxy - Got shows
2023-04-26 23:22:00,140 [1] INFO ServicesRpcProxy - Got shows
2023-04-26 23:22:01,158 [1] INFO ServicesRpcProxy - Got shows
2023-04-26 23:22:02,185 [1] INFO ServicesRpcProxy - Got shows
2023-04-26 23:22:14,588 [1] INFO ServicesRpcProxy - Logged out
2023-04-26 23:23:59,797 [1] INFO ServicesRpcProxy - Logged in
2023-04-26 23:24:00,822 [1] INFO ServicesRpcProxy - Got shows
2023-04-26 23:24:04,001 [1] INFO ServicesRpcProxy - Got shows
2023-04-26 23:24:05,157 [1] INFO ServicesRpcProxy - Got shows
2023-04-26 23:24:06,635 [1] INFO ServicesRpcProxy - Got shows
2023-04-26 23:24:07,857 [1] INFO ServicesRpcProxy - Got shows
2023-04-26 23:24:17,645 [1] INFO ServicesRpcProxy - Logged out
