2023-04-18 17:32:21,584 [1] INFO ServicesRpcProxy - Logged in
2023-04-18 17:32:22,593 [1] INFO ServicesRpcProxy - Got shows
2023-04-18 17:32:47,337 [1] INFO ServicesRpcProxy - Logged out
2023-04-18 17:35:34,894 [1] INFO ServicesRpcProxy - Logged in
2023-04-18 17:35:35,915 [1] INFO ServicesRpcProxy - Got shows
2023-04-18 17:35:41,331 [1] INFO ServicesRpcProxy - Ticket added
2023-04-18 17:35:41,331 [4] INFO ServicesRpcProxy - Ticket sold 1  2 Simina noOfSeats: 1
2023-04-18 17:35:50,579 [1] INFO ServicesRpcProxy - Logged out
2023-04-18 17:35:54,254 [1] INFO ServicesRpcProxy - Logged in
2023-04-18 17:35:55,274 [1] INFO ServicesRpcProxy - Got shows
2023-04-18 17:36:01,336 [1] INFO ServicesRpcProxy - Logged out
2023-04-18 17:36:40,024 [1] INFO ServicesRpcProxy - Logged in
2023-04-18 17:36:41,037 [1] INFO ServicesRpcProxy - Got shows
2023-04-18 17:36:46,698 [1] INFO ServicesRpcProxy - Ticket added
2023-04-18 17:36:46,698 [4] INFO ServicesRpcProxy - Ticket sold 1  5 Dorel noOfSeats: 2
2023-04-18 17:36:51,276 [1] INFO ServicesRpcProxy - Logged out
2023-04-18 17:37:35,886 [1] INFO ServicesRpcProxy - Logged in
2023-04-18 17:37:36,904 [1] INFO ServicesRpcProxy - Got shows
2023-04-18 17:37:39,620 [1] INFO ServicesRpcProxy - Got shows
2023-04-18 17:37:40,707 [1] INFO ServicesRpcProxy - Got shows
2023-04-18 17:37:42,203 [1] INFO ServicesRpcProxy - Got shows
2023-04-18 17:37:44,300 [1] INFO ServicesRpcProxy - Logged out
2023-04-18 17:37:50,295 [1] INFO ServicesRpcProxy - Logged in
2023-04-18 17:37:51,303 [1] INFO ServicesRpcProxy - Got shows
2023-04-18 17:37:52,623 [1] INFO ServicesRpcProxy - Logged out
2023-04-18 17:41:00,223 [1] INFO ServicesRpcProxy - Logged in
2023-04-18 17:41:01,239 [1] INFO ServicesRpcProxy - Got shows
2023-04-18 17:41:08,523 [1] INFO ServicesRpcProxy - Logged in
2023-04-18 17:41:09,529 [1] INFO ServicesRpcProxy - Got shows
2023-04-18 17:41:20,284 [1] INFO ServicesRpcProxy - Ticket added
2023-04-18 17:41:20,285 [4] INFO ServicesRpcProxy - Ticket sold 1  3 Emilian noOfSeats: 1
2023-04-18 17:41:20,285 [4] INFO ServicesRpcProxy - Ticket sold 1  3 Emilian noOfSeats: 1
2023-04-18 17:41:24,892 [1] INFO ServicesRpcProxy - Logged out
2023-04-18 17:41:25,809 [1] INFO ServicesRpcProxy - Logged out
