09 Apr 2023 15:11:04,766 INFO  SeventhWeekServerClient.network.rpcprotocol.ServicesRpcProxy 36 <init> - Creating proxy
09 Apr 2023 15:11:10,433 INFO  SeventhWeekServerClient.network.rpcprotocol.ServicesRpcProxy 99 initializeConnection - Connection initialized
09 Apr 2023 15:11:10,450 INFO  SeventhWeekServerClient.network.rpcprotocol.ServicesRpcProxy 73 sendRequest - Request sent: Request{type='LOGIN', data='null null'}
09 Apr 2023 15:11:10,601 INFO  SeventhWeekServerClient.network.rpcprotocol.ServicesRpcProxy$ReaderThread 211 run - response received Response{type='OK', data='Darius Marcu'}
09 Apr 2023 15:11:10,602 INFO  SeventhWeekServerClient.network.rpcprotocol.ServicesRpcProxy 84 readResponse - Response received: Response{type='OK', data='Darius Marcu'}
09 Apr 2023 15:11:10,602 INFO  SeventhWeekServerClient.network.rpcprotocol.ServicesRpcProxy 149 authenticateEmployee - Logged in
09 Apr 2023 15:11:10,752 INFO  SeventhWeekServerClient.network.rpcprotocol.ServicesRpcProxy 73 sendRequest - Request sent: Request{type='GET_ALL_SHOWS', data='null'}
09 Apr 2023 15:11:11,631 INFO  SeventhWeekServerClient.network.rpcprotocol.ServicesRpcProxy$ReaderThread 211 run - response received Response{type='GET_ALL_SHOWS', data='[ShowDTO{title='Harry in Romania', date=2023-07-14, place='Cluj-Napoca', available=1, unavailable=3, idArtist=4}, ShowDTO{title='Harry again', date=2023-11-13, place='Bucuresti', available=1, unavailable=5, idArtist=4}, ShowDTO{title='Adele in Romania', date=2023-05-19, place='Iasi', available=1, unavailable=2, idArtist=3}, ShowDTO{title='Selena Gomez is here', date=2023-09-12, place='Timisoara', available=1, unavailable=1, idArtist=2}, ShowDTO{title='Liam at Cluj', date=2023-12-05, place='Cluj-Napoca', available=0, unavailable=0, idArtist=1}]'}
09 Apr 2023 15:11:11,632 INFO  SeventhWeekServerClient.network.rpcprotocol.ServicesRpcProxy 84 readResponse - Response received: Response{type='GET_ALL_SHOWS', data='[ShowDTO{title='Harry in Romania', date=2023-07-14, place='Cluj-Napoca', available=1, unavailable=3, idArtist=4}, ShowDTO{title='Harry again', date=2023-11-13, place='Bucuresti', available=1, unavailable=5, idArtist=4}, ShowDTO{title='Adele in Romania', date=2023-05-19, place='Iasi', available=1, unavailable=2, idArtist=3}, ShowDTO{title='Selena Gomez is here', date=2023-09-12, place='Timisoara', available=1, unavailable=1, idArtist=2}, ShowDTO{title='Liam at Cluj', date=2023-12-05, place='Cluj-Napoca', available=0, unavailable=0, idArtist=1}]'}
09 Apr 2023 15:11:11,632 INFO  SeventhWeekServerClient.network.rpcprotocol.ServicesRpcProxy 171 getAllShowsDTO - Got shows
09 Apr 2023 15:11:11,633 INFO  SeventhWeekServerClient.network.rpcprotocol.ServicesRpcProxy 73 sendRequest - Request sent: Request{type='GET_ALL_ARTISTS', data='null'}
09 Apr 2023 15:11:12,640 INFO  SeventhWeekServerClient.network.rpcprotocol.ServicesRpcProxy$ReaderThread 211 run - response received Response{type='GET_ALL_ARTISTS', data='[Liam Payne, Selena Gomez, Adele , Harry Styles]'}
09 Apr 2023 15:11:12,640 INFO  SeventhWeekServerClient.network.rpcprotocol.ServicesRpcProxy 84 readResponse - Response received: Response{type='GET_ALL_ARTISTS', data='[Liam Payne, Selena Gomez, Adele , Harry Styles]'}
09 Apr 2023 15:11:12,641 INFO  SeventhWeekServerClient.network.rpcprotocol.ServicesRpcProxy 186 getAllArtists - Got artists
09 Apr 2023 15:11:36,493 INFO  SeventhWeekServerClient.network.rpcprotocol.ServicesRpcProxy 73 sendRequest - Request sent: Request{type='GET_ALL_SHOWS', data='null'}
09 Apr 2023 15:11:36,497 INFO  SeventhWeekServerClient.network.rpcprotocol.ServicesRpcProxy$ReaderThread 211 run - response received Response{type='GET_ALL_SHOWS', data='[ShowDTO{title='Harry in Romania', date=2023-07-14, place='Cluj-Napoca', available=1, unavailable=3, idArtist=4}, ShowDTO{title='Harry again', date=2023-11-13, place='Bucuresti', available=1, unavailable=5, idArtist=4}, ShowDTO{title='Adele in Romania', date=2023-05-19, place='Iasi', available=1, unavailable=2, idArtist=3}, ShowDTO{title='Selena Gomez is here', date=2023-09-12, place='Timisoara', available=1, unavailable=1, idArtist=2}, ShowDTO{title='Liam at Cluj', date=2023-12-05, place='Cluj-Napoca', available=0, unavailable=0, idArtist=1}]'}
09 Apr 2023 15:11:36,497 INFO  SeventhWeekServerClient.network.rpcprotocol.ServicesRpcProxy 84 readResponse - Response received: Response{type='GET_ALL_SHOWS', data='[ShowDTO{title='Harry in Romania', date=2023-07-14, place='Cluj-Napoca', available=1, unavailable=3, idArtist=4}, ShowDTO{title='Harry again', date=2023-11-13, place='Bucuresti', available=1, unavailable=5, idArtist=4}, ShowDTO{title='Adele in Romania', date=2023-05-19, place='Iasi', available=1, unavailable=2, idArtist=3}, ShowDTO{title='Selena Gomez is here', date=2023-09-12, place='Timisoara', available=1, unavailable=1, idArtist=2}, ShowDTO{title='Liam at Cluj', date=2023-12-05, place='Cluj-Napoca', available=0, unavailable=0, idArtist=1}]'}
09 Apr 2023 15:11:36,497 INFO  SeventhWeekServerClient.network.rpcprotocol.ServicesRpcProxy 171 getAllShowsDTO - Got shows
09 Apr 2023 15:11:36,499 INFO  SeventhWeekServerClient.network.rpcprotocol.ServicesRpcProxy 73 sendRequest - Request sent: Request{type='FIND_ARTIST', data='4'}
09 Apr 2023 15:11:37,502 INFO  SeventhWeekServerClient.network.rpcprotocol.ServicesRpcProxy$ReaderThread 211 run - response received Response{type='FIND_ARTIST', data='Harry Styles'}
09 Apr 2023 15:11:37,502 INFO  SeventhWeekServerClient.network.rpcprotocol.ServicesRpcProxy 84 readResponse - Response received: Response{type='FIND_ARTIST', data='Harry Styles'}
09 Apr 2023 15:11:37,502 INFO  SeventhWeekServerClient.network.rpcprotocol.ServicesRpcProxy 201 findArtist - Found artist
09 Apr 2023 15:11:37,503 INFO  SeventhWeekServerClient.network.rpcprotocol.ServicesRpcProxy 73 sendRequest - Request sent: Request{type='FIND_ARTIST', data='4'}
09 Apr 2023 15:11:38,515 INFO  SeventhWeekServerClient.network.rpcprotocol.ServicesRpcProxy$ReaderThread 211 run - response received Response{type='FIND_ARTIST', data='Harry Styles'}
09 Apr 2023 15:11:38,515 INFO  SeventhWeekServerClient.network.rpcprotocol.ServicesRpcProxy 84 readResponse - Response received: Response{type='FIND_ARTIST', data='Harry Styles'}
09 Apr 2023 15:11:38,515 INFO  SeventhWeekServerClient.network.rpcprotocol.ServicesRpcProxy 201 findArtist - Found artist
09 Apr 2023 15:11:38,515 INFO  SeventhWeekServerClient.network.rpcprotocol.ServicesRpcProxy 73 sendRequest - Request sent: Request{type='FIND_ARTIST', data='3'}
09 Apr 2023 15:11:39,524 INFO  SeventhWeekServerClient.network.rpcprotocol.ServicesRpcProxy$ReaderThread 211 run - response received Response{type='FIND_ARTIST', data='Adele '}
09 Apr 2023 15:11:39,524 INFO  SeventhWeekServerClient.network.rpcprotocol.ServicesRpcProxy 84 readResponse - Response received: Response{type='FIND_ARTIST', data='Adele '}
09 Apr 2023 15:11:39,524 INFO  SeventhWeekServerClient.network.rpcprotocol.ServicesRpcProxy 201 findArtist - Found artist
09 Apr 2023 15:11:39,524 INFO  SeventhWeekServerClient.network.rpcprotocol.ServicesRpcProxy 73 sendRequest - Request sent: Request{type='FIND_ARTIST', data='2'}
09 Apr 2023 15:11:40,538 INFO  SeventhWeekServerClient.network.rpcprotocol.ServicesRpcProxy$ReaderThread 211 run - response received Response{type='FIND_ARTIST', data='Selena Gomez'}
09 Apr 2023 15:11:40,538 INFO  SeventhWeekServerClient.network.rpcprotocol.ServicesRpcProxy 84 readResponse - Response received: Response{type='FIND_ARTIST', data='Selena Gomez'}
09 Apr 2023 15:11:40,538 INFO  SeventhWeekServerClient.network.rpcprotocol.ServicesRpcProxy 201 findArtist - Found artist
09 Apr 2023 15:11:40,538 INFO  SeventhWeekServerClient.network.rpcprotocol.ServicesRpcProxy 73 sendRequest - Request sent: Request{type='FIND_ARTIST', data='1'}
09 Apr 2023 15:11:41,540 INFO  SeventhWeekServerClient.network.rpcprotocol.ServicesRpcProxy$ReaderThread 211 run - response received Response{type='FIND_ARTIST', data='Liam Payne'}
09 Apr 2023 15:11:41,540 INFO  SeventhWeekServerClient.network.rpcprotocol.ServicesRpcProxy 84 readResponse - Response received: Response{type='FIND_ARTIST', data='Liam Payne'}
09 Apr 2023 15:11:41,540 INFO  SeventhWeekServerClient.network.rpcprotocol.ServicesRpcProxy 201 findArtist - Found artist
09 Apr 2023 15:11:46,519 INFO  SeventhWeekServerClient.network.rpcprotocol.ServicesRpcProxy 73 sendRequest - Request sent: Request{type='LOGOUT', data='Darius Marcu'}
09 Apr 2023 15:11:46,520 INFO  SeventhWeekServerClient.network.rpcprotocol.ServicesRpcProxy$ReaderThread 211 run - response received Response{type='OK', data='null'}
09 Apr 2023 15:11:46,520 INFO  SeventhWeekServerClient.network.rpcprotocol.ServicesRpcProxy 84 readResponse - Response received: Response{type='OK', data='null'}
09 Apr 2023 15:11:46,521 INFO  SeventhWeekServerClient.network.rpcprotocol.ServicesRpcProxy 63 closeConnection - Closed connection
09 Apr 2023 15:11:46,521 INFO  SeventhWeekServerClient.network.rpcprotocol.ServicesRpcProxy 52 logout - Logged out
09 Apr 2023 15:11:46,522 ERROR SeventhWeekServerClient.network.rpcprotocol.ServicesRpcProxy$ReaderThread 222 run - Reading error: java.net.SocketException: Socket closed
09 Apr 2023 15:23:58,032 INFO  SeventhWeekServerClient.network.rpcprotocol.ServicesRpcProxy 38 <init> - Creating proxy
09 Apr 2023 15:24:09,770 INFO  SeventhWeekServerClient.network.rpcprotocol.ServicesRpcProxy 38 <init> - Creating proxy
09 Apr 2023 15:24:17,346 INFO  SeventhWeekServerClient.network.rpcprotocol.ServicesRpcProxy 102 initializeConnection - Connection initialized
09 Apr 2023 15:24:17,354 INFO  SeventhWeekServerClient.network.rpcprotocol.ServicesRpcProxy 75 sendRequest - Request sent: Request{type='LOGIN', data='null null'}
09 Apr 2023 15:24:17,486 INFO  SeventhWeekServerClient.network.rpcprotocol.ServicesRpcProxy$ReaderThread 214 run - response received Response{type='OK', data='Darius Marcu'}
09 Apr 2023 15:24:17,487 INFO  SeventhWeekServerClient.network.rpcprotocol.ServicesRpcProxy 86 readResponse - Response received: Response{type='OK', data='Darius Marcu'}
09 Apr 2023 15:24:17,487 INFO  SeventhWeekServerClient.network.rpcprotocol.ServicesRpcProxy 152 authenticateEmployee - Logged in
09 Apr 2023 15:24:17,630 INFO  SeventhWeekServerClient.network.rpcprotocol.ServicesRpcProxy 75 sendRequest - Request sent: Request{type='GET_ALL_SHOWS', data='null'}
09 Apr 2023 15:24:18,515 INFO  SeventhWeekServerClient.network.rpcprotocol.ServicesRpcProxy$ReaderThread 214 run - response received Response{type='GET_ALL_SHOWS', data='[ShowDTO{title='Harry in Romania', date=2023-07-14, place='Cluj-Napoca', available=1, unavailable=3, idArtist=4}, ShowDTO{title='Harry again', date=2023-11-13, place='Bucuresti', available=1, unavailable=5, idArtist=4}, ShowDTO{title='Adele in Romania', date=2023-05-19, place='Iasi', available=1, unavailable=2, idArtist=3}, ShowDTO{title='Selena Gomez is here', date=2023-09-12, place='Timisoara', available=1, unavailable=1, idArtist=2}, ShowDTO{title='Liam at Cluj', date=2023-12-05, place='Cluj-Napoca', available=0, unavailable=0, idArtist=1}]'}
09 Apr 2023 15:24:18,515 INFO  SeventhWeekServerClient.network.rpcprotocol.ServicesRpcProxy 86 readResponse - Response received: Response{type='GET_ALL_SHOWS', data='[ShowDTO{title='Harry in Romania', date=2023-07-14, place='Cluj-Napoca', available=1, unavailable=3, idArtist=4}, ShowDTO{title='Harry again', date=2023-11-13, place='Bucuresti', available=1, unavailable=5, idArtist=4}, ShowDTO{title='Adele in Romania', date=2023-05-19, place='Iasi', available=1, unavailable=2, idArtist=3}, ShowDTO{title='Selena Gomez is here', date=2023-09-12, place='Timisoara', available=1, unavailable=1, idArtist=2}, ShowDTO{title='Liam at Cluj', date=2023-12-05, place='Cluj-Napoca', available=0, unavailable=0, idArtist=1}]'}
09 Apr 2023 15:24:18,516 INFO  SeventhWeekServerClient.network.rpcprotocol.ServicesRpcProxy 174 getAllShowsDTO - Got shows
09 Apr 2023 15:24:18,516 INFO  SeventhWeekServerClient.network.rpcprotocol.ServicesRpcProxy 75 sendRequest - Request sent: Request{type='GET_ALL_ARTISTS', data='null'}
09 Apr 2023 15:24:19,524 INFO  SeventhWeekServerClient.network.rpcprotocol.ServicesRpcProxy$ReaderThread 214 run - response received Response{type='GET_ALL_ARTISTS', data='[Liam Payne, Selena Gomez, Adele , Harry Styles]'}
09 Apr 2023 15:24:19,524 INFO  SeventhWeekServerClient.network.rpcprotocol.ServicesRpcProxy 86 readResponse - Response received: Response{type='GET_ALL_ARTISTS', data='[Liam Payne, Selena Gomez, Adele , Harry Styles]'}
09 Apr 2023 15:24:19,524 INFO  SeventhWeekServerClient.network.rpcprotocol.ServicesRpcProxy 189 getAllArtists - Got artists
09 Apr 2023 15:24:25,281 INFO  SeventhWeekServerClient.network.rpcprotocol.ServicesRpcProxy 102 initializeConnection - Connection initialized
09 Apr 2023 15:24:25,288 INFO  SeventhWeekServerClient.network.rpcprotocol.ServicesRpcProxy 75 sendRequest - Request sent: Request{type='LOGIN', data='null null'}
09 Apr 2023 15:24:25,293 INFO  SeventhWeekServerClient.network.rpcprotocol.ServicesRpcProxy$ReaderThread 214 run - response received Response{type='OK', data='Andrei Deusu'}
09 Apr 2023 15:24:25,294 INFO  SeventhWeekServerClient.network.rpcprotocol.ServicesRpcProxy 86 readResponse - Response received: Response{type='OK', data='Andrei Deusu'}
09 Apr 2023 15:24:25,294 INFO  SeventhWeekServerClient.network.rpcprotocol.ServicesRpcProxy 152 authenticateEmployee - Logged in
09 Apr 2023 15:24:25,438 INFO  SeventhWeekServerClient.network.rpcprotocol.ServicesRpcProxy 75 sendRequest - Request sent: Request{type='GET_ALL_SHOWS', data='null'}
09 Apr 2023 15:24:26,309 INFO  SeventhWeekServerClient.network.rpcprotocol.ServicesRpcProxy$ReaderThread 214 run - response received Response{type='GET_ALL_SHOWS', data='[ShowDTO{title='Harry in Romania', date=2023-07-14, place='Cluj-Napoca', available=1, unavailable=3, idArtist=4}, ShowDTO{title='Harry again', date=2023-11-13, place='Bucuresti', available=1, unavailable=5, idArtist=4}, ShowDTO{title='Adele in Romania', date=2023-05-19, place='Iasi', available=1, unavailable=2, idArtist=3}, ShowDTO{title='Selena Gomez is here', date=2023-09-12, place='Timisoara', available=1, unavailable=1, idArtist=2}, ShowDTO{title='Liam at Cluj', date=2023-12-05, place='Cluj-Napoca', available=0, unavailable=0, idArtist=1}]'}
09 Apr 2023 15:24:26,310 INFO  SeventhWeekServerClient.network.rpcprotocol.ServicesRpcProxy 86 readResponse - Response received: Response{type='GET_ALL_SHOWS', data='[ShowDTO{title='Harry in Romania', date=2023-07-14, place='Cluj-Napoca', available=1, unavailable=3, idArtist=4}, ShowDTO{title='Harry again', date=2023-11-13, place='Bucuresti', available=1, unavailable=5, idArtist=4}, ShowDTO{title='Adele in Romania', date=2023-05-19, place='Iasi', available=1, unavailable=2, idArtist=3}, ShowDTO{title='Selena Gomez is here', date=2023-09-12, place='Timisoara', available=1, unavailable=1, idArtist=2}, ShowDTO{title='Liam at Cluj', date=2023-12-05, place='Cluj-Napoca', available=0, unavailable=0, idArtist=1}]'}
09 Apr 2023 15:24:26,310 INFO  SeventhWeekServerClient.network.rpcprotocol.ServicesRpcProxy 174 getAllShowsDTO - Got shows
09 Apr 2023 15:24:26,310 INFO  SeventhWeekServerClient.network.rpcprotocol.ServicesRpcProxy 75 sendRequest - Request sent: Request{type='GET_ALL_ARTISTS', data='null'}
09 Apr 2023 15:24:27,313 INFO  SeventhWeekServerClient.network.rpcprotocol.ServicesRpcProxy$ReaderThread 214 run - response received Response{type='GET_ALL_ARTISTS', data='[Liam Payne, Selena Gomez, Adele , Harry Styles]'}
09 Apr 2023 15:24:27,313 INFO  SeventhWeekServerClient.network.rpcprotocol.ServicesRpcProxy 86 readResponse - Response received: Response{type='GET_ALL_ARTISTS', data='[Liam Payne, Selena Gomez, Adele , Harry Styles]'}
09 Apr 2023 15:24:27,313 INFO  SeventhWeekServerClient.network.rpcprotocol.ServicesRpcProxy 189 getAllArtists - Got artists
09 Apr 2023 15:24:40,206 INFO  SeventhWeekServerClient.network.rpcprotocol.ServicesRpcProxy 75 sendRequest - Request sent: Request{type='BUY_TICKET', data='Ticket{id=1, idShow=2, nameOfCostumer='Simon'}'}
09 Apr 2023 15:24:40,214 INFO  SeventhWeekServerClient.network.rpcprotocol.ServicesRpcProxy$ReaderThread 214 run - response received Response{type='TICKET_SOLD', data='Ticket{id=1, idShow=2, nameOfCostumer='Simon'}'}
09 Apr 2023 15:24:40,214 INFO  SeventhWeekServerClient.network.rpcprotocol.ServicesRpcProxy$ReaderThread 214 run - response received Response{type='TICKET_SOLD', data='Ticket{id=1, idShow=2, nameOfCostumer='Simon'}'}
09 Apr 2023 15:24:40,215 INFO  SeventhWeekServerClient.network.rpcprotocol.ServicesRpcProxy 117 handleUpdate - Ticket sold Ticket{id=1, idShow=2, nameOfCostumer='Simon'}
09 Apr 2023 15:24:40,215 INFO  SeventhWeekServerClient.network.rpcprotocol.ServicesRpcProxy 117 handleUpdate - Ticket sold Ticket{id=1, idShow=2, nameOfCostumer='Simon'}
09 Apr 2023 15:24:40,215 INFO  SeventhWeekServerClient.network.rpcprotocol.ServicesRpcProxy$ReaderThread 214 run - response received Response{type='OK', data='Ticket{id=1, idShow=2, nameOfCostumer='Simon'}'}
09 Apr 2023 15:24:40,215 INFO  SeventhWeekServerClient.network.rpcprotocol.ServicesRpcProxy 75 sendRequest - Request sent: Request{type='GET_ALL_SHOWS', data='null'}
09 Apr 2023 15:24:40,216 INFO  SeventhWeekServerClient.network.rpcprotocol.ServicesRpcProxy 86 readResponse - Response received: Response{type='OK', data='Ticket{id=1, idShow=2, nameOfCostumer='Simon'}'}
09 Apr 2023 15:24:40,216 INFO  SeventhWeekServerClient.network.rpcprotocol.ServicesRpcProxy 140 addTickets - Ticket added
09 Apr 2023 15:24:40,219 INFO  SeventhWeekServerClient.network.rpcprotocol.ServicesRpcProxy$ReaderThread 214 run - response received Response{type='GET_ALL_SHOWS', data='[ShowDTO{title='Harry in Romania', date=2023-07-14, place='Cluj-Napoca', available=1, unavailable=3, idArtist=4}, ShowDTO{title='Harry again', date=2023-11-13, place='Bucuresti', available=0, unavailable=6, idArtist=4}, ShowDTO{title='Adele in Romania', date=2023-05-19, place='Iasi', available=1, unavailable=2, idArtist=3}, ShowDTO{title='Selena Gomez is here', date=2023-09-12, place='Timisoara', available=1, unavailable=1, idArtist=2}, ShowDTO{title='Liam at Cluj', date=2023-12-05, place='Cluj-Napoca', available=0, unavailable=0, idArtist=1}]'}
09 Apr 2023 15:24:40,219 INFO  SeventhWeekServerClient.network.rpcprotocol.ServicesRpcProxy 86 readResponse - Response received: Response{type='GET_ALL_SHOWS', data='[ShowDTO{title='Harry in Romania', date=2023-07-14, place='Cluj-Napoca', available=1, unavailable=3, idArtist=4}, ShowDTO{title='Harry again', date=2023-11-13, place='Bucuresti', available=0, unavailable=6, idArtist=4}, ShowDTO{title='Adele in Romania', date=2023-05-19, place='Iasi', available=1, unavailable=2, idArtist=3}, ShowDTO{title='Selena Gomez is here', date=2023-09-12, place='Timisoara', available=1, unavailable=1, idArtist=2}, ShowDTO{title='Liam at Cluj', date=2023-12-05, place='Cluj-Napoca', available=0, unavailable=0, idArtist=1}]'}
09 Apr 2023 15:24:40,219 INFO  SeventhWeekServerClient.network.rpcprotocol.ServicesRpcProxy 174 getAllShowsDTO - Got shows
09 Apr 2023 15:24:40,225 INFO  SeventhWeekServerClient.network.rpcprotocol.ServicesRpcProxy 75 sendRequest - Request sent: Request{type='GET_ALL_SHOWS', data='null'}
09 Apr 2023 15:24:41,227 INFO  SeventhWeekServerClient.network.rpcprotocol.ServicesRpcProxy$ReaderThread 214 run - response received Response{type='GET_ALL_SHOWS', data='[ShowDTO{title='Harry in Romania', date=2023-07-14, place='Cluj-Napoca', available=1, unavailable=3, idArtist=4}, ShowDTO{title='Harry again', date=2023-11-13, place='Bucuresti', available=0, unavailable=6, idArtist=4}, ShowDTO{title='Adele in Romania', date=2023-05-19, place='Iasi', available=1, unavailable=2, idArtist=3}, ShowDTO{title='Selena Gomez is here', date=2023-09-12, place='Timisoara', available=1, unavailable=1, idArtist=2}, ShowDTO{title='Liam at Cluj', date=2023-12-05, place='Cluj-Napoca', available=0, unavailable=0, idArtist=1}]'}
09 Apr 2023 15:24:41,228 INFO  SeventhWeekServerClient.network.rpcprotocol.ServicesRpcProxy 86 readResponse - Response received: Response{type='GET_ALL_SHOWS', data='[ShowDTO{title='Harry in Romania', date=2023-07-14, place='Cluj-Napoca', available=1, unavailable=3, idArtist=4}, ShowDTO{title='Harry again', date=2023-11-13, place='Bucuresti', available=0, unavailable=6, idArtist=4}, ShowDTO{title='Adele in Romania', date=2023-05-19, place='Iasi', available=1, unavailable=2, idArtist=3}, ShowDTO{title='Selena Gomez is here', date=2023-09-12, place='Timisoara', available=1, unavailable=1, idArtist=2}, ShowDTO{title='Liam at Cluj', date=2023-12-05, place='Cluj-Napoca', available=0, unavailable=0, idArtist=1}]'}
09 Apr 2023 15:24:41,228 INFO  SeventhWeekServerClient.network.rpcprotocol.ServicesRpcProxy 174 getAllShowsDTO - Got shows
09 Apr 2023 15:24:50,937 INFO  SeventhWeekServerClient.network.rpcprotocol.ServicesRpcProxy 75 sendRequest - Request sent: Request{type='LOGOUT', data='Andrei Deusu'}
09 Apr 2023 15:24:50,939 INFO  SeventhWeekServerClient.network.rpcprotocol.ServicesRpcProxy$ReaderThread 214 run - response received Response{type='OK', data='null'}
09 Apr 2023 15:24:50,939 INFO  SeventhWeekServerClient.network.rpcprotocol.ServicesRpcProxy 86 readResponse - Response received: Response{type='OK', data='null'}
09 Apr 2023 15:24:50,940 INFO  SeventhWeekServerClient.network.rpcprotocol.ServicesRpcProxy 65 closeConnection - Closed connection
09 Apr 2023 15:24:50,940 INFO  SeventhWeekServerClient.network.rpcprotocol.ServicesRpcProxy 54 logout - Logged out
09 Apr 2023 15:24:50,941 INFO  SeventhWeekServerClient.network.rpcprotocol.ServicesRpcProxy$ReaderThread 226 run - Socket closed: java.net.SocketException: Socket closed
09 Apr 2023 15:25:16,213 INFO  SeventhWeekServerClient.network.rpcprotocol.ServicesRpcProxy 75 sendRequest - Request sent: Request{type='LOGOUT', data='Darius Marcu'}
09 Apr 2023 15:25:16,214 INFO  SeventhWeekServerClient.network.rpcprotocol.ServicesRpcProxy$ReaderThread 214 run - response received Response{type='OK', data='null'}
09 Apr 2023 15:25:16,214 INFO  SeventhWeekServerClient.network.rpcprotocol.ServicesRpcProxy 86 readResponse - Response received: Response{type='OK', data='null'}
09 Apr 2023 15:25:16,215 INFO  SeventhWeekServerClient.network.rpcprotocol.ServicesRpcProxy 65 closeConnection - Closed connection
09 Apr 2023 15:25:16,216 INFO  SeventhWeekServerClient.network.rpcprotocol.ServicesRpcProxy 54 logout - Logged out
09 Apr 2023 15:25:16,216 INFO  SeventhWeekServerClient.network.rpcprotocol.ServicesRpcProxy$ReaderThread 226 run - Socket closed: java.net.SocketException: Socket closed
09 Apr 2023 15:28:03,839 INFO  SeventhWeekServerClient.network.rpcprotocol.ServicesRpcProxy 38 <init> - Creating proxy
09 Apr 2023 15:28:08,089 INFO  SeventhWeekServerClient.network.rpcprotocol.ServicesRpcProxy 102 initializeConnection - Connection initialized
09 Apr 2023 15:28:08,097 INFO  SeventhWeekServerClient.network.rpcprotocol.ServicesRpcProxy 75 sendRequest - Request sent: Request{type='LOGIN', data='null null'}
09 Apr 2023 15:28:08,236 INFO  SeventhWeekServerClient.network.rpcprotocol.ServicesRpcProxy$ReaderThread 214 run - response received Response{type='OK', data='Darius Marcu'}
09 Apr 2023 15:28:08,237 INFO  SeventhWeekServerClient.network.rpcprotocol.ServicesRpcProxy 86 readResponse - Response received: Response{type='OK', data='Darius Marcu'}
09 Apr 2023 15:28:08,237 INFO  SeventhWeekServerClient.network.rpcprotocol.ServicesRpcProxy 152 authenticateEmployee - Logged in
09 Apr 2023 15:28:08,388 INFO  SeventhWeekServerClient.network.rpcprotocol.ServicesRpcProxy 75 sendRequest - Request sent: Request{type='GET_ALL_SHOWS', data='null'}
09 Apr 2023 15:28:09,268 INFO  SeventhWeekServerClient.network.rpcprotocol.ServicesRpcProxy$ReaderThread 214 run - response received Response{type='GET_ALL_SHOWS', data='[ShowDTO{title='Harry in Romania', date=2023-07-14, place='Cluj-Napoca', available=3, unavailable=3, idArtist=4}, ShowDTO{title='Harry again', date=2023-11-13, place='Bucuresti', available=2, unavailable=6, idArtist=4}, ShowDTO{title='Adele in Romania', date=2023-05-19, place='Iasi', available=2, unavailable=2, idArtist=3}, ShowDTO{title='Selena Gomez is here', date=2023-09-12, place='Timisoara', available=3, unavailable=1, idArtist=2}, ShowDTO{title='Liam at Cluj', date=2023-12-05, place='Cluj-Napoca', available=9, unavailable=0, idArtist=1}]'}
09 Apr 2023 15:28:09,269 INFO  SeventhWeekServerClient.network.rpcprotocol.ServicesRpcProxy 86 readResponse - Response received: Response{type='GET_ALL_SHOWS', data='[ShowDTO{title='Harry in Romania', date=2023-07-14, place='Cluj-Napoca', available=3, unavailable=3, idArtist=4}, ShowDTO{title='Harry again', date=2023-11-13, place='Bucuresti', available=2, unavailable=6, idArtist=4}, ShowDTO{title='Adele in Romania', date=2023-05-19, place='Iasi', available=2, unavailable=2, idArtist=3}, ShowDTO{title='Selena Gomez is here', date=2023-09-12, place='Timisoara', available=3, unavailable=1, idArtist=2}, ShowDTO{title='Liam at Cluj', date=2023-12-05, place='Cluj-Napoca', available=9, unavailable=0, idArtist=1}]'}
09 Apr 2023 15:28:09,269 INFO  SeventhWeekServerClient.network.rpcprotocol.ServicesRpcProxy 174 getAllShowsDTO - Got shows
09 Apr 2023 15:28:09,269 INFO  SeventhWeekServerClient.network.rpcprotocol.ServicesRpcProxy 75 sendRequest - Request sent: Request{type='GET_ALL_ARTISTS', data='null'}
09 Apr 2023 15:28:10,276 INFO  SeventhWeekServerClient.network.rpcprotocol.ServicesRpcProxy$ReaderThread 214 run - response received Response{type='GET_ALL_ARTISTS', data='[Liam Payne, Selena Gomez, Adele , Harry Styles]'}
09 Apr 2023 15:28:10,276 INFO  SeventhWeekServerClient.network.rpcprotocol.ServicesRpcProxy 86 readResponse - Response received: Response{type='GET_ALL_ARTISTS', data='[Liam Payne, Selena Gomez, Adele , Harry Styles]'}
09 Apr 2023 15:28:10,277 INFO  SeventhWeekServerClient.network.rpcprotocol.ServicesRpcProxy 189 getAllArtists - Got artists
09 Apr 2023 15:28:22,196 INFO  SeventhWeekServerClient.network.rpcprotocol.ServicesRpcProxy 75 sendRequest - Request sent: Request{type='BUY_TICKET', data='Ticket{id=1, idShow=3, nameOfCostumer='Miruna'}'}
09 Apr 2023 15:28:22,203 INFO  SeventhWeekServerClient.network.rpcprotocol.ServicesRpcProxy$ReaderThread 214 run - response received Response{type='TICKET_SOLD', data='Ticket{id=1, idShow=3, nameOfCostumer='Miruna'}'}
09 Apr 2023 15:28:22,204 INFO  SeventhWeekServerClient.network.rpcprotocol.ServicesRpcProxy 117 handleUpdate - Ticket sold Ticket{id=1, idShow=3, nameOfCostumer='Miruna'}
09 Apr 2023 15:28:22,204 INFO  SeventhWeekServerClient.network.rpcprotocol.ServicesRpcProxy$ReaderThread 214 run - response received Response{type='OK', data='Ticket{id=1, idShow=3, nameOfCostumer='Miruna'}'}
09 Apr 2023 15:28:22,204 INFO  SeventhWeekServerClient.network.rpcprotocol.ServicesRpcProxy 86 readResponse - Response received: Response{type='OK', data='Ticket{id=1, idShow=3, nameOfCostumer='Miruna'}'}
09 Apr 2023 15:28:22,204 INFO  SeventhWeekServerClient.network.rpcprotocol.ServicesRpcProxy 140 addTickets - Ticket added
09 Apr 2023 15:28:22,205 INFO  SeventhWeekServerClient.network.rpcprotocol.ServicesRpcProxy 75 sendRequest - Request sent: Request{type='BUY_TICKET', data='Ticket{id=1, idShow=3, nameOfCostumer='Miruna'}'}
09 Apr 2023 15:28:23,221 INFO  SeventhWeekServerClient.network.rpcprotocol.ServicesRpcProxy$ReaderThread 214 run - response received Response{type='TICKET_SOLD', data='Ticket{id=1, idShow=3, nameOfCostumer='Miruna'}'}
09 Apr 2023 15:28:23,222 INFO  SeventhWeekServerClient.network.rpcprotocol.ServicesRpcProxy 117 handleUpdate - Ticket sold Ticket{id=1, idShow=3, nameOfCostumer='Miruna'}
09 Apr 2023 15:28:23,222 INFO  SeventhWeekServerClient.network.rpcprotocol.ServicesRpcProxy$ReaderThread 214 run - response received Response{type='OK', data='Ticket{id=1, idShow=3, nameOfCostumer='Miruna'}'}
09 Apr 2023 15:28:23,222 INFO  SeventhWeekServerClient.network.rpcprotocol.ServicesRpcProxy 86 readResponse - Response received: Response{type='OK', data='Ticket{id=1, idShow=3, nameOfCostumer='Miruna'}'}
09 Apr 2023 15:28:23,222 INFO  SeventhWeekServerClient.network.rpcprotocol.ServicesRpcProxy 140 addTickets - Ticket added
09 Apr 2023 15:28:23,231 INFO  SeventhWeekServerClient.network.rpcprotocol.ServicesRpcProxy 75 sendRequest - Request sent: Request{type='GET_ALL_SHOWS', data='null'}
09 Apr 2023 15:28:24,228 INFO  SeventhWeekServerClient.network.rpcprotocol.ServicesRpcProxy$ReaderThread 214 run - response received Response{type='GET_ALL_SHOWS', data='[ShowDTO{title='Harry in Romania', date=2023-07-14, place='Cluj-Napoca', available=3, unavailable=3, idArtist=4}, ShowDTO{title='Harry again', date=2023-11-13, place='Bucuresti', available=2, unavailable=6, idArtist=4}, ShowDTO{title='Adele in Romania', date=2023-05-19, place='Iasi', available=0, unavailable=4, idArtist=3}, ShowDTO{title='Selena Gomez is here', date=2023-09-12, place='Timisoara', available=3, unavailable=1, idArtist=2}, ShowDTO{title='Liam at Cluj', date=2023-12-05, place='Cluj-Napoca', available=9, unavailable=0, idArtist=1}]'}
09 Apr 2023 15:28:24,229 INFO  SeventhWeekServerClient.network.rpcprotocol.ServicesRpcProxy 86 readResponse - Response received: Response{type='GET_ALL_SHOWS', data='[ShowDTO{title='Harry in Romania', date=2023-07-14, place='Cluj-Napoca', available=3, unavailable=3, idArtist=4}, ShowDTO{title='Harry again', date=2023-11-13, place='Bucuresti', available=2, unavailable=6, idArtist=4}, ShowDTO{title='Adele in Romania', date=2023-05-19, place='Iasi', available=0, unavailable=4, idArtist=3}, ShowDTO{title='Selena Gomez is here', date=2023-09-12, place='Timisoara', available=3, unavailable=1, idArtist=2}, ShowDTO{title='Liam at Cluj', date=2023-12-05, place='Cluj-Napoca', available=9, unavailable=0, idArtist=1}]'}
09 Apr 2023 15:28:24,229 INFO  SeventhWeekServerClient.network.rpcprotocol.ServicesRpcProxy 174 getAllShowsDTO - Got shows
09 Apr 2023 15:28:24,230 INFO  SeventhWeekServerClient.network.rpcprotocol.ServicesRpcProxy 75 sendRequest - Request sent: Request{type='GET_ALL_SHOWS', data='null'}
09 Apr 2023 15:28:25,242 INFO  SeventhWeekServerClient.network.rpcprotocol.ServicesRpcProxy$ReaderThread 214 run - response received Response{type='GET_ALL_SHOWS', data='[ShowDTO{title='Harry in Romania', date=2023-07-14, place='Cluj-Napoca', available=3, unavailable=3, idArtist=4}, ShowDTO{title='Harry again', date=2023-11-13, place='Bucuresti', available=2, unavailable=6, idArtist=4}, ShowDTO{title='Adele in Romania', date=2023-05-19, place='Iasi', available=0, unavailable=4, idArtist=3}, ShowDTO{title='Selena Gomez is here', date=2023-09-12, place='Timisoara', available=3, unavailable=1, idArtist=2}, ShowDTO{title='Liam at Cluj', date=2023-12-05, place='Cluj-Napoca', available=9, unavailable=0, idArtist=1}]'}
09 Apr 2023 15:28:25,242 INFO  SeventhWeekServerClient.network.rpcprotocol.ServicesRpcProxy 86 readResponse - Response received: Response{type='GET_ALL_SHOWS', data='[ShowDTO{title='Harry in Romania', date=2023-07-14, place='Cluj-Napoca', available=3, unavailable=3, idArtist=4}, ShowDTO{title='Harry again', date=2023-11-13, place='Bucuresti', available=2, unavailable=6, idArtist=4}, ShowDTO{title='Adele in Romania', date=2023-05-19, place='Iasi', available=0, unavailable=4, idArtist=3}, ShowDTO{title='Selena Gomez is here', date=2023-09-12, place='Timisoara', available=3, unavailable=1, idArtist=2}, ShowDTO{title='Liam at Cluj', date=2023-12-05, place='Cluj-Napoca', available=9, unavailable=0, idArtist=1}]'}
09 Apr 2023 15:28:25,242 INFO  SeventhWeekServerClient.network.rpcprotocol.ServicesRpcProxy 174 getAllShowsDTO - Got shows
09 Apr 2023 15:28:30,062 INFO  SeventhWeekServerClient.network.rpcprotocol.ServicesRpcProxy 75 sendRequest - Request sent: Request{type='LOGOUT', data='Darius Marcu'}
09 Apr 2023 15:28:30,063 INFO  SeventhWeekServerClient.network.rpcprotocol.ServicesRpcProxy$ReaderThread 214 run - response received Response{type='OK', data='null'}
09 Apr 2023 15:28:30,063 INFO  SeventhWeekServerClient.network.rpcprotocol.ServicesRpcProxy 86 readResponse - Response received: Response{type='OK', data='null'}
09 Apr 2023 15:28:30,064 INFO  SeventhWeekServerClient.network.rpcprotocol.ServicesRpcProxy 65 closeConnection - Closed connection
09 Apr 2023 15:28:30,064 INFO  SeventhWeekServerClient.network.rpcprotocol.ServicesRpcProxy 54 logout - Logged out
09 Apr 2023 15:28:30,065 INFO  SeventhWeekServerClient.network.rpcprotocol.ServicesRpcProxy$ReaderThread 226 run - Socket closed: java.net.SocketException: Socket closed
09 Apr 2023 19:32:25,554 INFO  SeventhWeekServerClient.network.rpcprotocol.ServicesRpcProxy 38 <init> - Creating proxy
09 Apr 2023 19:32:35,429 INFO  SeventhWeekServerClient.network.rpcprotocol.ServicesRpcProxy 38 <init> - Creating proxy
09 Apr 2023 19:33:00,755 INFO  SeventhWeekServerClient.network.rpcprotocol.ServicesRpcProxy 102 initializeConnection - Connection initialized
09 Apr 2023 19:33:00,763 INFO  SeventhWeekServerClient.network.rpcprotocol.ServicesRpcProxy 75 sendRequest - Request sent: Request{type='LOGIN', data='null null'}
09 Apr 2023 19:33:00,923 INFO  SeventhWeekServerClient.network.rpcprotocol.ServicesRpcProxy$ReaderThread 214 run - response received Response{type='OK', data='Darius Marcu'}
09 Apr 2023 19:33:00,923 INFO  SeventhWeekServerClient.network.rpcprotocol.ServicesRpcProxy 86 readResponse - Response received: Response{type='OK', data='Darius Marcu'}
09 Apr 2023 19:33:00,925 INFO  SeventhWeekServerClient.network.rpcprotocol.ServicesRpcProxy 152 authenticateEmployee - Logged in
09 Apr 2023 19:33:01,080 INFO  SeventhWeekServerClient.network.rpcprotocol.ServicesRpcProxy 75 sendRequest - Request sent: Request{type='GET_ALL_SHOWS', data='null'}
09 Apr 2023 19:33:01,951 INFO  SeventhWeekServerClient.network.rpcprotocol.ServicesRpcProxy$ReaderThread 214 run - response received Response{type='GET_ALL_SHOWS', data='[ShowDTO{title='Harry in Romania', date=2023-07-14, place='Cluj-Napoca', available=3, unavailable=3, idArtist=4}, ShowDTO{title='Harry again', date=2023-11-13, place='Bucuresti', available=2, unavailable=6, idArtist=4}, ShowDTO{title='Adele in Romania', date=2023-05-19, place='Iasi', available=0, unavailable=4, idArtist=3}, ShowDTO{title='Selena Gomez is here', date=2023-09-12, place='Timisoara', available=3, unavailable=1, idArtist=2}, ShowDTO{title='Liam at Cluj', date=2023-12-05, place='Cluj-Napoca', available=9, unavailable=0, idArtist=1}]'}
09 Apr 2023 19:33:01,951 INFO  SeventhWeekServerClient.network.rpcprotocol.ServicesRpcProxy 86 readResponse - Response received: Response{type='GET_ALL_SHOWS', data='[ShowDTO{title='Harry in Romania', date=2023-07-14, place='Cluj-Napoca', available=3, unavailable=3, idArtist=4}, ShowDTO{title='Harry again', date=2023-11-13, place='Bucuresti', available=2, unavailable=6, idArtist=4}, ShowDTO{title='Adele in Romania', date=2023-05-19, place='Iasi', available=0, unavailable=4, idArtist=3}, ShowDTO{title='Selena Gomez is here', date=2023-09-12, place='Timisoara', available=3, unavailable=1, idArtist=2}, ShowDTO{title='Liam at Cluj', date=2023-12-05, place='Cluj-Napoca', available=9, unavailable=0, idArtist=1}]'}
09 Apr 2023 19:33:01,952 INFO  SeventhWeekServerClient.network.rpcprotocol.ServicesRpcProxy 174 getAllShowsDTO - Got shows
09 Apr 2023 19:33:01,952 INFO  SeventhWeekServerClient.network.rpcprotocol.ServicesRpcProxy 75 sendRequest - Request sent: Request{type='GET_ALL_ARTISTS', data='null'}
09 Apr 2023 19:33:02,958 INFO  SeventhWeekServerClient.network.rpcprotocol.ServicesRpcProxy$ReaderThread 214 run - response received Response{type='GET_ALL_ARTISTS', data='[Liam Payne, Selena Gomez, Adele , Harry Styles]'}
09 Apr 2023 19:33:02,958 INFO  SeventhWeekServerClient.network.rpcprotocol.ServicesRpcProxy 86 readResponse - Response received: Response{type='GET_ALL_ARTISTS', data='[Liam Payne, Selena Gomez, Adele , Harry Styles]'}
09 Apr 2023 19:33:02,958 INFO  SeventhWeekServerClient.network.rpcprotocol.ServicesRpcProxy 189 getAllArtists - Got artists
09 Apr 2023 19:33:07,853 INFO  SeventhWeekServerClient.network.rpcprotocol.ServicesRpcProxy 102 initializeConnection - Connection initialized
09 Apr 2023 19:33:07,860 INFO  SeventhWeekServerClient.network.rpcprotocol.ServicesRpcProxy 75 sendRequest - Request sent: Request{type='LOGIN', data='null null'}
09 Apr 2023 19:33:07,866 INFO  SeventhWeekServerClient.network.rpcprotocol.ServicesRpcProxy$ReaderThread 214 run - response received Response{type='OK', data='Andrei Deusu'}
09 Apr 2023 19:33:07,867 INFO  SeventhWeekServerClient.network.rpcprotocol.ServicesRpcProxy 86 readResponse - Response received: Response{type='OK', data='Andrei Deusu'}
09 Apr 2023 19:33:07,867 INFO  SeventhWeekServerClient.network.rpcprotocol.ServicesRpcProxy 152 authenticateEmployee - Logged in
09 Apr 2023 19:33:08,020 INFO  SeventhWeekServerClient.network.rpcprotocol.ServicesRpcProxy 75 sendRequest - Request sent: Request{type='GET_ALL_SHOWS', data='null'}
09 Apr 2023 19:33:08,886 INFO  SeventhWeekServerClient.network.rpcprotocol.ServicesRpcProxy$ReaderThread 214 run - response received Response{type='GET_ALL_SHOWS', data='[ShowDTO{title='Harry in Romania', date=2023-07-14, place='Cluj-Napoca', available=3, unavailable=3, idArtist=4}, ShowDTO{title='Harry again', date=2023-11-13, place='Bucuresti', available=2, unavailable=6, idArtist=4}, ShowDTO{title='Adele in Romania', date=2023-05-19, place='Iasi', available=0, unavailable=4, idArtist=3}, ShowDTO{title='Selena Gomez is here', date=2023-09-12, place='Timisoara', available=3, unavailable=1, idArtist=2}, ShowDTO{title='Liam at Cluj', date=2023-12-05, place='Cluj-Napoca', available=9, unavailable=0, idArtist=1}]'}
09 Apr 2023 19:33:08,886 INFO  SeventhWeekServerClient.network.rpcprotocol.ServicesRpcProxy 86 readResponse - Response received: Response{type='GET_ALL_SHOWS', data='[ShowDTO{title='Harry in Romania', date=2023-07-14, place='Cluj-Napoca', available=3, unavailable=3, idArtist=4}, ShowDTO{title='Harry again', date=2023-11-13, place='Bucuresti', available=2, unavailable=6, idArtist=4}, ShowDTO{title='Adele in Romania', date=2023-05-19, place='Iasi', available=0, unavailable=4, idArtist=3}, ShowDTO{title='Selena Gomez is here', date=2023-09-12, place='Timisoara', available=3, unavailable=1, idArtist=2}, ShowDTO{title='Liam at Cluj', date=2023-12-05, place='Cluj-Napoca', available=9, unavailable=0, idArtist=1}]'}
09 Apr 2023 19:33:08,886 INFO  SeventhWeekServerClient.network.rpcprotocol.ServicesRpcProxy 174 getAllShowsDTO - Got shows
09 Apr 2023 19:33:08,887 INFO  SeventhWeekServerClient.network.rpcprotocol.ServicesRpcProxy 75 sendRequest - Request sent: Request{type='GET_ALL_ARTISTS', data='null'}
09 Apr 2023 19:33:09,893 INFO  SeventhWeekServerClient.network.rpcprotocol.ServicesRpcProxy$ReaderThread 214 run - response received Response{type='GET_ALL_ARTISTS', data='[Liam Payne, Selena Gomez, Adele , Harry Styles]'}
09 Apr 2023 19:33:09,894 INFO  SeventhWeekServerClient.network.rpcprotocol.ServicesRpcProxy 86 readResponse - Response received: Response{type='GET_ALL_ARTISTS', data='[Liam Payne, Selena Gomez, Adele , Harry Styles]'}
09 Apr 2023 19:33:09,894 INFO  SeventhWeekServerClient.network.rpcprotocol.ServicesRpcProxy 189 getAllArtists - Got artists
09 Apr 2023 19:35:24,539 INFO  SeventhWeekServerClient.network.rpcprotocol.ServicesRpcProxy 75 sendRequest - Request sent: Request{type='LOGOUT', data='Darius Marcu'}
09 Apr 2023 19:35:24,540 INFO  SeventhWeekServerClient.network.rpcprotocol.ServicesRpcProxy$ReaderThread 214 run - response received Response{type='OK', data='null'}
09 Apr 2023 19:35:24,540 INFO  SeventhWeekServerClient.network.rpcprotocol.ServicesRpcProxy 86 readResponse - Response received: Response{type='OK', data='null'}
09 Apr 2023 19:35:24,541 INFO  SeventhWeekServerClient.network.rpcprotocol.ServicesRpcProxy 65 closeConnection - Closed connection
09 Apr 2023 19:35:24,541 INFO  SeventhWeekServerClient.network.rpcprotocol.ServicesRpcProxy 54 logout - Logged out
09 Apr 2023 19:35:24,541 INFO  SeventhWeekServerClient.network.rpcprotocol.ServicesRpcProxy$ReaderThread 226 run - Socket closed: java.net.SocketException: Socket closed
09 Apr 2023 19:35:29,955 INFO  SeventhWeekServerClient.network.rpcprotocol.ServicesRpcProxy 75 sendRequest - Request sent: Request{type='LOGOUT', data='Andrei Deusu'}
09 Apr 2023 19:35:29,957 INFO  SeventhWeekServerClient.network.rpcprotocol.ServicesRpcProxy$ReaderThread 214 run - response received Response{type='OK', data='null'}
09 Apr 2023 19:35:29,957 INFO  SeventhWeekServerClient.network.rpcprotocol.ServicesRpcProxy 86 readResponse - Response received: Response{type='OK', data='null'}
09 Apr 2023 19:35:29,959 INFO  SeventhWeekServerClient.network.rpcprotocol.ServicesRpcProxy 65 closeConnection - Closed connection
09 Apr 2023 19:35:29,959 INFO  SeventhWeekServerClient.network.rpcprotocol.ServicesRpcProxy 54 logout - Logged out
09 Apr 2023 19:35:29,960 INFO  SeventhWeekServerClient.network.rpcprotocol.ServicesRpcProxy$ReaderThread 226 run - Socket closed: java.net.SocketException: Socket closed
09 Apr 2023 20:40:12,294 INFO  SeventhWeekServerClient.network.rpcprotocol.ServicesRpcProxy 38 <init> - Creating proxy
09 Apr 2023 20:40:19,255 INFO  SeventhWeekServerClient.network.rpcprotocol.ServicesRpcProxy 102 initializeConnection - Connection initialized
09 Apr 2023 20:40:19,263 INFO  SeventhWeekServerClient.network.rpcprotocol.ServicesRpcProxy 75 sendRequest - Request sent: Request{type='LOGIN', data='null null'}
09 Apr 2023 20:40:19,268 INFO  SeventhWeekServerClient.network.rpcprotocol.ServicesRpcProxy$ReaderThread 214 run - response received Response{type='OK', data='Darius Marcu'}
09 Apr 2023 20:40:19,268 INFO  SeventhWeekServerClient.network.rpcprotocol.ServicesRpcProxy 86 readResponse - Response received: Response{type='OK', data='Darius Marcu'}
09 Apr 2023 20:40:19,268 INFO  SeventhWeekServerClient.network.rpcprotocol.ServicesRpcProxy 152 authenticateEmployee - Logged in
09 Apr 2023 20:40:19,406 INFO  SeventhWeekServerClient.network.rpcprotocol.ServicesRpcProxy 75 sendRequest - Request sent: Request{type='GET_ALL_SHOWS', data='null'}
09 Apr 2023 20:40:20,282 INFO  SeventhWeekServerClient.network.rpcprotocol.ServicesRpcProxy$ReaderThread 214 run - response received Response{type='GET_ALL_SHOWS', data='[ShowDTO{title='Harry in Romania', date=2023-07-14, place='Cluj-Napoca', available=3, unavailable=3, idArtist=4}, ShowDTO{title='Harry again', date=2023-11-13, place='Bucuresti', available=2, unavailable=6, idArtist=4}, ShowDTO{title='Adele in Romania', date=2023-05-19, place='Iasi', available=0, unavailable=4, idArtist=3}, ShowDTO{title='Selena Gomez is here', date=2023-09-12, place='Timisoara', available=3, unavailable=1, idArtist=2}, ShowDTO{title='Liam at Cluj', date=2023-12-05, place='Cluj-Napoca', available=9, unavailable=0, idArtist=1}]'}
09 Apr 2023 20:40:20,282 INFO  SeventhWeekServerClient.network.rpcprotocol.ServicesRpcProxy 86 readResponse - Response received: Response{type='GET_ALL_SHOWS', data='[ShowDTO{title='Harry in Romania', date=2023-07-14, place='Cluj-Napoca', available=3, unavailable=3, idArtist=4}, ShowDTO{title='Harry again', date=2023-11-13, place='Bucuresti', available=2, unavailable=6, idArtist=4}, ShowDTO{title='Adele in Romania', date=2023-05-19, place='Iasi', available=0, unavailable=4, idArtist=3}, ShowDTO{title='Selena Gomez is here', date=2023-09-12, place='Timisoara', available=3, unavailable=1, idArtist=2}, ShowDTO{title='Liam at Cluj', date=2023-12-05, place='Cluj-Napoca', available=9, unavailable=0, idArtist=1}]'}
09 Apr 2023 20:40:20,282 INFO  SeventhWeekServerClient.network.rpcprotocol.ServicesRpcProxy 174 getAllShowsDTO - Got shows
09 Apr 2023 20:40:20,283 INFO  SeventhWeekServerClient.network.rpcprotocol.ServicesRpcProxy 75 sendRequest - Request sent: Request{type='GET_ALL_ARTISTS', data='null'}
09 Apr 2023 20:40:21,293 INFO  SeventhWeekServerClient.network.rpcprotocol.ServicesRpcProxy$ReaderThread 214 run - response received Response{type='GET_ALL_ARTISTS', data='[Liam Payne, Selena Gomez, Adele , Harry Styles]'}
09 Apr 2023 20:40:21,293 INFO  SeventhWeekServerClient.network.rpcprotocol.ServicesRpcProxy 86 readResponse - Response received: Response{type='GET_ALL_ARTISTS', data='[Liam Payne, Selena Gomez, Adele , Harry Styles]'}
09 Apr 2023 20:40:21,293 INFO  SeventhWeekServerClient.network.rpcprotocol.ServicesRpcProxy 189 getAllArtists - Got artists
09 Apr 2023 20:40:23,926 INFO  SeventhWeekServerClient.network.rpcprotocol.ServicesRpcProxy 75 sendRequest - Request sent: Request{type='LOGOUT', data='Darius Marcu'}
09 Apr 2023 20:40:23,927 INFO  SeventhWeekServerClient.network.rpcprotocol.ServicesRpcProxy$ReaderThread 214 run - response received Response{type='OK', data='null'}
09 Apr 2023 20:40:23,928 INFO  SeventhWeekServerClient.network.rpcprotocol.ServicesRpcProxy 86 readResponse - Response received: Response{type='OK', data='null'}
09 Apr 2023 20:40:23,929 INFO  SeventhWeekServerClient.network.rpcprotocol.ServicesRpcProxy 65 closeConnection - Closed connection
09 Apr 2023 20:40:23,929 INFO  SeventhWeekServerClient.network.rpcprotocol.ServicesRpcProxy 54 logout - Logged out
09 Apr 2023 20:40:23,929 INFO  SeventhWeekServerClient.network.rpcprotocol.ServicesRpcProxy$ReaderThread 226 run - Socket closed: java.net.SocketException: Socket closed
09 Apr 2023 20:43:10,161 INFO  SeventhWeekServerClient.network.rpcprotocol.ServicesRpcProxy 38 <init> - Creating proxy
09 Apr 2023 20:43:18,640 INFO  SeventhWeekServerClient.network.rpcprotocol.ServicesRpcProxy 102 initializeConnection - Connection initialized
09 Apr 2023 20:43:18,648 INFO  SeventhWeekServerClient.network.rpcprotocol.ServicesRpcProxy 75 sendRequest - Request sent: Request{type='LOGIN', data='null null'}
09 Apr 2023 20:43:18,780 INFO  SeventhWeekServerClient.network.rpcprotocol.ServicesRpcProxy$ReaderThread 214 run - response received Response{type='OK', data='Darius Marcu'}
09 Apr 2023 20:43:18,780 INFO  SeventhWeekServerClient.network.rpcprotocol.ServicesRpcProxy 86 readResponse - Response received: Response{type='OK', data='Darius Marcu'}
09 Apr 2023 20:43:18,781 INFO  SeventhWeekServerClient.network.rpcprotocol.ServicesRpcProxy 152 authenticateEmployee - Logged in
09 Apr 2023 20:43:18,922 INFO  SeventhWeekServerClient.network.rpcprotocol.ServicesRpcProxy 75 sendRequest - Request sent: Request{type='GET_ALL_SHOWS', data='null'}
09 Apr 2023 20:43:19,806 INFO  SeventhWeekServerClient.network.rpcprotocol.ServicesRpcProxy$ReaderThread 214 run - response received Response{type='GET_ALL_SHOWS', data='[ShowDTO{title='Harry in Romania', date=2023-07-14, place='Cluj-Napoca', available=3, unavailable=3, idArtist=4}, ShowDTO{title='Harry again', date=2023-11-13, place='Bucuresti', available=2, unavailable=6, idArtist=4}, ShowDTO{title='Adele in Romania', date=2023-05-19, place='Iasi', available=0, unavailable=4, idArtist=3}, ShowDTO{title='Selena Gomez is here', date=2023-09-12, place='Timisoara', available=3, unavailable=1, idArtist=2}, ShowDTO{title='Liam at Cluj', date=2023-12-05, place='Cluj-Napoca', available=9, unavailable=0, idArtist=1}]'}
09 Apr 2023 20:43:19,807 INFO  SeventhWeekServerClient.network.rpcprotocol.ServicesRpcProxy 86 readResponse - Response received: Response{type='GET_ALL_SHOWS', data='[ShowDTO{title='Harry in Romania', date=2023-07-14, place='Cluj-Napoca', available=3, unavailable=3, idArtist=4}, ShowDTO{title='Harry again', date=2023-11-13, place='Bucuresti', available=2, unavailable=6, idArtist=4}, ShowDTO{title='Adele in Romania', date=2023-05-19, place='Iasi', available=0, unavailable=4, idArtist=3}, ShowDTO{title='Selena Gomez is here', date=2023-09-12, place='Timisoara', available=3, unavailable=1, idArtist=2}, ShowDTO{title='Liam at Cluj', date=2023-12-05, place='Cluj-Napoca', available=9, unavailable=0, idArtist=1}]'}
09 Apr 2023 20:43:19,807 INFO  SeventhWeekServerClient.network.rpcprotocol.ServicesRpcProxy 174 getAllShowsDTO - Got shows
09 Apr 2023 20:43:19,807 INFO  SeventhWeekServerClient.network.rpcprotocol.ServicesRpcProxy 75 sendRequest - Request sent: Request{type='GET_ALL_ARTISTS', data='null'}
09 Apr 2023 20:43:20,822 INFO  SeventhWeekServerClient.network.rpcprotocol.ServicesRpcProxy$ReaderThread 214 run - response received Response{type='GET_ALL_ARTISTS', data='[Liam Payne, Selena Gomez, Adele , Harry Styles]'}
09 Apr 2023 20:43:20,822 INFO  SeventhWeekServerClient.network.rpcprotocol.ServicesRpcProxy 86 readResponse - Response received: Response{type='GET_ALL_ARTISTS', data='[Liam Payne, Selena Gomez, Adele , Harry Styles]'}
09 Apr 2023 20:43:20,822 INFO  SeventhWeekServerClient.network.rpcprotocol.ServicesRpcProxy 189 getAllArtists - Got artists
09 Apr 2023 20:43:36,961 INFO  SeventhWeekServerClient.network.rpcprotocol.ServicesRpcProxy 75 sendRequest - Request sent: Request{type='BUY_TICKET', data='Ticket{id=1, idShow=5, nameOfCostumer='Liam fan'}'}
09 Apr 2023 20:43:36,969 INFO  SeventhWeekServerClient.network.rpcprotocol.ServicesRpcProxy$ReaderThread 214 run - response received Response{type='TICKET_SOLD', data='Ticket{id=1, idShow=5, nameOfCostumer='Liam fan'}'}
09 Apr 2023 20:43:36,969 INFO  SeventhWeekServerClient.network.rpcprotocol.ServicesRpcProxy 117 handleUpdate - Ticket sold Ticket{id=1, idShow=5, nameOfCostumer='Liam fan'}
09 Apr 2023 20:43:36,970 INFO  SeventhWeekServerClient.network.rpcprotocol.ServicesRpcProxy$ReaderThread 214 run - response received Response{type='OK', data='Ticket{id=1, idShow=5, nameOfCostumer='Liam fan'}'}
09 Apr 2023 20:43:36,970 INFO  SeventhWeekServerClient.network.rpcprotocol.ServicesRpcProxy 86 readResponse - Response received: Response{type='OK', data='Ticket{id=1, idShow=5, nameOfCostumer='Liam fan'}'}
09 Apr 2023 20:43:36,970 INFO  SeventhWeekServerClient.network.rpcprotocol.ServicesRpcProxy 140 addTickets - Ticket added
09 Apr 2023 20:43:36,970 INFO  SeventhWeekServerClient.network.rpcprotocol.ServicesRpcProxy 75 sendRequest - Request sent: Request{type='BUY_TICKET', data='Ticket{id=1, idShow=5, nameOfCostumer='Liam fan'}'}
09 Apr 2023 20:43:37,981 INFO  SeventhWeekServerClient.network.rpcprotocol.ServicesRpcProxy$ReaderThread 214 run - response received Response{type='TICKET_SOLD', data='Ticket{id=1, idShow=5, nameOfCostumer='Liam fan'}'}
09 Apr 2023 20:43:37,982 INFO  SeventhWeekServerClient.network.rpcprotocol.ServicesRpcProxy 117 handleUpdate - Ticket sold Ticket{id=1, idShow=5, nameOfCostumer='Liam fan'}
09 Apr 2023 20:43:37,982 INFO  SeventhWeekServerClient.network.rpcprotocol.ServicesRpcProxy$ReaderThread 214 run - response received Response{type='OK', data='Ticket{id=1, idShow=5, nameOfCostumer='Liam fan'}'}
09 Apr 2023 20:43:37,982 INFO  SeventhWeekServerClient.network.rpcprotocol.ServicesRpcProxy 86 readResponse - Response received: Response{type='OK', data='Ticket{id=1, idShow=5, nameOfCostumer='Liam fan'}'}
09 Apr 2023 20:43:37,982 INFO  SeventhWeekServerClient.network.rpcprotocol.ServicesRpcProxy 140 addTickets - Ticket added
09 Apr 2023 20:43:37,982 INFO  SeventhWeekServerClient.network.rpcprotocol.ServicesRpcProxy 75 sendRequest - Request sent: Request{type='BUY_TICKET', data='Ticket{id=1, idShow=5, nameOfCostumer='Liam fan'}'}
09 Apr 2023 20:43:38,995 INFO  SeventhWeekServerClient.network.rpcprotocol.ServicesRpcProxy$ReaderThread 214 run - response received Response{type='TICKET_SOLD', data='Ticket{id=1, idShow=5, nameOfCostumer='Liam fan'}'}
09 Apr 2023 20:43:38,995 INFO  SeventhWeekServerClient.network.rpcprotocol.ServicesRpcProxy 117 handleUpdate - Ticket sold Ticket{id=1, idShow=5, nameOfCostumer='Liam fan'}
09 Apr 2023 20:43:38,995 INFO  SeventhWeekServerClient.network.rpcprotocol.ServicesRpcProxy$ReaderThread 214 run - response received Response{type='OK', data='Ticket{id=1, idShow=5, nameOfCostumer='Liam fan'}'}
09 Apr 2023 20:43:38,996 INFO  SeventhWeekServerClient.network.rpcprotocol.ServicesRpcProxy 86 readResponse - Response received: Response{type='OK', data='Ticket{id=1, idShow=5, nameOfCostumer='Liam fan'}'}
09 Apr 2023 20:43:38,996 INFO  SeventhWeekServerClient.network.rpcprotocol.ServicesRpcProxy 140 addTickets - Ticket added
09 Apr 2023 20:43:39,001 INFO  SeventhWeekServerClient.network.rpcprotocol.ServicesRpcProxy 75 sendRequest - Request sent: Request{type='GET_ALL_SHOWS', data='null'}
09 Apr 2023 20:43:40,006 INFO  SeventhWeekServerClient.network.rpcprotocol.ServicesRpcProxy$ReaderThread 214 run - response received Response{type='GET_ALL_SHOWS', data='[ShowDTO{title='Harry in Romania', date=2023-07-14, place='Cluj-Napoca', available=3, unavailable=3, idArtist=4}, ShowDTO{title='Harry again', date=2023-11-13, place='Bucuresti', available=2, unavailable=6, idArtist=4}, ShowDTO{title='Adele in Romania', date=2023-05-19, place='Iasi', available=0, unavailable=4, idArtist=3}, ShowDTO{title='Selena Gomez is here', date=2023-09-12, place='Timisoara', available=3, unavailable=1, idArtist=2}, ShowDTO{title='Liam at Cluj', date=2023-12-05, place='Cluj-Napoca', available=6, unavailable=3, idArtist=1}]'}
09 Apr 2023 20:43:40,007 INFO  SeventhWeekServerClient.network.rpcprotocol.ServicesRpcProxy 86 readResponse - Response received: Response{type='GET_ALL_SHOWS', data='[ShowDTO{title='Harry in Romania', date=2023-07-14, place='Cluj-Napoca', available=3, unavailable=3, idArtist=4}, ShowDTO{title='Harry again', date=2023-11-13, place='Bucuresti', available=2, unavailable=6, idArtist=4}, ShowDTO{title='Adele in Romania', date=2023-05-19, place='Iasi', available=0, unavailable=4, idArtist=3}, ShowDTO{title='Selena Gomez is here', date=2023-09-12, place='Timisoara', available=3, unavailable=1, idArtist=2}, ShowDTO{title='Liam at Cluj', date=2023-12-05, place='Cluj-Napoca', available=6, unavailable=3, idArtist=1}]'}
09 Apr 2023 20:43:40,007 INFO  SeventhWeekServerClient.network.rpcprotocol.ServicesRpcProxy 174 getAllShowsDTO - Got shows
09 Apr 2023 20:43:40,038 INFO  SeventhWeekServerClient.network.rpcprotocol.ServicesRpcProxy 75 sendRequest - Request sent: Request{type='GET_ALL_SHOWS', data='null'}
09 Apr 2023 20:43:41,022 INFO  SeventhWeekServerClient.network.rpcprotocol.ServicesRpcProxy$ReaderThread 214 run - response received Response{type='GET_ALL_SHOWS', data='[ShowDTO{title='Harry in Romania', date=2023-07-14, place='Cluj-Napoca', available=3, unavailable=3, idArtist=4}, ShowDTO{title='Harry again', date=2023-11-13, place='Bucuresti', available=2, unavailable=6, idArtist=4}, ShowDTO{title='Adele in Romania', date=2023-05-19, place='Iasi', available=0, unavailable=4, idArtist=3}, ShowDTO{title='Selena Gomez is here', date=2023-09-12, place='Timisoara', available=3, unavailable=1, idArtist=2}, ShowDTO{title='Liam at Cluj', date=2023-12-05, place='Cluj-Napoca', available=6, unavailable=3, idArtist=1}]'}
09 Apr 2023 20:43:41,022 INFO  SeventhWeekServerClient.network.rpcprotocol.ServicesRpcProxy 86 readResponse - Response received: Response{type='GET_ALL_SHOWS', data='[ShowDTO{title='Harry in Romania', date=2023-07-14, place='Cluj-Napoca', available=3, unavailable=3, idArtist=4}, ShowDTO{title='Harry again', date=2023-11-13, place='Bucuresti', available=2, unavailable=6, idArtist=4}, ShowDTO{title='Adele in Romania', date=2023-05-19, place='Iasi', available=0, unavailable=4, idArtist=3}, ShowDTO{title='Selena Gomez is here', date=2023-09-12, place='Timisoara', available=3, unavailable=1, idArtist=2}, ShowDTO{title='Liam at Cluj', date=2023-12-05, place='Cluj-Napoca', available=6, unavailable=3, idArtist=1}]'}
09 Apr 2023 20:43:41,023 INFO  SeventhWeekServerClient.network.rpcprotocol.ServicesRpcProxy 174 getAllShowsDTO - Got shows
09 Apr 2023 20:43:41,023 INFO  SeventhWeekServerClient.network.rpcprotocol.ServicesRpcProxy 75 sendRequest - Request sent: Request{type='GET_ALL_SHOWS', data='null'}
09 Apr 2023 20:43:42,030 INFO  SeventhWeekServerClient.network.rpcprotocol.ServicesRpcProxy$ReaderThread 214 run - response received Response{type='GET_ALL_SHOWS', data='[ShowDTO{title='Harry in Romania', date=2023-07-14, place='Cluj-Napoca', available=3, unavailable=3, idArtist=4}, ShowDTO{title='Harry again', date=2023-11-13, place='Bucuresti', available=2, unavailable=6, idArtist=4}, ShowDTO{title='Adele in Romania', date=2023-05-19, place='Iasi', available=0, unavailable=4, idArtist=3}, ShowDTO{title='Selena Gomez is here', date=2023-09-12, place='Timisoara', available=3, unavailable=1, idArtist=2}, ShowDTO{title='Liam at Cluj', date=2023-12-05, place='Cluj-Napoca', available=6, unavailable=3, idArtist=1}]'}
09 Apr 2023 20:43:42,031 INFO  SeventhWeekServerClient.network.rpcprotocol.ServicesRpcProxy 86 readResponse - Response received: Response{type='GET_ALL_SHOWS', data='[ShowDTO{title='Harry in Romania', date=2023-07-14, place='Cluj-Napoca', available=3, unavailable=3, idArtist=4}, ShowDTO{title='Harry again', date=2023-11-13, place='Bucuresti', available=2, unavailable=6, idArtist=4}, ShowDTO{title='Adele in Romania', date=2023-05-19, place='Iasi', available=0, unavailable=4, idArtist=3}, ShowDTO{title='Selena Gomez is here', date=2023-09-12, place='Timisoara', available=3, unavailable=1, idArtist=2}, ShowDTO{title='Liam at Cluj', date=2023-12-05, place='Cluj-Napoca', available=6, unavailable=3, idArtist=1}]'}
09 Apr 2023 20:43:42,031 INFO  SeventhWeekServerClient.network.rpcprotocol.ServicesRpcProxy 174 getAllShowsDTO - Got shows
09 Apr 2023 20:43:46,707 INFO  SeventhWeekServerClient.network.rpcprotocol.ServicesRpcProxy 75 sendRequest - Request sent: Request{type='LOGOUT', data='Darius Marcu'}
09 Apr 2023 20:43:46,709 INFO  SeventhWeekServerClient.network.rpcprotocol.ServicesRpcProxy$ReaderThread 214 run - response received Response{type='OK', data='null'}
09 Apr 2023 20:43:46,709 INFO  SeventhWeekServerClient.network.rpcprotocol.ServicesRpcProxy 86 readResponse - Response received: Response{type='OK', data='null'}
09 Apr 2023 20:43:46,710 INFO  SeventhWeekServerClient.network.rpcprotocol.ServicesRpcProxy 65 closeConnection - Closed connection
09 Apr 2023 20:43:46,710 INFO  SeventhWeekServerClient.network.rpcprotocol.ServicesRpcProxy 54 logout - Logged out
09 Apr 2023 20:43:46,711 INFO  SeventhWeekServerClient.network.rpcprotocol.ServicesRpcProxy$ReaderThread 226 run - Socket closed: java.net.SocketException: Socket closed
